2024-11-06 17:38:56.035 [info] Using settings sync service https://vscode-sync.trafficmanager.net/
2024-11-06 17:38:56.035 [info] Auto Sync is enabled.
2024-11-06 17:38:56.035 [info] Auto Sync: Suspended until auth token is available.
2024-11-06 17:39:02.151 [info] Auto Sync: Triggered by Interval
2024-11-06 17:39:02.152 [info] Sync started.
2024-11-06 17:39:03.174 [info] Settings: No changes found during synchronizing settings.
2024-11-06 17:39:03.193 [info] Keybindings: No changes found during synchronizing keybindings.
2024-11-06 17:39:03.200 [info] Snippets: No changes found during synchronizing snippets.
2024-11-06 17:39:03.204 [info] Tasks: No changes found during synchronizing tasks.
2024-11-06 17:39:03.563 [info] GlobalState: Updated remote ui state. Updated: workbench.activityBar.location.
2024-11-06 17:39:03.573 [info] GlobalState: Updated last synchronized ui state
2024-11-06 17:39:03.950 [info] Extensions: Updated remote extensions. Updated: ["eamodio.gitlens"].
2024-11-06 17:39:03.956 [info] Extensions: Updated last synchronized extensions. Skipped: ["undefined_publisher.wallbash"].
2024-11-06 17:39:03.961 [info] Profiles: No changes found during synchronizing profiles.
2024-11-06 17:39:03.965 [info] Sync done. Took 1815ms
2024-11-06 17:39:52.835 [info] Auto Sync: Triggered by Activity
2024-11-06 17:39:52.836 [info] Sync started.
2024-11-06 17:39:53.037 [info] Settings: No changes found during synchronizing settings.
2024-11-06 17:39:53.049 [info] Keybindings: No changes found during synchronizing keybindings.
2024-11-06 17:39:53.060 [info] Snippets: No changes found during synchronizing snippets.
2024-11-06 17:39:53.068 [info] Tasks: No changes found during synchronizing tasks.
2024-11-06 17:39:53.080 [info] GlobalState: No changes found during synchronizing ui state.
2024-11-06 17:39:53.407 [info] Extensions: No changes found during synchronizing extensions.
2024-11-06 17:39:53.415 [info] Profiles: No changes found during synchronizing profiles.
2024-11-06 17:39:53.418 [info] Sync done. Took 585ms
2024-11-06 17:41:47.378 [info] Auto Sync: Triggered by Activity
2024-11-06 17:41:47.379 [info] Sync started.
2024-11-06 17:41:47.624 [info] Settings: No changes found during synchronizing settings.
2024-11-06 17:41:47.636 [info] Keybindings: No changes found during synchronizing keybindings.
2024-11-06 17:41:47.646 [info] Snippets: No changes found during synchronizing snippets.
2024-11-06 17:41:47.656 [info] Tasks: No changes found during synchronizing tasks.
2024-11-06 17:41:47.669 [info] GlobalState: No changes found during synchronizing ui state.
2024-11-06 17:41:47.981 [info] Extensions: No changes found during synchronizing extensions.
2024-11-06 17:41:47.983 [info] Profiles: No changes found during synchronizing profiles.
2024-11-06 17:41:47.986 [info] Sync done. Took 610ms
2024-11-06 17:42:02.769 [info] Auto Sync: Triggered by Activity
2024-11-06 17:42:02.770 [info] Sync started.
2024-11-06 17:42:02.990 [info] Settings: No changes found during synchronizing settings.
2024-11-06 17:42:02.999 [info] Keybindings: No changes found during synchronizing keybindings.
2024-11-06 17:42:03.008 [info] Snippets: No changes found during synchronizing snippets.
2024-11-06 17:42:03.016 [info] Tasks: No changes found during synchronizing tasks.
2024-11-06 17:42:03.027 [info] GlobalState: No changes found during synchronizing ui state.
2024-11-06 17:42:03.186 [info] Extensions: No changes found during synchronizing extensions.
2024-11-06 17:42:03.188 [info] Profiles: No changes found during synchronizing profiles.
2024-11-06 17:42:03.189 [info] Sync done. Took 422ms
2024-11-06 17:42:54.272 [info] Auto Sync: Triggered by Activity
2024-11-06 17:42:54.273 [info] Sync started.
2024-11-06 17:42:54.492 [info] Settings: No changes found during synchronizing settings.
2024-11-06 17:42:54.501 [info] Keybindings: No changes found during synchronizing keybindings.
2024-11-06 17:42:54.511 [info] Snippets: No changes found during synchronizing snippets.
2024-11-06 17:42:54.519 [info] Tasks: No changes found during synchronizing tasks.
2024-11-06 17:42:54.530 [info] GlobalState: No changes found during synchronizing ui state.
2024-11-06 17:42:54.693 [info] Extensions: No changes found during synchronizing extensions.
2024-11-06 17:42:54.694 [info] Profiles: No changes found during synchronizing profiles.
2024-11-06 17:42:54.696 [info] Sync done. Took 426ms
2024-11-06 17:43:22.474 [info] Auto Sync: Triggered by Activity
2024-11-06 17:43:22.475 [info] Sync started.
2024-11-06 17:43:22.654 [info] Settings: No changes found during synchronizing settings.
2024-11-06 17:43:22.664 [info] Keybindings: No changes found during synchronizing keybindings.
2024-11-06 17:43:22.678 [info] Snippets: No changes found during synchronizing snippets.
2024-11-06 17:43:22.686 [info] Tasks: No changes found during synchronizing tasks.
2024-11-06 17:43:22.696 [info] GlobalState: No changes found during synchronizing ui state.
2024-11-06 17:43:22.877 [info] Extensions: No changes found during synchronizing extensions.
2024-11-06 17:43:22.878 [info] Profiles: No changes found during synchronizing profiles.
2024-11-06 17:43:22.880 [info] Sync done. Took 407ms
2024-11-06 17:43:54.339 [info] Auto Sync: Triggered by Activity
2024-11-06 17:43:54.340 [info] Sync started.
2024-11-06 17:43:54.600 [info] Settings: No changes found during synchronizing settings.
2024-11-06 17:43:54.610 [info] Keybindings: No changes found during synchronizing keybindings.
2024-11-06 17:43:54.620 [info] Snippets: No changes found during synchronizing snippets.
2024-11-06 17:43:54.629 [info] Tasks: No changes found during synchronizing tasks.
2024-11-06 17:43:54.638 [info] GlobalState: No changes found during synchronizing ui state.
2024-11-06 17:43:54.780 [info] Extensions: No changes found during synchronizing extensions.
2024-11-06 17:43:54.781 [info] Profiles: No changes found during synchronizing profiles.
2024-11-06 17:43:54.782 [info] Sync done. Took 447ms
2024-11-06 17:44:07.807 [info] Auto Sync: Triggered by Activity
2024-11-06 17:44:07.808 [info] Sync started.
2024-11-06 17:44:08.013 [info] Settings: No changes found during synchronizing settings.
2024-11-06 17:44:08.023 [info] Keybindings: No changes found during synchronizing keybindings.
2024-11-06 17:44:08.032 [info] Snippets: No changes found during synchronizing snippets.
2024-11-06 17:44:08.040 [info] Tasks: No changes found during synchronizing tasks.
2024-11-06 17:44:08.053 [info] GlobalState: No changes found during synchronizing ui state.
2024-11-06 17:44:08.311 [info] Extensions: No changes found during synchronizing extensions.
2024-11-06 17:44:08.315 [info] Profiles: No changes found during synchronizing profiles.
2024-11-06 17:44:08.320 [info] Sync done. Took 515ms
2024-11-06 17:44:26.454 [info] Auto Sync: Triggered by Activity
2024-11-06 17:44:26.455 [info] Sync started.
2024-11-06 17:44:26.654 [info] Settings: No changes found during synchronizing settings.
2024-11-06 17:44:26.664 [info] Keybindings: No changes found during synchronizing keybindings.
2024-11-06 17:44:26.674 [info] Snippets: No changes found during synchronizing snippets.
2024-11-06 17:44:26.682 [info] Tasks: No changes found during synchronizing tasks.
2024-11-06 17:44:26.693 [info] GlobalState: No changes found during synchronizing ui state.
2024-11-06 17:44:26.850 [info] Extensions: No changes found during synchronizing extensions.
2024-11-06 17:44:26.851 [info] Profiles: No changes found during synchronizing profiles.
2024-11-06 17:44:26.853 [info] Sync done. Took 403ms
2024-11-06 17:45:49.702 [info] Auto Sync: Triggered by Activity
2024-11-06 17:45:49.703 [info] Sync started.
2024-11-06 17:45:49.909 [info] Settings: No changes found during synchronizing settings.
2024-11-06 17:45:49.921 [info] Keybindings: No changes found during synchronizing keybindings.
2024-11-06 17:45:49.931 [info] Snippets: No changes found during synchronizing snippets.
2024-11-06 17:45:49.939 [info] Tasks: No changes found during synchronizing tasks.
2024-11-06 17:45:49.949 [info] GlobalState: No changes found during synchronizing ui state.
2024-11-06 17:45:50.179 [info] Extensions: No changes found during synchronizing extensions.
2024-11-06 17:45:50.183 [info] Profiles: No changes found during synchronizing profiles.
2024-11-06 17:45:50.188 [info] Sync done. Took 488ms
2024-11-06 17:47:07.340 [info] Auto Sync: Triggered by Activity
2024-11-06 17:47:07.341 [info] Sync started.
2024-11-06 17:47:07.527 [info] Settings: No changes found during synchronizing settings.
2024-11-06 17:47:07.536 [info] Keybindings: No changes found during synchronizing keybindings.
2024-11-06 17:47:07.545 [info] Snippets: No changes found during synchronizing snippets.
2024-11-06 17:47:07.552 [info] Tasks: No changes found during synchronizing tasks.
2024-11-06 17:47:07.563 [info] GlobalState: No changes found during synchronizing ui state.
2024-11-06 17:47:07.699 [info] Extensions: No changes found during synchronizing extensions.
2024-11-06 17:47:07.700 [info] Profiles: No changes found during synchronizing profiles.
2024-11-06 17:47:07.702 [info] Sync done. Took 366ms
2024-11-06 17:48:04.725 [info] Auto Sync: Triggered by Activity
2024-11-06 17:48:04.726 [info] Sync started.
2024-11-06 17:48:04.980 [info] Settings: No changes found during synchronizing settings.
2024-11-06 17:48:04.992 [info] Keybindings: No changes found during synchronizing keybindings.
2024-11-06 17:48:05.003 [info] Snippets: No changes found during synchronizing snippets.
2024-11-06 17:48:05.012 [info] Tasks: No changes found during synchronizing tasks.
2024-11-06 17:48:05.023 [info] GlobalState: No changes found during synchronizing ui state.
2024-11-06 17:48:05.328 [info] Extensions: No changes found during synchronizing extensions.
2024-11-06 17:48:05.341 [info] Profiles: No changes found during synchronizing profiles.
2024-11-06 17:48:05.345 [info] Sync done. Took 621ms
2024-11-06 17:50:20.820 [info] Auto Sync: Triggered by Activity
2024-11-06 17:50:20.821 [info] Sync started.
2024-11-06 17:50:21.682 [info] Settings: No changes found during synchronizing settings.
2024-11-06 17:50:21.691 [info] Keybindings: No changes found during synchronizing keybindings.
2024-11-06 17:50:21.700 [info] Snippets: No changes found during synchronizing snippets.
2024-11-06 17:50:21.707 [info] Tasks: No changes found during synchronizing tasks.
2024-11-06 17:50:21.719 [info] GlobalState: No changes found during synchronizing ui state.
2024-11-06 17:50:21.902 [info] Extensions: No changes found during synchronizing extensions.
2024-11-06 17:50:21.904 [info] Profiles: No changes found during synchronizing profiles.
2024-11-06 17:50:21.905 [info] Sync done. Took 1087ms
2024-11-06 17:50:41.472 [info] Auto Sync: Triggered by Activity
2024-11-06 17:50:41.473 [info] Sync started.
2024-11-06 17:50:41.751 [info] Settings: No changes found during synchronizing settings.
2024-11-06 17:50:41.760 [info] Keybindings: No changes found during synchronizing keybindings.
2024-11-06 17:50:41.768 [info] Snippets: No changes found during synchronizing snippets.
2024-11-06 17:50:41.775 [info] Tasks: No changes found during synchronizing tasks.
2024-11-06 17:50:41.785 [info] GlobalState: No changes found during synchronizing ui state.
2024-11-06 17:50:41.976 [info] Extensions: No changes found during synchronizing extensions.
2024-11-06 17:50:41.978 [info] Profiles: No changes found during synchronizing profiles.
2024-11-06 17:50:41.979 [info] Sync done. Took 509ms
2024-11-06 17:51:11.430 [info] Auto Sync: Triggered by Activity
2024-11-06 17:51:11.431 [info] Sync started.
2024-11-06 17:51:11.656 [info] Settings: No changes found during synchronizing settings.
2024-11-06 17:51:11.666 [info] Keybindings: No changes found during synchronizing keybindings.
2024-11-06 17:51:11.675 [info] Snippets: No changes found during synchronizing snippets.
2024-11-06 17:51:11.682 [info] Tasks: No changes found during synchronizing tasks.
2024-11-06 17:51:11.693 [info] GlobalState: No changes found during synchronizing ui state.
2024-11-06 17:51:11.852 [info] Extensions: No changes found during synchronizing extensions.
2024-11-06 17:51:11.854 [info] Profiles: No changes found during synchronizing profiles.
2024-11-06 17:51:11.855 [info] Sync done. Took 427ms
2024-11-06 17:53:43.105 [info] Auto Sync: Triggered by Activity
2024-11-06 17:53:43.106 [info] Sync started.
2024-11-06 17:53:43.922 [info] Settings: No changes found during synchronizing settings.
2024-11-06 17:53:43.933 [info] Keybindings: No changes found during synchronizing keybindings.
2024-11-06 17:53:43.941 [info] Snippets: No changes found during synchronizing snippets.
2024-11-06 17:53:43.949 [info] Tasks: No changes found during synchronizing tasks.
2024-11-06 17:53:43.959 [info] GlobalState: No changes found during synchronizing ui state.
2024-11-06 17:53:44.324 [info] Extensions: No changes found during synchronizing extensions.
2024-11-06 17:53:44.326 [info] Profiles: No changes found during synchronizing profiles.
2024-11-06 17:53:44.326 [info] Sync done. Took 1214ms
2024-11-06 17:58:44.331 [info] Auto Sync: Triggered by Interval
2024-11-06 17:58:44.332 [info] Sync started.
2024-11-06 17:58:45.192 [info] Settings: No changes found during synchronizing settings.
2024-11-06 17:58:45.200 [info] Keybindings: No changes found during synchronizing keybindings.
2024-11-06 17:58:45.209 [info] Snippets: No changes found during synchronizing snippets.
2024-11-06 17:58:45.216 [info] Tasks: No changes found during synchronizing tasks.
2024-11-06 17:58:45.228 [info] GlobalState: No changes found during synchronizing ui state.
2024-11-06 17:58:45.440 [info] Extensions: No changes found during synchronizing extensions.
2024-11-06 17:58:45.441 [info] Profiles: No changes found during synchronizing profiles.
2024-11-06 17:58:45.443 [info] Sync done. Took 1115ms
2024-11-06 18:03:45.496 [info] Auto Sync: Triggered by Interval
2024-11-06 18:03:45.497 [info] Sync started.
2024-11-06 18:03:46.355 [info] Settings: No changes found during synchronizing settings.
2024-11-06 18:03:46.363 [info] Keybindings: No changes found during synchronizing keybindings.
2024-11-06 18:03:46.372 [info] Snippets: No changes found during synchronizing snippets.
2024-11-06 18:03:46.384 [info] Tasks: No changes found during synchronizing tasks.
2024-11-06 18:03:46.394 [info] GlobalState: No changes found during synchronizing ui state.
2024-11-06 18:03:46.547 [info] Extensions: No changes found during synchronizing extensions.
2024-11-06 18:03:46.549 [info] Profiles: No changes found during synchronizing profiles.
2024-11-06 18:03:46.551 [info] Sync done. Took 1057ms
2024-11-06 18:08:46.599 [info] Auto Sync: Triggered by Interval
2024-11-06 18:08:46.600 [info] Sync started.
2024-11-06 18:08:47.423 [info] Settings: No changes found during synchronizing settings.
2024-11-06 18:08:47.435 [info] Keybindings: No changes found during synchronizing keybindings.
2024-11-06 18:08:47.444 [info] Snippets: No changes found during synchronizing snippets.
2024-11-06 18:08:47.458 [info] Tasks: No changes found during synchronizing tasks.
2024-11-06 18:08:47.469 [info] GlobalState: No changes found during synchronizing ui state.
2024-11-06 18:08:47.634 [info] Extensions: No changes found during synchronizing extensions.
2024-11-06 18:08:47.639 [info] Profiles: No changes found during synchronizing profiles.
2024-11-06 18:08:47.641 [info] Sync done. Took 1044ms
2024-11-06 18:13:47.696 [info] Auto Sync: Triggered by Interval
2024-11-06 18:13:47.697 [info] Sync started.
2024-11-06 18:13:48.588 [info] Settings: No changes found during synchronizing settings.
2024-11-06 18:13:48.597 [info] Keybindings: No changes found during synchronizing keybindings.
2024-11-06 18:13:48.606 [info] Snippets: No changes found during synchronizing snippets.
2024-11-06 18:13:48.613 [info] Tasks: No changes found during synchronizing tasks.
2024-11-06 18:13:48.623 [info] GlobalState: No changes found during synchronizing ui state.
2024-11-06 18:13:48.813 [info] Extensions: No changes found during synchronizing extensions.
2024-11-06 18:13:48.815 [info] Profiles: No changes found during synchronizing profiles.
2024-11-06 18:13:48.816 [info] Sync done. Took 1123ms
2024-11-06 18:17:03.847 [info] Auto Sync: Triggered by Activity
2024-11-06 18:17:03.848 [info] Sync started.
2024-11-06 18:17:04.581 [info] Settings: No changes found during synchronizing settings.
2024-11-06 18:17:04.589 [info] Keybindings: No changes found during synchronizing keybindings.
2024-11-06 18:17:04.603 [info] Snippets: No changes found during synchronizing snippets.
2024-11-06 18:17:04.611 [info] Tasks: No changes found during synchronizing tasks.
2024-11-06 18:17:04.623 [info] GlobalState: No changes found during synchronizing ui state.
2024-11-06 18:17:04.788 [info] Extensions: No changes found during synchronizing extensions.
2024-11-06 18:17:04.790 [info] Profiles: No changes found during synchronizing profiles.
2024-11-06 18:17:04.791 [info] Sync done. Took 946ms
2024-11-06 18:18:39.737 [info] Auto Sync: Triggered by Activity
2024-11-06 18:18:39.738 [info] Sync started.
2024-11-06 18:18:39.919 [info] Settings: No changes found during synchronizing settings.
2024-11-06 18:18:39.927 [info] Keybindings: No changes found during synchronizing keybindings.
2024-11-06 18:18:39.935 [info] Snippets: No changes found during synchronizing snippets.
2024-11-06 18:18:39.943 [info] Tasks: No changes found during synchronizing tasks.
2024-11-06 18:18:39.954 [info] GlobalState: No changes found during synchronizing ui state.
2024-11-06 18:18:40.109 [info] Extensions: No changes found during synchronizing extensions.
2024-11-06 18:18:40.111 [info] Profiles: No changes found during synchronizing profiles.
2024-11-06 18:18:40.113 [info] Sync done. Took 380ms
2024-11-06 18:18:56.167 [info] Auto Sync: Triggered by Activity
2024-11-06 18:18:56.167 [info] Sync started.
2024-11-06 18:18:56.318 [info] Settings: No changes found during synchronizing settings.
2024-11-06 18:18:56.321 [info] Keybindings: No changes found during synchronizing keybindings.
2024-11-06 18:18:56.324 [info] Snippets: No changes found during synchronizing snippets.
2024-11-06 18:18:56.327 [info] Tasks: No changes found during synchronizing tasks.
2024-11-06 18:18:56.330 [info] GlobalState: No changes found during synchronizing ui state.
2024-11-06 18:18:56.428 [info] Extensions: No changes found during synchronizing extensions.
2024-11-06 18:18:56.429 [info] Profiles: No changes found during synchronizing profiles.
2024-11-06 18:18:56.431 [info] Sync done. Took 265ms
2024-11-06 18:22:03.829 [info] Auto Sync: Triggered by Activity
2024-11-06 18:22:03.829 [info] Sync started.
2024-11-06 18:22:04.442 [info] Settings: No changes found during synchronizing settings.
2024-11-06 18:22:04.451 [info] Keybindings: No changes found during synchronizing keybindings.
2024-11-06 18:22:04.459 [info] Snippets: No changes found during synchronizing snippets.
2024-11-06 18:22:04.465 [info] Tasks: No changes found during synchronizing tasks.
2024-11-06 18:22:04.471 [info] GlobalState: No changes found during synchronizing ui state.
2024-11-06 18:22:04.537 [info] Extensions: No changes found during synchronizing extensions.
2024-11-06 18:22:04.538 [info] Profiles: No changes found during synchronizing profiles.
2024-11-06 18:22:04.539 [info] Sync done. Took 711ms
2024-11-06 18:27:04.550 [info] Auto Sync: Triggered by Interval
2024-11-06 18:27:04.551 [info] Sync started.
2024-11-06 18:27:05.154 [info] Settings: No changes found during synchronizing settings.
2024-11-06 18:27:05.162 [info] Keybindings: No changes found during synchronizing keybindings.
2024-11-06 18:27:05.172 [info] Snippets: No changes found during synchronizing snippets.
2024-11-06 18:27:05.183 [info] Tasks: No changes found during synchronizing tasks.
2024-11-06 18:27:05.193 [info] GlobalState: No changes found during synchronizing ui state.
2024-11-06 18:27:05.257 [info] Extensions: No changes found during synchronizing extensions.
2024-11-06 18:27:05.258 [info] Profiles: No changes found during synchronizing profiles.
2024-11-06 18:27:05.259 [info] Sync done. Took 713ms
2024-11-06 18:31:38.465 [info] Auto Sync: Triggered by Activity
2024-11-06 18:31:38.466 [info] Sync started.
2024-11-06 18:31:39.122 [info] Settings: No changes found during synchronizing settings.
2024-11-06 18:31:39.130 [info] Keybindings: No changes found during synchronizing keybindings.
2024-11-06 18:31:39.138 [info] Snippets: No changes found during synchronizing snippets.
2024-11-06 18:31:39.151 [info] Tasks: No changes found during synchronizing tasks.
2024-11-06 18:31:39.161 [info] GlobalState: No changes found during synchronizing ui state.
2024-11-06 18:31:39.236 [info] Extensions: No changes found during synchronizing extensions.
2024-11-06 18:31:39.238 [info] Profiles: No changes found during synchronizing profiles.
2024-11-06 18:31:39.239 [info] Sync done. Took 777ms
2024-11-06 18:32:16.146 [info] Auto Sync: Triggered by Activity
2024-11-06 18:32:16.147 [info] Sync started.
2024-11-06 18:32:16.299 [info] Settings: No changes found during synchronizing settings.
2024-11-06 18:32:16.303 [info] Keybindings: No changes found during synchronizing keybindings.
2024-11-06 18:32:16.307 [info] Snippets: No changes found during synchronizing snippets.
2024-11-06 18:32:16.310 [info] Tasks: No changes found during synchronizing tasks.
2024-11-06 18:32:16.315 [info] GlobalState: No changes found during synchronizing ui state.
2024-11-06 18:32:16.395 [info] Extensions: No changes found during synchronizing extensions.
2024-11-06 18:32:16.397 [info] Profiles: No changes found during synchronizing profiles.
2024-11-06 18:32:16.398 [info] Sync done. Took 252ms
2024-11-06 18:34:09.009 [info] Auto Sync: Triggered by Activity
2024-11-06 18:34:09.010 [info] Sync started.
2024-11-06 18:34:09.166 [info] Settings: No changes found during synchronizing settings.
2024-11-06 18:34:09.169 [info] Keybindings: No changes found during synchronizing keybindings.
2024-11-06 18:34:09.172 [info] Snippets: No changes found during synchronizing snippets.
2024-11-06 18:34:09.174 [info] Tasks: No changes found during synchronizing tasks.
2024-11-06 18:34:09.176 [info] GlobalState: No changes found during synchronizing ui state.
2024-11-06 18:34:09.237 [info] Extensions: No changes found during synchronizing extensions.
2024-11-06 18:34:09.238 [info] Profiles: No changes found during synchronizing profiles.
2024-11-06 18:34:09.239 [info] Sync done. Took 234ms
2024-11-06 18:35:09.313 [info] Auto Sync: Triggered by Activity
2024-11-06 18:35:09.314 [info] Sync started.
2024-11-06 18:35:09.466 [info] Settings: No changes found during synchronizing settings.
2024-11-06 18:35:09.470 [info] Keybindings: No changes found during synchronizing keybindings.
2024-11-06 18:35:09.475 [info] Snippets: No changes found during synchronizing snippets.
2024-11-06 18:35:09.478 [info] Tasks: No changes found during synchronizing tasks.
2024-11-06 18:35:09.485 [info] GlobalState: No changes found during synchronizing ui state.
2024-11-06 18:35:09.548 [info] Extensions: No changes found during synchronizing extensions.
2024-11-06 18:35:09.549 [info] Profiles: No changes found during synchronizing profiles.
2024-11-06 18:35:09.550 [info] Sync done. Took 240ms
2024-11-06 18:36:54.072 [info] Auto Sync: Triggered by Activity
2024-11-06 18:36:54.073 [info] Sync started.
2024-11-06 18:36:54.240 [info] Settings: No changes found during synchronizing settings.
2024-11-06 18:36:54.248 [info] Keybindings: No changes found during synchronizing keybindings.
2024-11-06 18:36:54.256 [info] Snippets: No changes found during synchronizing snippets.
2024-11-06 18:36:54.263 [info] Tasks: No changes found during synchronizing tasks.
2024-11-06 18:36:54.271 [info] GlobalState: No changes found during synchronizing ui state.
2024-11-06 18:36:54.342 [info] Extensions: No changes found during synchronizing extensions.
2024-11-06 18:36:54.343 [info] Profiles: No changes found during synchronizing profiles.
2024-11-06 18:36:54.344 [info] Sync done. Took 277ms
2024-11-06 18:37:32.338 [info] Auto Sync: Triggered by Activity
2024-11-06 18:37:32.339 [info] Sync started.
2024-11-06 18:37:32.501 [info] Settings: No changes found during synchronizing settings.
2024-11-06 18:37:32.510 [info] Keybindings: No changes found during synchronizing keybindings.
2024-11-06 18:37:32.518 [info] Snippets: No changes found during synchronizing snippets.
2024-11-06 18:37:32.522 [info] Tasks: No changes found during synchronizing tasks.
2024-11-06 18:37:32.527 [info] GlobalState: No changes found during synchronizing ui state.
2024-11-06 18:37:32.590 [info] Extensions: No changes found during synchronizing extensions.
2024-11-06 18:37:32.591 [info] Profiles: No changes found during synchronizing profiles.
2024-11-06 18:37:32.592 [info] Sync done. Took 257ms
2024-11-06 18:41:31.987 [info] Auto Sync: Triggered by Activity
2024-11-06 18:41:31.988 [info] Sync started.
2024-11-06 18:41:32.594 [info] Settings: No changes found during synchronizing settings.
2024-11-06 18:41:32.601 [info] Keybindings: No changes found during synchronizing keybindings.
2024-11-06 18:41:32.609 [info] Snippets: No changes found during synchronizing snippets.
2024-11-06 18:41:32.616 [info] Tasks: No changes found during synchronizing tasks.
2024-11-06 18:41:32.627 [info] GlobalState: No changes found during synchronizing ui state.
2024-11-06 18:41:32.701 [info] Extensions: No changes found during synchronizing extensions.
2024-11-06 18:41:32.702 [info] Profiles: No changes found during synchronizing profiles.
2024-11-06 18:41:32.703 [info] Sync done. Took 717ms
2024-11-06 18:46:32.738 [info] Auto Sync: Triggered by Interval
2024-11-06 18:46:32.739 [info] Sync started.
2024-11-06 18:46:33.367 [info] Settings: No changes found during synchronizing settings.
2024-11-06 18:46:33.375 [info] Keybindings: No changes found during synchronizing keybindings.
2024-11-06 18:46:33.384 [info] Snippets: No changes found during synchronizing snippets.
2024-11-06 18:46:33.392 [info] Tasks: No changes found during synchronizing tasks.
2024-11-06 18:46:33.407 [info] GlobalState: No changes found during synchronizing ui state.
2024-11-06 18:46:33.485 [info] Extensions: No changes found during synchronizing extensions.
2024-11-06 18:46:33.486 [info] Profiles: No changes found during synchronizing profiles.
2024-11-06 18:46:33.487 [info] Sync done. Took 750ms
2024-11-06 18:51:33.525 [info] Auto Sync: Triggered by Interval
2024-11-06 18:51:33.526 [info] Sync started.
2024-11-06 18:51:34.135 [info] Settings: No changes found during synchronizing settings.
2024-11-06 18:51:34.143 [info] Keybindings: No changes found during synchronizing keybindings.
2024-11-06 18:51:34.151 [info] Snippets: No changes found during synchronizing snippets.
2024-11-06 18:51:34.159 [info] Tasks: No changes found during synchronizing tasks.
2024-11-06 18:51:34.173 [info] GlobalState: No changes found during synchronizing ui state.
2024-11-06 18:51:34.235 [info] Extensions: No changes found during synchronizing extensions.
2024-11-06 18:51:34.236 [info] Profiles: No changes found during synchronizing profiles.
2024-11-06 18:51:34.237 [info] Sync done. Took 714ms
2024-11-06 18:56:34.275 [info] Auto Sync: Triggered by Interval
2024-11-06 18:56:34.276 [info] Sync started.
2024-11-06 18:56:34.880 [info] Settings: No changes found during synchronizing settings.
2024-11-06 18:56:34.889 [info] Keybindings: No changes found during synchronizing keybindings.
2024-11-06 18:56:34.898 [info] Snippets: No changes found during synchronizing snippets.
2024-11-06 18:56:34.905 [info] Tasks: No changes found during synchronizing tasks.
2024-11-06 18:56:34.917 [info] GlobalState: No changes found during synchronizing ui state.
2024-11-06 18:56:34.987 [info] Extensions: No changes found during synchronizing extensions.
2024-11-06 18:56:34.988 [info] Profiles: No changes found during synchronizing profiles.
2024-11-06 18:56:34.989 [info] Sync done. Took 716ms
2024-11-06 19:01:35.013 [info] Auto Sync: Triggered by Interval
2024-11-06 19:01:35.014 [info] Sync started.
2024-11-06 19:01:35.615 [info] Settings: No changes found during synchronizing settings.
2024-11-06 19:01:35.623 [info] Keybindings: No changes found during synchronizing keybindings.
2024-11-06 19:01:35.632 [info] Snippets: No changes found during synchronizing snippets.
2024-11-06 19:01:35.639 [info] Tasks: No changes found during synchronizing tasks.
2024-11-06 19:01:35.654 [info] GlobalState: No changes found during synchronizing ui state.
2024-11-06 19:01:35.721 [info] Extensions: No changes found during synchronizing extensions.
2024-11-06 19:01:35.721 [info] Profiles: No changes found during synchronizing profiles.
2024-11-06 19:01:35.722 [info] Sync done. Took 712ms
2024-11-06 19:04:51.742 [info] Auto Sync: Triggered by Activity
2024-11-06 19:04:51.743 [info] Sync started.
2024-11-06 19:04:52.339 [info] Settings: No changes found during synchronizing settings.
2024-11-06 19:04:52.345 [info] Keybindings: No changes found during synchronizing keybindings.
2024-11-06 19:04:52.350 [info] Snippets: No changes found during synchronizing snippets.
2024-11-06 19:04:52.359 [info] Tasks: No changes found during synchronizing tasks.
2024-11-06 19:04:52.366 [info] GlobalState: No changes found during synchronizing ui state.
2024-11-06 19:04:52.444 [info] Extensions: No changes found during synchronizing extensions.
2024-11-06 19:04:52.445 [info] Profiles: No changes found during synchronizing profiles.
2024-11-06 19:04:52.447 [info] Sync done. Took 707ms
2024-11-06 19:06:15.423 [info] Auto Sync: Triggered by Activity
2024-11-06 19:06:15.423 [info] Sync started.
2024-11-06 19:06:15.606 [info] Settings: No changes found during synchronizing settings.
2024-11-06 19:06:15.615 [info] Keybindings: No changes found during synchronizing keybindings.
2024-11-06 19:06:15.622 [info] Snippets: No changes found during synchronizing snippets.
2024-11-06 19:06:15.629 [info] Tasks: No changes found during synchronizing tasks.
2024-11-06 19:06:15.636 [info] GlobalState: No changes found during synchronizing ui state.
2024-11-06 19:06:15.695 [info] Extensions: No changes found during synchronizing extensions.
2024-11-06 19:06:15.696 [info] Profiles: No changes found during synchronizing profiles.
2024-11-06 19:06:15.697 [info] Sync done. Took 277ms
2024-11-06 19:06:54.720 [info] Auto Sync: Triggered by Activity
2024-11-06 19:06:54.721 [info] Sync started.
2024-11-06 19:06:54.866 [info] Settings: No changes found during synchronizing settings.
2024-11-06 19:06:54.868 [info] Keybindings: No changes found during synchronizing keybindings.
2024-11-06 19:06:54.871 [info] Snippets: No changes found during synchronizing snippets.
2024-11-06 19:06:54.873 [info] Tasks: No changes found during synchronizing tasks.
2024-11-06 19:06:54.876 [info] GlobalState: No changes found during synchronizing ui state.
2024-11-06 19:06:54.946 [info] Extensions: No changes found during synchronizing extensions.
2024-11-06 19:06:54.947 [info] Profiles: No changes found during synchronizing profiles.
2024-11-06 19:06:54.948 [info] Sync done. Took 230ms
2024-11-06 19:07:15.638 [info] Auto Sync: Triggered by Activity
2024-11-06 19:07:15.638 [info] Sync started.
2024-11-06 19:07:15.785 [info] Settings: No changes found during synchronizing settings.
2024-11-06 19:07:15.788 [info] Keybindings: No changes found during synchronizing keybindings.
2024-11-06 19:07:15.790 [info] Snippets: No changes found during synchronizing snippets.
2024-11-06 19:07:15.793 [info] Tasks: No changes found during synchronizing tasks.
2024-11-06 19:07:15.796 [info] GlobalState: No changes found during synchronizing ui state.
2024-11-06 19:07:15.854 [info] Extensions: No changes found during synchronizing extensions.
2024-11-06 19:07:15.855 [info] Profiles: No changes found during synchronizing profiles.
2024-11-06 19:07:15.856 [info] Sync done. Took 219ms
2024-11-06 19:07:28.511 [info] Auto Sync: Triggered by Activity
2024-11-06 19:07:28.512 [info] Sync started.
2024-11-06 19:07:28.687 [info] Settings: No changes found during synchronizing settings.
2024-11-06 19:07:28.690 [info] Keybindings: No changes found during synchronizing keybindings.
2024-11-06 19:07:28.693 [info] Snippets: No changes found during synchronizing snippets.
2024-11-06 19:07:28.695 [info] Tasks: No changes found during synchronizing tasks.
2024-11-06 19:07:28.698 [info] GlobalState: No changes found during synchronizing ui state.
2024-11-06 19:07:28.758 [info] Extensions: No changes found during synchronizing extensions.
2024-11-06 19:07:28.759 [info] Profiles: No changes found during synchronizing profiles.
2024-11-06 19:07:28.759 [info] Sync done. Took 252ms
2024-11-06 19:07:42.841 [info] Auto Sync: Triggered by Activity
2024-11-06 19:07:42.842 [info] Sync started.
2024-11-06 19:07:43.001 [info] Settings: No changes found during synchronizing settings.
2024-11-06 19:07:43.010 [info] Keybindings: No changes found during synchronizing keybindings.
2024-11-06 19:07:43.019 [info] Snippets: No changes found during synchronizing snippets.
2024-11-06 19:07:43.027 [info] Tasks: No changes found during synchronizing tasks.
2024-11-06 19:07:43.037 [info] GlobalState: No changes found during synchronizing ui state.
2024-11-06 19:07:43.099 [info] Extensions: No changes found during synchronizing extensions.
2024-11-06 19:07:43.099 [info] Profiles: No changes found during synchronizing profiles.
2024-11-06 19:07:43.100 [info] Sync done. Took 262ms
2024-11-06 19:08:19.176 [info] Auto Sync: Triggered by Activity
2024-11-06 19:08:19.176 [info] Sync started.
2024-11-06 19:08:19.334 [info] Settings: No changes found during synchronizing settings.
2024-11-06 19:08:19.343 [info] Keybindings: No changes found during synchronizing keybindings.
2024-11-06 19:08:19.351 [info] Snippets: No changes found during synchronizing snippets.
2024-11-06 19:08:19.358 [info] Tasks: No changes found during synchronizing tasks.
2024-11-06 19:08:19.366 [info] GlobalState: No changes found during synchronizing ui state.
2024-11-06 19:08:19.429 [info] Extensions: No changes found during synchronizing extensions.
2024-11-06 19:08:19.429 [info] Profiles: No changes found during synchronizing profiles.
2024-11-06 19:08:19.430 [info] Sync done. Took 258ms
2024-11-06 19:09:14.858 [info] Auto Sync: Triggered by Activity
2024-11-06 19:09:14.859 [info] Sync started.
2024-11-06 19:09:15.025 [info] Settings: No changes found during synchronizing settings.
2024-11-06 19:09:15.034 [info] Keybindings: No changes found during synchronizing keybindings.
2024-11-06 19:09:15.042 [info] Snippets: No changes found during synchronizing snippets.
2024-11-06 19:09:15.049 [info] Tasks: No changes found during synchronizing tasks.
2024-11-06 19:09:15.060 [info] GlobalState: No changes found during synchronizing ui state.
2024-11-06 19:09:15.124 [info] Extensions: No changes found during synchronizing extensions.
2024-11-06 19:09:15.125 [info] Profiles: No changes found during synchronizing profiles.
2024-11-06 19:09:15.126 [info] Sync done. Took 271ms
2024-11-06 19:09:26.952 [info] Auto Sync: Triggered by Activity
2024-11-06 19:09:26.953 [info] Sync started.
2024-11-06 19:09:27.117 [info] Settings: No changes found during synchronizing settings.
2024-11-06 19:09:27.127 [info] Keybindings: No changes found during synchronizing keybindings.
2024-11-06 19:09:27.135 [info] Snippets: No changes found during synchronizing snippets.
2024-11-06 19:09:27.141 [info] Tasks: No changes found during synchronizing tasks.
2024-11-06 19:09:27.150 [info] GlobalState: No changes found during synchronizing ui state.
2024-11-06 19:09:27.212 [info] Extensions: No changes found during synchronizing extensions.
2024-11-06 19:09:27.213 [info] Profiles: No changes found during synchronizing profiles.
2024-11-06 19:09:27.214 [info] Sync done. Took 266ms
2024-11-06 19:09:42.278 [info] Auto Sync: Triggered by Activity
2024-11-06 19:09:42.279 [info] Sync started.
2024-11-06 19:09:42.447 [info] Settings: No changes found during synchronizing settings.
2024-11-06 19:09:42.456 [info] Keybindings: No changes found during synchronizing keybindings.
2024-11-06 19:09:42.465 [info] Snippets: No changes found during synchronizing snippets.
2024-11-06 19:09:42.472 [info] Tasks: No changes found during synchronizing tasks.
2024-11-06 19:09:42.480 [info] GlobalState: No changes found during synchronizing ui state.
2024-11-06 19:09:42.543 [info] Extensions: No changes found during synchronizing extensions.
2024-11-06 19:09:42.544 [info] Profiles: No changes found during synchronizing profiles.
2024-11-06 19:09:42.545 [info] Sync done. Took 270ms
2024-11-06 19:14:42.580 [info] Auto Sync: Triggered by Interval
2024-11-06 19:14:42.581 [info] Sync started.
2024-11-06 19:14:43.192 [info] Settings: No changes found during synchronizing settings.
2024-11-06 19:14:43.201 [info] Keybindings: No changes found during synchronizing keybindings.
2024-11-06 19:14:43.212 [info] Snippets: No changes found during synchronizing snippets.
2024-11-06 19:14:43.218 [info] Tasks: No changes found during synchronizing tasks.
2024-11-06 19:14:43.234 [info] GlobalState: No changes found during synchronizing ui state.
2024-11-06 19:14:43.383 [info] Extensions: No changes found during synchronizing extensions.
2024-11-06 19:14:43.386 [info] Profiles: No changes found during synchronizing profiles.
2024-11-06 19:14:43.389 [info] Sync done. Took 809ms
2024-11-06 19:19:43.426 [info] Auto Sync: Triggered by Interval
2024-11-06 19:19:43.427 [info] Sync started.
2024-11-06 19:19:44.038 [info] Settings: No changes found during synchronizing settings.
2024-11-06 19:19:44.048 [info] Keybindings: No changes found during synchronizing keybindings.
2024-11-06 19:19:44.056 [info] Snippets: No changes found during synchronizing snippets.
2024-11-06 19:19:44.063 [info] Tasks: No changes found during synchronizing tasks.
2024-11-06 19:19:44.078 [info] GlobalState: No changes found during synchronizing ui state.
2024-11-06 19:19:44.218 [info] Extensions: No changes found during synchronizing extensions.
2024-11-06 19:19:44.222 [info] Profiles: No changes found during synchronizing profiles.
2024-11-06 19:19:44.223 [info] Sync done. Took 802ms
2024-11-06 19:24:36.327 [info] Auto Sync: Triggered by Activity
2024-11-06 19:24:36.327 [info] Sync started.
2024-11-06 19:24:36.930 [info] Settings: No changes found during synchronizing settings.
2024-11-06 19:24:36.934 [info] Keybindings: No changes found during synchronizing keybindings.
2024-11-06 19:24:36.937 [info] Snippets: No changes found during synchronizing snippets.
2024-11-06 19:24:36.940 [info] Tasks: No changes found during synchronizing tasks.
2024-11-06 19:24:36.945 [info] GlobalState: No changes found during synchronizing ui state.
2024-11-06 19:24:37.022 [info] Extensions: No changes found during synchronizing extensions.
2024-11-06 19:24:37.026 [info] Profiles: No changes found during synchronizing profiles.
2024-11-06 19:24:37.027 [info] Sync done. Took 702ms
2024-11-06 19:25:30.043 [info] Auto Sync: Triggered by Activity
2024-11-06 19:25:30.044 [info] Sync started.
2024-11-06 19:25:30.200 [info] Settings: No changes found during synchronizing settings.
2024-11-06 19:25:30.203 [info] Keybindings: No changes found during synchronizing keybindings.
2024-11-06 19:25:30.206 [info] Snippets: No changes found during synchronizing snippets.
2024-11-06 19:25:30.209 [info] Tasks: No changes found during synchronizing tasks.
2024-11-06 19:25:30.213 [info] GlobalState: No changes found during synchronizing ui state.
2024-11-06 19:25:30.280 [info] Extensions: No changes found during synchronizing extensions.
2024-11-06 19:25:30.281 [info] Profiles: No changes found during synchronizing profiles.
2024-11-06 19:25:30.283 [info] Sync done. Took 241ms
2024-11-06 19:27:21.782 [info] Auto Sync: Triggered by Activity
2024-11-06 19:27:21.783 [info] Sync started.
2024-11-06 19:27:21.943 [info] Settings: No changes found during synchronizing settings.
2024-11-06 19:27:21.948 [info] Keybindings: No changes found during synchronizing keybindings.
2024-11-06 19:27:21.951 [info] Snippets: No changes found during synchronizing snippets.
2024-11-06 19:27:21.953 [info] Tasks: No changes found during synchronizing tasks.
2024-11-06 19:27:21.956 [info] GlobalState: No changes found during synchronizing ui state.
