2024-11-06 16:15:01.237 [info] [main] Log level: Info
2024-11-06 16:15:01.237 [info] [main] Validating found git in: "git"
2024-11-06 16:15:01.237 [info] [main] Using git "2.47.0" from "git"
2024-11-06 16:15:01.237 [info] [Model][doInitialScan] Initial repository scan started
2024-11-06 16:15:01.237 [info] > git rev-parse --show-toplevel [16ms]
2024-11-06 16:15:01.237 [info] > git rev-parse --git-dir --git-common-dir [933ms]
2024-11-06 16:15:01.237 [info] [Model][openRepository] Opened repository: /home/felipersas/Documents/Problemas-Classicos-de-CC---Livro
2024-11-06 16:15:01.408 [info] > git rev-parse --show-toplevel [150ms]
2024-11-06 16:15:01.409 [info] > git config --get commit.template [160ms]
2024-11-06 16:15:01.656 [info] > git check-ignore -v -z --stdin [235ms]
2024-11-06 16:15:01.658 [info] > git rev-parse --show-toplevel [111ms]
2024-11-06 16:15:01.678 [info] > git for-each-ref --format=%(refname)%00%(upstream:short)%00%(objectname)%00%(upstream:track)%00%(upstream:remotename)%00%(upstream:remoteref) refs/heads/main refs/remotes/main [70ms]
2024-11-06 16:15:01.705 [info] > git rev-parse --show-toplevel [29ms]
2024-11-06 16:15:01.724 [info] > git rev-parse --show-toplevel [6ms]
2024-11-06 16:15:01.776 [info] > git status -z -uall [29ms]
2024-11-06 16:15:01.776 [info] > git rev-parse --show-toplevel [4ms]
2024-11-06 16:15:01.777 [info] > git for-each-ref --sort -committerdate --format %(refname) %(objectname) %(*objectname) [17ms]
2024-11-06 16:15:01.824 [info] > git for-each-ref --format=%(refname)%00%(upstream:short)%00%(objectname)%00%(upstream:track)%00%(upstream:remotename)%00%(upstream:remoteref) refs/heads/main refs/remotes/main [30ms]
2024-11-06 16:15:01.837 [info] > git config --local branch.main.vscode-merge-base [3ms]
2024-11-06 16:15:01.848 [info] > git config --get commit.template [29ms]
2024-11-06 16:15:01.848 [info] > git rev-parse --show-toplevel [40ms]
2024-11-06 16:15:01.898 [info] > git for-each-ref --format=%(refname)%00%(upstream:short)%00%(objectname)%00%(upstream:track)%00%(upstream:remotename)%00%(upstream:remoteref) refs/heads/origin/main refs/remotes/origin/main [51ms]
2024-11-06 16:15:01.962 [info] > git merge-base refs/heads/main refs/remotes/origin/main [53ms]
2024-11-06 16:15:01.973 [info] > git rev-parse --show-toplevel [77ms]
2024-11-06 16:15:01.975 [info] [Model][doInitialScan] Initial repository scan completed - repositories (1), closed repositories (0), parent repositories (0), unsafe repositories (0)
2024-11-06 16:15:02.006 [info] > git show --textconv :search_problems/generic_search.py [21ms]
2024-11-06 16:15:02.007 [info] > git ls-files --stage -- /home/felipersas/Documents/Problemas-Classicos-de-CC---Livro/search_problems/generic_search.py [12ms]
2024-11-06 16:15:02.017 [info] > git diff --name-status -z --diff-filter=ADMR b0614997b7c746895ae3f3ccfcc152105d11c6d8...refs/remotes/origin/main [45ms]
2024-11-06 16:15:02.018 [info] > git for-each-ref --format=%(refname)%00%(upstream:short)%00%(objectname)%00%(upstream:track)%00%(upstream:remotename)%00%(upstream:remoteref) refs/heads/main refs/remotes/main [60ms]
2024-11-06 16:15:02.061 [info] > git cat-file -s 3307b5ed4b487828163d2adce5c02ae542ff8a7d [44ms]
2024-11-06 16:15:02.081 [info] > git status -z -uall [9ms]
2024-11-06 16:15:02.088 [info] > git for-each-ref --sort -committerdate --format %(refname) %(objectname) %(*objectname) [7ms]
2024-11-06 16:19:53.766 [info] > git config --get commit.template [11ms]
2024-11-06 16:19:53.795 [info] > git for-each-ref --format=%(refname)%00%(upstream:short)%00%(objectname)%00%(upstream:track)%00%(upstream:remotename)%00%(upstream:remoteref) refs/heads/main refs/remotes/main [5ms]
2024-11-06 16:19:53.847 [info] > git status -z -uall [28ms]
2024-11-06 16:19:53.850 [info] > git for-each-ref --sort -committerdate --format %(refname) %(objectname) %(*objectname) [8ms]
2024-11-06 16:19:54.136 [info] > git for-each-ref --format=%(refname)%00%(upstream:short)%00%(objectname)%00%(upstream:track)%00%(upstream:remotename)%00%(upstream:remoteref) refs/heads/main refs/remotes/main [29ms]
2024-11-06 16:19:54.138 [info] > git config --get commit.template [53ms]
2024-11-06 16:19:54.187 [info] > git status -z -uall [26ms]
2024-11-06 16:19:54.191 [info] > git for-each-ref --sort -committerdate --format %(refname) %(objectname) %(*objectname) [7ms]
2024-11-06 16:19:54.890 [info] > git ls-files --stage -- /home/felipersas/Documents/Problemas-Classicos-de-CC---Livro/search_problems/generic_search.py [5ms]
2024-11-06 16:19:54.916 [info] > git cat-file -s 3307b5ed4b487828163d2adce5c02ae542ff8a7d [5ms]
2024-11-06 16:19:54.950 [info] > git show --textconv :search_problems/generic_search.py [7ms]
2024-11-06 16:23:41.131 [info] > git show --textconv :search_problems/maze/maze.py [13ms]
2024-11-06 16:23:41.132 [info] > git ls-files --stage -- /home/felipersas/Documents/Problemas-Classicos-de-CC---Livro/search_problems/maze/maze.py [2ms]
2024-11-06 16:23:41.147 [info] > git cat-file -s d919fc21158e95d725cfb37f812cf13ebe54be60 [4ms]
2024-11-06 16:33:42.366 [info] > git check-ignore -v -z --stdin [5ms]
2024-11-06 16:33:43.923 [info] > git show --textconv :search_problems/generic_search.py [10ms]
2024-11-06 16:33:43.924 [info] > git ls-files --stage -- /home/felipersas/Documents/Problemas-Classicos-de-CC---Livro/search_problems/generic_search.py [2ms]
2024-11-06 16:33:43.933 [info] > git cat-file -s 3307b5ed4b487828163d2adce5c02ae542ff8a7d [2ms]
2024-11-06 16:35:48.623 [info] > git config --get commit.template [5ms]
2024-11-06 16:35:48.647 [info] > git for-each-ref --format=%(refname)%00%(upstream:short)%00%(objectname)%00%(upstream:track)%00%(upstream:remotename)%00%(upstream:remoteref) refs/heads/main refs/remotes/main [3ms]
2024-11-06 16:35:48.676 [info] > git status -z -uall [14ms]
2024-11-06 16:35:48.678 [info] > git for-each-ref --sort -committerdate --format %(refname) %(objectname) %(*objectname) [3ms]
2024-11-06 16:39:45.941 [info] > git config --get commit.template [21ms]
2024-11-06 16:39:45.942 [info] > git for-each-ref --format=%(refname)%00%(upstream:short)%00%(objectname)%00%(upstream:track)%00%(upstream:remotename)%00%(upstream:remoteref) refs/heads/main refs/remotes/main [5ms]
2024-11-06 16:39:45.981 [info] > git status -z -uall [20ms]
2024-11-06 16:39:45.984 [info] > git for-each-ref --sort -committerdate --format %(refname) %(objectname) %(*objectname) [5ms]
2024-11-06 16:41:07.009 [info] > git config --get commit.template [5ms]
2024-11-06 16:41:07.052 [info] > git for-each-ref --format=%(refname)%00%(upstream:short)%00%(objectname)%00%(upstream:track)%00%(upstream:remotename)%00%(upstream:remoteref) refs/heads/main refs/remotes/main [7ms]
2024-11-06 16:41:07.102 [info] > git status -z -uall [25ms]
2024-11-06 16:41:07.107 [info] > git for-each-ref --sort -committerdate --format %(refname) %(objectname) %(*objectname) [7ms]
2024-11-06 16:54:12.522 [info] > git config --get commit.template [24ms]
2024-11-06 16:54:12.523 [info] > git for-each-ref --format=%(refname)%00%(upstream:short)%00%(objectname)%00%(upstream:track)%00%(upstream:remotename)%00%(upstream:remoteref) refs/heads/main refs/remotes/main [5ms]
2024-11-06 16:54:12.557 [info] > git status -z -uall [17ms]
2024-11-06 16:54:12.559 [info] > git for-each-ref --sort -committerdate --format %(refname) %(objectname) %(*objectname) [3ms]
2024-11-06 16:55:58.011 [info] > git config --get commit.template [28ms]
2024-11-06 16:55:58.012 [info] > git for-each-ref --format=%(refname)%00%(upstream:short)%00%(objectname)%00%(upstream:track)%00%(upstream:remotename)%00%(upstream:remoteref) refs/heads/main refs/remotes/main [6ms]
2024-11-06 16:55:58.048 [info] > git status -z -uall [17ms]
2024-11-06 16:55:58.051 [info] > git for-each-ref --sort -committerdate --format %(refname) %(objectname) %(*objectname) [4ms]
2024-11-06 16:59:43.268 [info] > git config --get commit.template [16ms]
2024-11-06 16:59:43.269 [info] > git for-each-ref --format=%(refname)%00%(upstream:short)%00%(objectname)%00%(upstream:track)%00%(upstream:remotename)%00%(upstream:remoteref) refs/heads/main refs/remotes/main [4ms]
2024-11-06 16:59:43.303 [info] > git status -z -uall [18ms]
2024-11-06 16:59:43.308 [info] > git for-each-ref --sort -committerdate --format %(refname) %(objectname) %(*objectname) [6ms]
2024-11-06 17:09:43.146 [info] > git show --textconv :search_problems/maze/maze.py [22ms]
2024-11-06 17:09:43.154 [info] > git ls-files --stage -- /home/felipersas/Documents/Problemas-Classicos-de-CC---Livro/search_problems/maze/maze.py [11ms]
2024-11-06 17:09:43.176 [info] > git cat-file -s d919fc21158e95d725cfb37f812cf13ebe54be60 [4ms]
2024-11-06 17:16:05.922 [info] > git config --get commit.template [26ms]
2024-11-06 17:16:05.924 [info] > git for-each-ref --format=%(refname)%00%(upstream:short)%00%(objectname)%00%(upstream:track)%00%(upstream:remotename)%00%(upstream:remoteref) refs/heads/main refs/remotes/main [5ms]
2024-11-06 17:16:05.975 [info] > git status -z -uall [27ms]
2024-11-06 17:16:05.979 [info] > git for-each-ref --sort -committerdate --format %(refname) %(objectname) %(*objectname) [6ms]
2024-11-06 17:16:08.175 [info] > git show --textconv :search_problems/generic_search.py [14ms]
2024-11-06 17:16:08.177 [info] > git ls-files --stage -- /home/felipersas/Documents/Problemas-Classicos-de-CC---Livro/search_problems/generic_search.py [3ms]
2024-11-06 17:16:08.191 [info] > git cat-file -s 3307b5ed4b487828163d2adce5c02ae542ff8a7d [2ms]
2024-11-06 17:16:10.740 [info] > git show --textconv :search_problems/maze/maze.py [18ms]
2024-11-06 17:16:10.771 [info] > git ls-files --stage -- /home/felipersas/Documents/Problemas-Classicos-de-CC---Livro/search_problems/maze/maze.py [33ms]
2024-11-06 17:16:10.788 [info] > git cat-file -s d919fc21158e95d725cfb37f812cf13ebe54be60 [4ms]
2024-11-06 17:16:11.046 [info] > git config --get commit.template [31ms]
2024-11-06 17:16:11.048 [info] > git for-each-ref --format=%(refname)%00%(upstream:short)%00%(objectname)%00%(upstream:track)%00%(upstream:remotename)%00%(upstream:remoteref) refs/heads/main refs/remotes/main [6ms]
2024-11-06 17:16:11.101 [info] > git status -z -uall [27ms]
2024-11-06 17:16:11.105 [info] > git for-each-ref --sort -committerdate --format %(refname) %(objectname) %(*objectname) [7ms]
2024-11-06 17:19:04.463 [info] > git show --textconv :search_problems/generic_search.py [19ms]
2024-11-06 17:19:04.468 [info] > git ls-files --stage -- /home/felipersas/Documents/Problemas-Classicos-de-CC---Livro/search_problems/generic_search.py [7ms]
2024-11-06 17:19:04.483 [info] > git cat-file -s 3307b5ed4b487828163d2adce5c02ae542ff8a7d [3ms]
2024-11-06 17:19:08.630 [info] > git show --textconv :search_problems/maze/maze.py [20ms]
2024-11-06 17:19:08.636 [info] > git ls-files --stage -- /home/felipersas/Documents/Problemas-Classicos-de-CC---Livro/search_problems/maze/maze.py [7ms]
2024-11-06 17:19:08.651 [info] > git cat-file -s d919fc21158e95d725cfb37f812cf13ebe54be60 [2ms]
2024-11-06 17:19:40.101 [info] > git config --get commit.template [3ms]
2024-11-06 17:19:40.150 [info] > git for-each-ref --format=%(refname)%00%(upstream:short)%00%(objectname)%00%(upstream:track)%00%(upstream:remotename)%00%(upstream:remoteref) refs/heads/main refs/remotes/main [11ms]
2024-11-06 17:19:40.225 [info] > git status -z -uall [36ms]
2024-11-06 17:19:40.230 [info] > git for-each-ref --sort -committerdate --format %(refname) %(objectname) %(*objectname) [8ms]
2024-11-06 17:19:45.279 [info] > git config --get commit.template [6ms]
2024-11-06 17:19:45.319 [info] > git for-each-ref --format=%(refname)%00%(upstream:short)%00%(objectname)%00%(upstream:track)%00%(upstream:remotename)%00%(upstream:remoteref) refs/heads/main refs/remotes/main [6ms]
2024-11-06 17:19:45.375 [info] > git status -z -uall [28ms]
2024-11-06 17:19:45.380 [info] > git for-each-ref --sort -committerdate --format %(refname) %(objectname) %(*objectname) [6ms]
2024-11-06 17:23:23.034 [info] > git config --get commit.template [27ms]
2024-11-06 17:23:23.037 [info] > git for-each-ref --format=%(refname)%00%(upstream:short)%00%(objectname)%00%(upstream:track)%00%(upstream:remotename)%00%(upstream:remoteref) refs/heads/main refs/remotes/main [5ms]
2024-11-06 17:23:23.085 [info] > git status -z -uall [25ms]
2024-11-06 17:23:23.089 [info] > git for-each-ref --sort -committerdate --format %(refname) %(objectname) %(*objectname) [5ms]
2024-11-06 17:23:49.048 [info] > git config --get commit.template [29ms]
2024-11-06 17:23:49.051 [info] > git for-each-ref --format=%(refname)%00%(upstream:short)%00%(objectname)%00%(upstream:track)%00%(upstream:remotename)%00%(upstream:remoteref) refs/heads/main refs/remotes/main [7ms]
2024-11-06 17:23:49.106 [info] > git status -z -uall [28ms]
2024-11-06 17:23:49.109 [info] > git for-each-ref --sort -committerdate --format %(refname) %(objectname) %(*objectname) [5ms]
2024-11-06 17:24:51.215 [info] > git show --textconv :search_problems/maze.py [29ms]
2024-11-06 17:24:51.216 [info] > git ls-files --stage -- /home/felipersas/Documents/Problemas-Classicos-de-CC---Livro/search_problems/maze.py [2ms]
2024-11-06 17:24:51.363 [info] > git check-ignore -v -z --stdin [2ms]
2024-11-06 17:24:51.884 [info] > git config --get commit.template [21ms]
2024-11-06 17:24:51.907 [info] > git for-each-ref --format=%(refname)%00%(upstream:short)%00%(objectname)%00%(upstream:track)%00%(upstream:remotename)%00%(upstream:remoteref) refs/heads/main refs/remotes/main [5ms]
2024-11-06 17:24:51.937 [info] > git status -z -uall [16ms]
2024-11-06 17:24:51.940 [info] > git for-each-ref --sort -committerdate --format %(refname) %(objectname) %(*objectname) [3ms]
2024-11-06 17:24:57.002 [info] > git config --get commit.template [30ms]
2024-11-06 17:24:57.035 [info] > git for-each-ref --format=%(refname)%00%(upstream:short)%00%(objectname)%00%(upstream:track)%00%(upstream:remotename)%00%(upstream:remoteref) refs/heads/main refs/remotes/main [7ms]
2024-11-06 17:24:57.091 [info] > git status -z -uall [27ms]
2024-11-06 17:24:57.096 [info] > git for-each-ref --sort -committerdate --format %(refname) %(objectname) %(*objectname) [6ms]
2024-11-06 17:24:58.299 [info] > git check-ignore -v -z --stdin [5ms]
2024-11-06 17:25:02.158 [info] > git config --get commit.template [27ms]
2024-11-06 17:25:02.161 [info] > git for-each-ref --format=%(refname)%00%(upstream:short)%00%(objectname)%00%(upstream:track)%00%(upstream:remotename)%00%(upstream:remoteref) refs/heads/main refs/remotes/main [5ms]
2024-11-06 17:25:02.219 [info] > git status -z -uall [32ms]
2024-11-06 17:25:02.222 [info] > git for-each-ref --sort -committerdate --format %(refname) %(objectname) %(*objectname) [7ms]
2024-11-06 17:26:39.487 [info] > git config --get commit.template [28ms]
2024-11-06 17:26:39.491 [info] > git for-each-ref --format=%(refname)%00%(upstream:short)%00%(objectname)%00%(upstream:track)%00%(upstream:remotename)%00%(upstream:remoteref) refs/heads/main refs/remotes/main [7ms]
2024-11-06 17:26:39.548 [info] > git status -z -uall [29ms]
2024-11-06 17:26:39.551 [info] > git for-each-ref --sort -committerdate --format %(refname) %(objectname) %(*objectname) [6ms]
2024-11-06 17:27:23.989 [info] > git config --get commit.template [16ms]
2024-11-06 17:27:23.992 [info] > git for-each-ref --format=%(refname)%00%(upstream:short)%00%(objectname)%00%(upstream:track)%00%(upstream:remotename)%00%(upstream:remoteref) refs/heads/main refs/remotes/main [5ms]
2024-11-06 17:27:24.022 [info] > git status -z -uall [14ms]
2024-11-06 17:27:24.024 [info] > git for-each-ref --sort -committerdate --format %(refname) %(objectname) %(*objectname) [3ms]
2024-11-06 17:27:52.163 [info] > git config --get commit.template [29ms]
2024-11-06 17:27:52.166 [info] > git for-each-ref --format=%(refname)%00%(upstream:short)%00%(objectname)%00%(upstream:track)%00%(upstream:remotename)%00%(upstream:remoteref) refs/heads/main refs/remotes/main [6ms]
2024-11-06 17:27:52.223 [info] > git status -z -uall [30ms]
2024-11-06 17:27:52.227 [info] > git for-each-ref --sort -committerdate --format %(refname) %(objectname) %(*objectname) [6ms]
2024-11-06 17:28:52.571 [info] > git config --get commit.template [27ms]
2024-11-06 17:28:52.575 [info] > git for-each-ref --format=%(refname)%00%(upstream:short)%00%(objectname)%00%(upstream:track)%00%(upstream:remotename)%00%(upstream:remoteref) refs/heads/main refs/remotes/main [6ms]
2024-11-06 17:28:52.689 [info] > git status -z -uall [89ms]
2024-11-06 17:28:52.690 [info] > git for-each-ref --sort -committerdate --format %(refname) %(objectname) %(*objectname) [64ms]
2024-11-06 17:29:08.062 [info] > git config --get commit.template [29ms]
2024-11-06 17:29:08.066 [info] > git for-each-ref --format=%(refname)%00%(upstream:short)%00%(objectname)%00%(upstream:track)%00%(upstream:remotename)%00%(upstream:remoteref) refs/heads/main refs/remotes/main [6ms]
2024-11-06 17:29:08.169 [info] > git status -z -uall [27ms]
2024-11-06 17:29:08.175 [info] > git for-each-ref --sort -committerdate --format %(refname) %(objectname) %(*objectname) [8ms]
2024-11-06 17:30:42.686 [info] > git config --get commit.template [30ms]
2024-11-06 17:30:42.689 [info] > git for-each-ref --format=%(refname)%00%(upstream:short)%00%(objectname)%00%(upstream:track)%00%(upstream:remotename)%00%(upstream:remoteref) refs/heads/main refs/remotes/main [6ms]
2024-11-06 17:30:42.748 [info] > git status -z -uall [31ms]
2024-11-06 17:30:42.756 [info] > git for-each-ref --sort -committerdate --format %(refname) %(objectname) %(*objectname) [9ms]
2024-11-06 17:33:02.330 [info] > git config --get commit.template [29ms]
2024-11-06 17:33:02.333 [info] > git for-each-ref --format=%(refname)%00%(upstream:short)%00%(objectname)%00%(upstream:track)%00%(upstream:remotename)%00%(upstream:remoteref) refs/heads/main refs/remotes/main [6ms]
2024-11-06 17:33:02.395 [info] > git status -z -uall [31ms]
2024-11-06 17:33:02.402 [info] > git for-each-ref --sort -committerdate --format %(refname) %(objectname) %(*objectname) [8ms]
