2024-11-05 05:07:56.168 [info] Extension host with pid 35428 started
2024-11-05 05:07:56.168 [info] Skipping acquiring lock for /home/felipersas/.config/Code/User/workspaceStorage/f3bfcf8db351b6d7a013412416499d32.
2024-11-05 05:07:56.849 [info] ExtensionService#_doActivateExtension vscode.emmet, startup: false, activationEvent: 'onLanguage'
2024-11-05 05:07:56.883 [info] ExtensionService#_doActivateExtension batisteo.vscode-django, startup: false, activationEvent: 'onLanguage:python'
2024-11-05 05:07:56.894 [info] ExtensionService#_doActivateExtension ms-python.python, startup: false, activationEvent: 'onLanguage:python', root cause: ms-python.debugpy
2024-11-05 05:07:57.816 [info] ExtensionService#_doActivateExtension vscode.git-base, startup: true, activationEvent: '*', root cause: vscode.git
2024-11-05 05:07:57.825 [info] ExtensionService#_doActivateExtension formulahendry.auto-close-tag, startup: true, activationEvent: '*'
2024-11-05 05:07:57.828 [info] ExtensionService#_doActivateExtension icrawl.discord-vscode, startup: true, activationEvent: '*'
2024-11-05 05:07:57.860 [info] ExtensionService#_doActivateExtension mutantdino.resourcemonitor, startup: true, activationEvent: '*'
2024-11-05 05:07:57.987 [info] ExtensionService#_doActivateExtension vscode.git, startup: true, activationEvent: '*'
2024-11-05 05:07:58.112 [info] ExtensionService#_doActivateExtension vscode.github, startup: true, activationEvent: '*'
2024-11-05 05:07:58.184 [info] ExtensionService#_doActivateExtension ms-python.debugpy, startup: false, activationEvent: 'onLanguage:python'
2024-11-05 05:07:58.281 [info] ExtensionService#_doActivateExtension ms-python.vscode-pylance, startup: false, activationEvent: 'onLanguage:python'
2024-11-05 05:07:59.111 [info] Eager extensions activated
2024-11-05 05:07:59.116 [error] TypeError: Cannot read properties of null (reading 'write')
	at IPCTransport.send (/home/felipersas/.vscode/extensions/icrawl.discord-vscode-5.8.0/dist/extension.js:2:24881)
	at /home/felipersas/.vscode/extensions/icrawl.discord-vscode-5.8.0/dist/extension.js:2:24968
	at new Promise (<anonymous>)
	at IPCTransport.close (/home/felipersas/.vscode/extensions/icrawl.discord-vscode-5.8.0/dist/extension.js:2:24925)
	at RPCClient.destroy (/home/felipersas/.vscode/extensions/icrawl.discord-vscode-5.8.0/dist/extension.js:2:18626)
	at login (/home/felipersas/.vscode/extensions/icrawl.discord-vscode-5.8.0/dist/extension.js:2:149260)
	at process.processTicksAndRejections (node:internal/process/task_queues:95:5)
	at async activate (/home/felipersas/.vscode/extensions/icrawl.discord-vscode-5.8.0/dist/extension.js:2:151363)
	at async B0.n (file:///opt/visual-studio-code/resources/app/out/vs/workbench/api/node/extensionHostProcess.js:114:4447)
	at async B0.m (file:///opt/visual-studio-code/resources/app/out/vs/workbench/api/node/extensionHostProcess.js:114:4410)
	at async B0.l (file:///opt/visual-studio-code/resources/app/out/vs/workbench/api/node/extensionHostProcess.js:114:3866)
2024-11-05 05:07:59.121 [info] ExtensionService#_doActivateExtension vscode.microsoft-authentication, startup: false, activationEvent: 'onAuthenticationRequest:microsoft'
2024-11-05 05:07:59.204 [info] ExtensionService#_doActivateExtension vscode.debug-auto-launch, startup: false, activationEvent: 'onStartupFinished'
2024-11-05 05:07:59.207 [info] ExtensionService#_doActivateExtension vscode.merge-conflict, startup: false, activationEvent: 'onStartupFinished'
2024-11-05 05:07:59.234 [info] ExtensionService#_doActivateExtension eamodio.gitlens, startup: false, activationEvent: 'onStartupFinished'
2024-11-05 05:07:59.420 [info] ExtensionService#_doActivateExtension esbenp.prettier-vscode, startup: false, activationEvent: 'onStartupFinished'
2024-11-05 05:07:59.527 [info] ExtensionService#_doActivateExtension formulahendry.code-runner, startup: false, activationEvent: 'onStartupFinished'
2024-11-05 05:07:59.546 [info] ExtensionService#_doActivateExtension Gruntfuggly.todo-tree, startup: false, activationEvent: 'onStartupFinished'
2024-11-05 05:07:59.613 [info] ExtensionService#_doActivateExtension Katsute.code-background, startup: false, activationEvent: 'onStartupFinished'
2024-11-05 05:07:59.645 [info] ExtensionService#_doActivateExtension naumovs.color-highlight, startup: false, activationEvent: 'onStartupFinished'
2024-11-05 05:07:59.663 [info] ExtensionService#_doActivateExtension PKief.material-icon-theme, startup: false, activationEvent: 'onStartupFinished'
2024-11-05 05:07:59.694 [info] ExtensionService#_doActivateExtension usernamehw.errorlens, startup: false, activationEvent: 'onStartupFinished'
2024-11-05 05:07:59.705 [info] ExtensionService#_doActivateExtension vscodevim.vim, startup: false, activationEvent: 'onStartupFinished'
2024-11-05 05:07:59.916 [info] ExtensionService#_doActivateExtension zhuangtongfa.material-theme, startup: false, activationEvent: 'onStartupFinished'
2024-11-05 05:08:00.473 [info] ExtensionService#_doActivateExtension vscode.github-authentication, startup: false, activationEvent: 'onAuthenticationRequest:github'
2024-11-05 05:08:01.519 [info] ExtensionService#_doActivateExtension vscode.configuration-editing, startup: false, activationEvent: 'onLanguage:jsonc'
2024-11-05 05:08:01.538 [info] ExtensionService#_doActivateExtension vscode.json-language-features, startup: false, activationEvent: 'onLanguage:jsonc'
2024-11-05 05:08:01.648 [info] ExtensionService#_doActivateExtension vscode.typescript-language-features, startup: false, activationEvent: 'onLanguage:jsonc'
