2024-11-16 10:39:51.897 [info] Reading sessions from keychain...
2024-11-16 10:39:51.897 [info] Getting sessions for all scopes...
2024-11-16 10:39:51.897 [info] Getting sessions for all scopes...
2024-11-16 10:39:51.897 [info] Getting sessions for all scopes...
2024-11-16 10:39:51.897 [info] Getting sessions for user:email...
2024-11-16 10:39:51.897 [info] Got stored sessions!
2024-11-16 10:39:51.897 [info] Got 1 verified sessions.
2024-11-16 10:39:51.897 [info] Got 1 sessions for ...
2024-11-16 10:39:51.897 [info] Got 1 sessions for ...
2024-11-16 10:39:51.897 [info] Got 1 sessions for ...
2024-11-16 10:39:51.897 [info] Got 1 sessions for user:email...
2024-11-16 10:39:51.897 [info] Getting sessions for user:email...
2024-11-16 10:39:51.897 [info] Got 1 sessions for user:email...
2024-11-16 10:39:51.897 [info] Getting sessions for user:email...
2024-11-16 10:39:51.897 [info] Got 1 sessions for user:email...
2024-11-16 10:39:52.182 [info] Getting sessions for user:email...
2024-11-16 10:39:52.182 [info] Got 1 sessions for user:email...
2024-11-16 10:39:52.184 [info] Getting sessions for user:email...
2024-11-16 10:39:52.184 [info] Got 1 sessions for user:email...
2024-11-16 10:39:52.437 [info] Getting sessions for all scopes...
2024-11-16 10:39:52.437 [info] Got 1 sessions for ...
