2024-11-04 10:09:39.205 [info] Added views:outline in workbench.view.explorer
2024-11-04 10:09:39.205 [info] Added views:workbench.view.search in workbench.view.search
2024-11-04 10:09:39.205 [info] Added views:workbench.scm in workbench.view.scm
2024-11-04 10:09:39.205 [info] Added views:workbench.panel.markers.view in workbench.panel.markers
2024-11-04 10:09:39.205 [info] Added views:workbench.panel.output in workbench.panel.output
2024-11-04 10:09:39.205 [info] Added views:terminal in terminal
2024-11-04 10:09:39.205 [info] Added views:timeline in workbench.view.explorer
2024-11-04 10:09:39.205 [info] Added views:workbench.explorer.fileView in workbench.view.explorer
2024-11-04 10:09:39.441 [info] Added views:workbench.debug.welcome in workbench.view.debug
2024-11-04 10:09:40.286 [info] Added views:workbench.panel.repl.view in workbench.panel.repl
2024-11-04 10:09:40.951 [info] Added views:workbench.view.testing in workbench.view.extension.test
2024-11-04 10:09:41.291 [info] Added views:~remote.forwardedPorts in ~remote.forwardedPortsContainer
2024-11-04 10:09:42.089 [info] Added views:workbench.scm.history in workbench.view.scm
2024-11-04 10:10:00.688 [info] Added views:workbench.views.extensions.installed,workbench.views.extensions.popular,extensions.recommendedList in workbench.view.extensions
2024-11-04 10:10:00.692 [info] Removed views:workbench.views.extensions.popular from workbench.view.extensions
2024-11-04 10:10:34.944 [info] Added views:gitlens.views.home,gitlens.views.workspaces in workbench.view.extension.gitlens
2024-11-04 10:10:34.947 [info] Added views:gitlens.views.commitDetails,gitlens.views.lineHistory,gitlens.views.fileHistory,gitlens.views.searchAndCompare in workbench.view.extension.gitlensInspect
2024-11-04 10:10:34.950 [info] Added views:gitlens.views.commits,gitlens.views.branches,gitlens.views.remotes,gitlens.views.stashes,gitlens.views.tags,gitlens.views.contributors in workbench.view.scm
2024-11-04 10:10:34.952 [info] Added views:todo-tree-view in workbench.view.extension.todo-tree-container
2024-11-04 10:10:34.954 [info] Added views:thunder-client-sidebar in workbench.view.extension.thunder-client
2024-11-04 10:10:36.227 [info] Removed views:gitlens.views.searchAndCompare,gitlens.views.fileHistory,gitlens.views.lineHistory,gitlens.views.commitDetails from workbench.view.extension.gitlensInspect
2024-11-04 10:10:36.229 [info] Removed views:gitlens.views.contributors,gitlens.views.tags,gitlens.views.stashes,gitlens.views.remotes,gitlens.views.branches,gitlens.views.commits from workbench.view.scm
2024-11-04 10:10:36.374 [info] Added views:gitlens.views.drafts in workbench.view.extension.gitlens
2024-11-04 10:10:36.651 [info] Added views:gitlens.views.commitDetails,gitlens.views.lineHistory,gitlens.views.fileHistory,gitlens.views.searchAndCompare in workbench.view.extension.gitlensInspect
2024-11-04 10:10:36.654 [info] Added views:gitlens.views.commits,gitlens.views.branches,gitlens.views.remotes,gitlens.views.stashes,gitlens.views.tags,gitlens.views.contributors in workbench.view.scm
2024-11-04 10:10:37.730 [info] Added views:gitlens.views.graph,gitlens.views.graphDetails in workbench.view.extension.gitlensPanel
2024-11-04 10:10:37.732 [info] Added views:gitlens.views.timeline in workbench.view.extension.gitlensInspect
2024-11-04 10:10:37.733 [info] Added views:gitlens.views.worktrees in workbench.view.scm
2024-11-04 13:38:31.568 [info] Removed views:workbench.scm.history from workbench.view.scm
2024-11-04 13:38:31.574 [info] Removed views:workbench.view.testing from workbench.view.extension.test
