2024-11-17 17:16:11.619 [info] Started local extension host with pid 34712.
2024-11-17 17:16:15.292 [error] [Extension Host] TypeError: Cannot read properties of undefined (reading 'packageJSON')
	at m (/home/felipersas/.vscode/extensions/jonathanharty.gruvbox-material-icon-theme-1.1.5/dist/extension.js:1:59422)
	at /home/felipersas/.vscode/extensions/jonathanharty.gruvbox-material-icon-theme-1.1.5/dist/extension.js:1:59088
	at Generator.next (<anonymous>)
	at /home/felipersas/.vscode/extensions/jonathanharty.gruvbox-material-icon-theme-1.1.5/dist/extension.js:1:58625
	at new Promise (<anonymous>)
	at a (/home/felipersas/.vscode/extensions/jonathanharty.gruvbox-material-icon-theme-1.1.5/dist/extension.js:1:58370)
	at t.checkThemeStatus (/home/felipersas/.vscode/extensions/jonathanharty.gruvbox-material-icon-theme-1.1.5/dist/extension.js:1:59018)
	at /home/felipersas/.vscode/extensions/jonathanharty.gruvbox-material-icon-theme-1.1.5/dist/extension.js:1:52529
	at Generator.next (<anonymous>)
	at a (/home/felipersas/.vscode/extensions/jonathanharty.gruvbox-material-icon-theme-1.1.5/dist/extension.js:1:52022)
2024-11-17 17:16:15.303 [error] [Extension Host] TypeError: Cannot read properties of undefined (reading 'packageJSON')
	at t.getConfigProperties (/home/felipersas/.vscode/extensions/jonathanharty.gruvbox-material-icon-theme-1.1.5/dist/extension.js:1:55948)
	at a (/home/felipersas/.vscode/extensions/jonathanharty.gruvbox-material-icon-theme-1.1.5/dist/extension.js:1:53104)
	at t.detectConfigChanges (/home/felipersas/.vscode/extensions/jonathanharty.gruvbox-material-icon-theme-1.1.5/dist/extension.js:1:52934)
	at /home/felipersas/.vscode/extensions/jonathanharty.gruvbox-material-icon-theme-1.1.5/dist/extension.js:1:52624
	at Generator.next (<anonymous>)
	at a (/home/felipersas/.vscode/extensions/jonathanharty.gruvbox-material-icon-theme-1.1.5/dist/extension.js:1:52022)
2024-11-17 17:16:15.305 [info] Settings Sync: Updating authentication providers. Authentication Providers from store: [{"id":"github","scopes":["user:email"]},{"id":"microsoft","scopes":["openid","profile","email","offline_access"]}]
2024-11-17 17:16:15.305 [info] Settings Sync: Authentication providers updated []
2024-11-17 17:16:15.383 [info] Settings Sync: Updating authentication providers. Authentication Providers from store: [{"id":"github","scopes":["user:email"]},{"id":"microsoft","scopes":["openid","profile","email","offline_access"]}]
2024-11-17 17:16:15.383 [info] Settings Sync: Authentication providers updated ["github"]
2024-11-17 17:16:15.383 [info] Settings Sync: Updating authentication providers. Authentication Providers from store: [{"id":"github","scopes":["user:email"]},{"id":"microsoft","scopes":["openid","profile","email","offline_access"]}]
2024-11-17 17:16:15.383 [info] Settings Sync: Authentication providers updated ["github"]
2024-11-17 17:16:15.384 [info] Settings Sync: Updating due to declared authentication providers changed
2024-11-17 17:16:15.384 [info] Settings Sync: Updating authentication providers. Authentication Providers from store: [{"id":"github","scopes":["user:email"]},{"id":"microsoft","scopes":["openid","profile","email","offline_access"]}]
2024-11-17 17:16:15.384 [info] Settings Sync: Authentication providers updated ["github"]
2024-11-17 17:16:15.384 [info] Settings Sync: Updating authentication providers. Authentication Providers from store: [{"id":"github","scopes":["user:email"]},{"id":"microsoft","scopes":["openid","profile","email","offline_access"]}]
2024-11-17 17:16:15.384 [info] Settings Sync: Authentication providers updated ["github","microsoft"]
2024-11-17 17:16:15.385 [info] Settings Sync: Updating authentication providers. Authentication Providers from store: [{"id":"github","scopes":["user:email"]},{"id":"microsoft","scopes":["openid","profile","email","offline_access"]}]
2024-11-17 17:16:15.385 [info] Settings Sync: Authentication providers updated ["github","microsoft"]
2024-11-17 17:16:15.386 [info] Settings Sync: Updating due to declared authentication providers changed
2024-11-17 17:16:15.386 [info] Settings Sync: Updating authentication providers. Authentication Providers from store: [{"id":"github","scopes":["user:email"]},{"id":"microsoft","scopes":["openid","profile","email","offline_access"]}]
2024-11-17 17:16:15.387 [info] Settings Sync: Authentication providers updated ["github","microsoft"]
2024-11-17 17:16:16.012 [info] [perf] Render performance baseline is 64ms
2024-11-17 17:16:16.082 [info] Settings Sync: Updating authentication providers. Authentication Providers from store: [{"id":"github","scopes":["user:email"]},{"id":"microsoft","scopes":["openid","profile","email","offline_access"]}]
2024-11-17 17:16:16.083 [info] Settings Sync: Authentication providers updated ["github","microsoft"]
2024-11-17 17:16:16.501 [info] Settings Sync: Updating authentication providers. Authentication Providers from store: [{"id":"github","scopes":["user:email"]},{"id":"microsoft","scopes":["openid","profile","email","offline_access"]}]
2024-11-17 17:16:16.501 [info] Settings Sync: Authentication providers updated ["github","microsoft"]
2024-11-17 18:51:18.894 [info] Settings Sync: Updating due to change in sessions
2024-11-17 18:51:18.895 [info] Settings Sync: Updating authentication providers. Authentication Providers from store: [{"id":"github","scopes":["user:email"]},{"id":"microsoft","scopes":["openid","profile","email","offline_access"]}]
2024-11-17 18:51:18.895 [info] Settings Sync: Authentication providers updated ["github","microsoft"]
2024-11-17 18:51:18.898 [info] Settings Sync: Updating due to change in sessions
2024-11-17 18:51:18.899 [info] Settings Sync: Updating authentication providers. Authentication Providers from store: [{"id":"github","scopes":["user:email"]},{"id":"microsoft","scopes":["openid","profile","email","offline_access"]}]
2024-11-17 18:51:18.900 [info] Settings Sync: Authentication providers updated ["github","microsoft"]
