2024-11-17 17:16:11.363 [info] Added views:outline in workbench.view.explorer
2024-11-17 17:16:11.363 [info] Added views:workbench.view.search in workbench.view.search
2024-11-17 17:16:11.363 [info] Added views:workbench.scm in workbench.view.scm
2024-11-17 17:16:11.363 [info] Added views:workbench.panel.markers.view in workbench.panel.markers
2024-11-17 17:16:11.363 [info] Added views:workbench.panel.output in workbench.panel.output
2024-11-17 17:16:11.363 [info] Added views:terminal in terminal
2024-11-17 17:16:11.363 [info] Added views:timeline in workbench.view.explorer
2024-11-17 17:16:11.363 [info] Added views:workbench.explorer.fileView in workbench.view.explorer
2024-11-17 17:16:11.723 [info] Added views:workbench.debug.welcome in workbench.view.debug
2024-11-17 17:16:13.343 [info] Added views:workbench.panel.repl.view in workbench.panel.repl
2024-11-17 17:16:14.118 [info] Added views:workbench.view.testing in workbench.view.extension.test
2024-11-17 17:16:15.329 [info] Added views:~remote.forwardedPorts in ~remote.forwardedPortsContainer
2024-11-17 17:16:16.448 [info] Added views:workbench.scm.history in workbench.view.scm
2024-11-17 17:16:17.615 [info] Added views:workbench.views.extensions.installed,workbench.views.extensions.popular,extensions.recommendedList in workbench.view.extensions
2024-11-17 17:16:17.618 [info] Removed views:workbench.views.extensions.popular from workbench.view.extensions
2024-11-17 17:16:59.267 [info] Removed views:extensions.recommendedList,workbench.views.extensions.installed from workbench.view.extensions
2024-11-17 17:16:59.307 [info] Added views:workbench.views.extensions.marketplace in workbench.view.extensions
2024-11-17 17:19:58.937 [info] Removed views:workbench.views.extensions.marketplace from workbench.view.extensions
2024-11-17 17:19:58.957 [info] Added views:workbench.views.extensions.installed,extensions.recommendedList in workbench.view.extensions
2024-11-17 17:20:05.822 [info] Removed views:extensions.recommendedList,workbench.views.extensions.installed from workbench.view.extensions
2024-11-17 17:20:05.832 [info] Added views:workbench.views.extensions.marketplace in workbench.view.extensions
2024-11-17 18:57:12.982 [info] Removed views:workbench.scm.history from workbench.view.scm
2024-11-17 18:57:12.985 [info] Removed views:workbench.view.testing from workbench.view.extension.test
