2024-11-17 17:16:16.602 [info] Reading sessions from keychain...
2024-11-17 17:16:16.602 [info] Getting sessions for all scopes...
2024-11-17 17:16:16.602 [info] Getting sessions for all scopes...
2024-11-17 17:16:16.602 [info] Getting sessions for all scopes...
2024-11-17 17:16:16.602 [info] Getting sessions for user:email...
2024-11-17 17:16:16.602 [info] Got stored sessions!
2024-11-17 17:16:16.602 [info] Got 1 verified sessions.
2024-11-17 17:16:16.602 [info] Got 1 sessions for ...
2024-11-17 17:16:16.602 [info] Got 1 sessions for ...
2024-11-17 17:16:16.602 [info] Got 1 sessions for ...
2024-11-17 17:16:16.602 [info] Got 1 sessions for user:email...
2024-11-17 17:16:16.602 [info] Getting sessions for user:email...
2024-11-17 17:16:16.602 [info] Got 1 sessions for user:email...
2024-11-17 17:16:16.602 [info] Getting sessions for user:email...
2024-11-17 17:16:16.602 [info] Got 1 sessions for user:email...
2024-11-17 17:16:16.602 [info] Getting sessions for user:email...
2024-11-17 17:16:16.602 [info] Got 1 sessions for user:email...
2024-11-17 17:16:16.602 [info] Getting sessions for user:email...
2024-11-17 17:16:16.602 [info] Got 1 sessions for user:email...
2024-11-17 17:16:16.725 [info] Getting sessions for read:user,repo,user:email,workflow...
2024-11-17 17:16:16.725 [info] Got 0 sessions for read:user,repo,user:email,workflow...
2024-11-17 18:51:11.469 [info] Getting sessions for read:user,repo,user:email,workflow...
2024-11-17 18:51:11.469 [info] Got 0 sessions for read:user,repo,user:email,workflow...
2024-11-17 18:51:13.249 [info] Logging in with 'any' account...
2024-11-17 18:51:13.249 [info] Logging in for the following scopes: read:user repo user:email workflow
2024-11-17 18:51:13.263 [info] Trying without local server... (read:user repo user:email workflow)
2024-11-17 18:51:18.186 [info] Exchanging code for token...
2024-11-17 18:51:18.501 [info] Token exchange success!
2024-11-17 18:51:18.502 [info] Getting user info...
2024-11-17 18:51:18.881 [info] Got account info!
2024-11-17 18:51:18.882 [info] Storing 2 sessions...
2024-11-17 18:51:18.890 [info] Reading sessions from keychain...
2024-11-17 18:51:18.890 [info] Stored 2 sessions!
2024-11-17 18:51:18.890 [info] Login success!
2024-11-17 18:51:18.895 [info] Getting sessions for user:email...
2024-11-17 18:51:18.899 [info] Getting sessions for user:email...
2024-11-17 18:51:18.941 [info] Got stored sessions!
2024-11-17 18:51:18.941 [info] Got 2 verified sessions.
2024-11-17 18:51:18.941 [info] Got 1 sessions for user:email...
2024-11-17 18:51:18.941 [info] Got 1 sessions for user:email...
2024-11-17 18:51:19.293 [info] Getting sessions for read:user,repo,user:email,workflow...
2024-11-17 18:51:19.293 [info] Got 1 sessions for read:user,repo,user:email,workflow...
2024-11-17 18:51:19.320 [info] Getting sessions for read:user,repo,user:email,workflow...
2024-11-17 18:51:19.320 [info] Got 1 sessions for read:user,repo,user:email,workflow...
2024-11-17 18:51:19.355 [info] Getting sessions for read:user,repo,user:email,workflow...
2024-11-17 18:51:19.355 [info] Got 1 sessions for read:user,repo,user:email,workflow...
