2024-11-16 10:39:51.513 [info] [main] Log level: Info
2024-11-16 10:39:51.513 [info] [main] Validating found git in: "git"
2024-11-16 10:39:51.513 [info] [main] Using git "2.47.0" from "git"
2024-11-16 10:39:51.513 [info] [Model][doInitialScan] Initial repository scan started
2024-11-16 10:39:51.513 [info] > git rev-parse --show-toplevel [3ms]
2024-11-16 10:39:51.513 [info] fatal: not a git repository (or any parent up to mount point /)
Stopping at filesystem boundary (GIT_DISCOVERY_ACROSS_FILESYSTEM not set).
2024-11-16 10:39:51.513 [info] > git rev-parse --show-toplevel [4ms]
2024-11-16 10:39:51.513 [info] fatal: not a git repository (or any parent up to mount point /)
Stopping at filesystem boundary (GIT_DISCOVERY_ACROSS_FILESYSTEM not set).
2024-11-16 10:39:51.514 [info] > git rev-parse --show-toplevel [1ms]
2024-11-16 10:39:51.514 [info] fatal: not a git repository (or any parent up to mount point /)
Stopping at filesystem boundary (GIT_DISCOVERY_ACROSS_FILESYSTEM not set).
2024-11-16 10:39:51.516 [info] [Model][doInitialScan] Initial repository scan completed - repositories (0), closed repositories (0), parent repositories (0), unsafe repositories (0)
2024-11-16 10:39:51.634 [info] > git rev-parse --show-toplevel [8ms]
2024-11-16 10:39:51.634 [info] fatal: not a git repository (or any parent up to mount point /)
Stopping at filesystem boundary (GIT_DISCOVERY_ACROSS_FILESYSTEM not set).
2024-11-16 10:39:51.724 [info] > git rev-parse --show-toplevel [10ms]
2024-11-16 10:39:51.724 [info] fatal: not a git repository (or any parent up to mount point /)
Stopping at filesystem boundary (GIT_DISCOVERY_ACROSS_FILESYSTEM not set).
2024-11-16 10:39:51.801 [info] > git rev-parse --show-toplevel [69ms]
2024-11-16 10:39:51.801 [info] fatal: not a git repository (or any parent up to mount point /)
Stopping at filesystem boundary (GIT_DISCOVERY_ACROSS_FILESYSTEM not set).
2024-11-16 10:39:52.406 [info] > git rev-parse --show-toplevel [2ms]
2024-11-16 10:39:52.406 [info] fatal: not a git repository (or any parent up to mount point /)
Stopping at filesystem boundary (GIT_DISCOVERY_ACROSS_FILESYSTEM not set).
2024-11-16 10:40:04.719 [info] > git rev-parse --show-toplevel [5ms]
2024-11-16 10:40:04.720 [info] fatal: not a git repository (or any parent up to mount point /)
Stopping at filesystem boundary (GIT_DISCOVERY_ACROSS_FILESYSTEM not set).
2024-11-16 10:40:06.751 [info] > git rev-parse --show-toplevel [1ms]
2024-11-16 10:40:06.751 [info] fatal: not a git repository (or any parent up to mount point /)
Stopping at filesystem boundary (GIT_DISCOVERY_ACROSS_FILESYSTEM not set).
2024-11-16 10:40:40.656 [info] > git rev-parse --show-toplevel [2ms]
2024-11-16 10:40:40.656 [info] fatal: not a git repository (or any parent up to mount point /)
Stopping at filesystem boundary (GIT_DISCOVERY_ACROSS_FILESYSTEM not set).
