2024-11-04 10:09:42.103 [info] [main] Log level: Info
2024-11-04 10:09:42.103 [info] [main] Validating found git in: "git"
2024-11-04 10:09:42.103 [info] [main] Using git "2.47.0" from "git"
2024-11-04 10:09:42.103 [info] [Model][doInitialScan] Initial repository scan started
2024-11-04 10:09:42.103 [info] > git rev-parse --show-toplevel [38ms]
2024-11-04 10:09:42.103 [info] > git rev-parse --git-dir --git-common-dir [8ms]
2024-11-04 10:09:42.103 [info] [Model][openRepository] Opened repository: /home/felipersas/Documents/Problemas-Classicos-de-CC---Livro
2024-11-04 10:09:42.124 [info] > git rev-parse --show-toplevel [8ms]
2024-11-04 10:09:42.126 [info] > git config --get commit.template [16ms]
2024-11-04 10:09:42.151 [info] > git rev-parse --show-toplevel [15ms]
2024-11-04 10:09:42.160 [info] > git for-each-ref --format=%(refname)%00%(upstream:short)%00%(objectname)%00%(upstream:track)%00%(upstream:remotename)%00%(upstream:remoteref) refs/heads/main refs/remotes/main [15ms]
2024-11-04 10:09:42.166 [warning] [Git][revParse] Unable to read file: ENOENT: no such file or directory, open '/home/felipersas/Documents/Problemas-Classicos-de-CC---Livro/.git/refs/remotes/origin/main'
2024-11-04 10:09:42.167 [info] > git rev-parse --show-toplevel [8ms]
2024-11-04 10:09:42.174 [info] > git rev-parse refs/remotes/origin/main [8ms]
2024-11-04 10:09:42.190 [info] > git status -z -uall [9ms]
2024-11-04 10:09:42.190 [info] > git rev-parse --show-toplevel [16ms]
2024-11-04 10:09:42.197 [info] > git for-each-ref --sort -committerdate --format %(refname) %(objectname) %(*objectname) [9ms]
2024-11-04 10:09:42.218 [info] > git for-each-ref --format=%(refname)%00%(upstream:short)%00%(objectname)%00%(upstream:track)%00%(upstream:remotename)%00%(upstream:remoteref) refs/heads/main refs/remotes/main [9ms]
2024-11-04 10:09:42.227 [info] > git rev-parse --show-toplevel [30ms]
2024-11-04 10:09:42.234 [info] > git config --local branch.main.vscode-merge-base [8ms]
2024-11-04 10:09:42.241 [info] > git config --get commit.template [24ms]
2024-11-04 10:09:42.242 [info] > git rev-parse --show-toplevel [8ms]
2024-11-04 10:09:42.296 [info] > git for-each-ref --format=%(refname)%00%(upstream:short)%00%(objectname)%00%(upstream:track)%00%(upstream:remotename)%00%(upstream:remoteref) refs/heads/origin/main refs/remotes/origin/main [56ms]
2024-11-04 10:09:42.340 [info] > git merge-base refs/heads/main refs/remotes/origin/main [37ms]
2024-11-04 10:09:42.346 [info] > git rev-parse --show-toplevel [51ms]
2024-11-04 10:09:42.349 [info] [Model][doInitialScan] Initial repository scan completed - repositories (1), closed repositories (0), parent repositories (0), unsafe repositories (0)
2024-11-04 10:09:42.349 [info] > git for-each-ref --format=%(refname)%00%(upstream:short)%00%(objectname)%00%(upstream:track)%00%(upstream:remotename)%00%(upstream:remoteref) refs/heads/main refs/remotes/main [60ms]
2024-11-04 10:09:42.356 [warning] [Git][revParse] Unable to read file: ENOENT: no such file or directory, open '/home/felipersas/Documents/Problemas-Classicos-de-CC---Livro/.git/refs/remotes/origin/main'
2024-11-04 10:09:42.357 [info] > git diff --name-status -z --diff-filter=ADMR 9a6679219c2ebdd1756826e2bcf44b30965fbda1...refs/remotes/origin/main [10ms]
2024-11-04 10:09:42.358 [info] > git rev-parse refs/remotes/origin/main [2ms]
2024-11-04 10:09:42.371 [info] > git status -z -uall [7ms]
2024-11-04 10:09:42.373 [info] > git for-each-ref --sort -committerdate --format %(refname) %(objectname) %(*objectname) [3ms]
2024-11-04 10:09:42.391 [info] > git show --textconv :search_problems/dna_search.py [8ms]
2024-11-04 10:09:42.393 [info] > git ls-files --stage -- /home/felipersas/Documents/Problemas-Classicos-de-CC---Livro/search_problems/dna_search.py [3ms]
2024-11-04 10:09:42.400 [info] > git cat-file -s d467cf349a5693410ceae2f72a4517d389a54fed [2ms]
2024-11-04 10:09:42.638 [info] > git check-ignore -v -z --stdin [2ms]
2024-11-04 10:10:55.281 [info] > git show --textconv :search_problems/generic_search.py [8ms]
2024-11-04 10:10:55.283 [info] > git ls-files --stage -- /home/felipersas/Documents/Problemas-Classicos-de-CC---Livro/search_problems/generic_search.py [1ms]
2024-11-04 10:10:55.291 [info] > git cat-file -s ec8b5c83dcaecfdfbce612bd16efcb7b529d1ae8 [1ms]
2024-11-04 10:11:04.575 [info] > git check-ignore -v -z --stdin [4ms]
2024-11-04 10:11:04.953 [info] > git show --textconv :search_problems/dna_search.py [10ms]
2024-11-04 10:11:04.954 [info] > git ls-files --stage -- /home/felipersas/Documents/Problemas-Classicos-de-CC---Livro/search_problems/dna_search.py [2ms]
2024-11-04 10:11:04.965 [info] > git cat-file -s d467cf349a5693410ceae2f72a4517d389a54fed [2ms]
2024-11-04 10:11:08.092 [info] > git show --textconv :search_problems/maze/maze.py [9ms]
2024-11-04 10:11:08.094 [info] > git ls-files --stage -- /home/felipersas/Documents/Problemas-Classicos-de-CC---Livro/search_problems/maze/maze.py [3ms]
2024-11-04 10:11:08.103 [info] > git cat-file -s 39a060c2c8d9a416a0f7a9b3165a69f5386f7032 [2ms]
2024-11-04 10:18:37.787 [info] > git config --get commit.template [1ms]
2024-11-04 10:18:37.799 [info] > git for-each-ref --format=%(refname)%00%(upstream:short)%00%(objectname)%00%(upstream:track)%00%(upstream:remotename)%00%(upstream:remoteref) refs/heads/main refs/remotes/main [4ms]
2024-11-04 10:18:37.810 [warning] [Git][revParse] Unable to read file: ENOENT: no such file or directory, open '/home/felipersas/Documents/Problemas-Classicos-de-CC---Livro/.git/refs/remotes/origin/main'
2024-11-04 10:18:37.812 [info] > git rev-parse refs/remotes/origin/main [2ms]
2024-11-04 10:18:37.828 [info] > git status -z -uall [8ms]
2024-11-04 10:18:37.829 [info] > git for-each-ref --sort -committerdate --format %(refname) %(objectname) %(*objectname) [2ms]
2024-11-04 10:44:22.758 [info] > git config --get commit.template [10ms]
2024-11-04 10:44:22.759 [info] > git for-each-ref --format=%(refname)%00%(upstream:short)%00%(objectname)%00%(upstream:track)%00%(upstream:remotename)%00%(upstream:remoteref) refs/heads/main refs/remotes/main [1ms]
2024-11-04 10:44:22.766 [warning] [Git][revParse] Unable to read file: ENOENT: no such file or directory, open '/home/felipersas/Documents/Problemas-Classicos-de-CC---Livro/.git/refs/remotes/origin/main'
2024-11-04 10:44:22.767 [info] > git rev-parse refs/remotes/origin/main [1ms]
2024-11-04 10:44:22.782 [info] > git status -z -uall [8ms]
2024-11-04 10:44:22.784 [info] > git for-each-ref --sort -committerdate --format %(refname) %(objectname) %(*objectname) [1ms]
2024-11-04 10:51:59.416 [info] > git config --get commit.template [3ms]
2024-11-04 10:51:59.428 [info] > git for-each-ref --format=%(refname)%00%(upstream:short)%00%(objectname)%00%(upstream:track)%00%(upstream:remotename)%00%(upstream:remoteref) refs/heads/main refs/remotes/main [2ms]
2024-11-04 10:51:59.437 [warning] [Git][revParse] Unable to read file: ENOENT: no such file or directory, open '/home/felipersas/Documents/Problemas-Classicos-de-CC---Livro/.git/refs/remotes/origin/main'
2024-11-04 10:51:59.439 [info] > git rev-parse refs/remotes/origin/main [2ms]
2024-11-04 10:51:59.455 [info] > git status -z -uall [9ms]
2024-11-04 10:51:59.456 [info] > git for-each-ref --sort -committerdate --format %(refname) %(objectname) %(*objectname) [2ms]
2024-11-04 11:04:29.153 [info] > git show --textconv :search_problems/generic_search.py [8ms]
2024-11-04 11:04:29.154 [info] > git ls-files --stage -- /home/felipersas/Documents/Problemas-Classicos-de-CC---Livro/search_problems/generic_search.py [2ms]
2024-11-04 11:04:29.162 [info] > git cat-file -s ec8b5c83dcaecfdfbce612bd16efcb7b529d1ae8 [1ms]
2024-11-04 11:06:33.370 [info] > git config --get commit.template [11ms]
2024-11-04 11:06:33.371 [info] > git for-each-ref --format=%(refname)%00%(upstream:short)%00%(objectname)%00%(upstream:track)%00%(upstream:remotename)%00%(upstream:remoteref) refs/heads/main refs/remotes/main [3ms]
2024-11-04 11:06:33.379 [warning] [Git][revParse] Unable to read file: ENOENT: no such file or directory, open '/home/felipersas/Documents/Problemas-Classicos-de-CC---Livro/.git/refs/remotes/origin/main'
2024-11-04 11:06:33.381 [info] > git rev-parse refs/remotes/origin/main [1ms]
2024-11-04 11:06:33.400 [info] > git status -z -uall [12ms]
2024-11-04 11:06:33.401 [info] > git for-each-ref --sort -committerdate --format %(refname) %(objectname) %(*objectname) [3ms]
2024-11-04 11:10:14.674 [info] > git config --get commit.template [25ms]
2024-11-04 11:10:14.676 [info] > git for-each-ref --format=%(refname)%00%(upstream:short)%00%(objectname)%00%(upstream:track)%00%(upstream:remotename)%00%(upstream:remoteref) refs/heads/main refs/remotes/main [6ms]
2024-11-04 11:10:14.692 [warning] [Git][revParse] Unable to read file: ENOENT: no such file or directory, open '/home/felipersas/Documents/Problemas-Classicos-de-CC---Livro/.git/refs/remotes/origin/main'
2024-11-04 11:10:14.695 [info] > git rev-parse refs/remotes/origin/main [3ms]
2024-11-04 11:10:14.724 [info] > git status -z -uall [15ms]
2024-11-04 11:10:14.726 [info] > git for-each-ref --sort -committerdate --format %(refname) %(objectname) %(*objectname) [3ms]
2024-11-04 11:18:34.795 [info] > git show --textconv :search_problems/maze/maze.py [16ms]
2024-11-04 11:18:34.798 [info] > git ls-files --stage -- /home/felipersas/Documents/Problemas-Classicos-de-CC---Livro/search_problems/maze/maze.py [5ms]
2024-11-04 11:18:34.833 [info] > git cat-file -s 39a060c2c8d9a416a0f7a9b3165a69f5386f7032 [15ms]
2024-11-04 11:20:21.577 [info] > git show --textconv :search_problems/maze/maze.py [16ms]
2024-11-04 11:20:21.579 [info] > git ls-files --stage -- /home/felipersas/Documents/Problemas-Classicos-de-CC---Livro/search_problems/maze/maze.py [3ms]
2024-11-04 11:20:21.602 [info] > git cat-file -s 39a060c2c8d9a416a0f7a9b3165a69f5386f7032 [8ms]
2024-11-04 11:20:33.620 [info] > git show --textconv :search_problems/maze/maze.py [16ms]
2024-11-04 11:20:33.625 [info] > git ls-files --stage -- /home/felipersas/Documents/Problemas-Classicos-de-CC---Livro/search_problems/maze/maze.py [7ms]
2024-11-04 11:20:33.644 [info] > git cat-file -s 39a060c2c8d9a416a0f7a9b3165a69f5386f7032 [9ms]
2024-11-04 11:20:38.143 [info] > git show --textconv :search_problems/maze/maze.py [15ms]
2024-11-04 11:20:38.151 [info] > git ls-files --stage -- /home/felipersas/Documents/Problemas-Classicos-de-CC---Livro/search_problems/maze/maze.py [8ms]
2024-11-04 11:20:38.166 [info] > git cat-file -s 39a060c2c8d9a416a0f7a9b3165a69f5386f7032 [5ms]
2024-11-04 11:20:40.497 [info] > git show --textconv :search_problems/maze/maze.py [11ms]
2024-11-04 11:20:40.499 [info] > git ls-files --stage -- /home/felipersas/Documents/Problemas-Classicos-de-CC---Livro/search_problems/maze/maze.py [3ms]
2024-11-04 11:20:40.513 [info] > git cat-file -s 39a060c2c8d9a416a0f7a9b3165a69f5386f7032 [5ms]
2024-11-04 11:22:05.141 [info] > git config --get commit.template [27ms]
2024-11-04 11:22:05.143 [info] > git for-each-ref --format=%(refname)%00%(upstream:short)%00%(objectname)%00%(upstream:track)%00%(upstream:remotename)%00%(upstream:remoteref) refs/heads/main refs/remotes/main [6ms]
2024-11-04 11:22:05.164 [warning] [Git][revParse] Unable to read file: ENOENT: no such file or directory, open '/home/felipersas/Documents/Problemas-Classicos-de-CC---Livro/.git/refs/remotes/origin/main'
2024-11-04 11:22:05.168 [info] > git rev-parse refs/remotes/origin/main [4ms]
2024-11-04 11:22:05.217 [info] > git status -z -uall [28ms]
2024-11-04 11:22:05.221 [info] > git for-each-ref --sort -committerdate --format %(refname) %(objectname) %(*objectname) [9ms]
2024-11-04 11:25:49.552 [info] > git config --get commit.template [27ms]
2024-11-04 11:25:49.555 [info] > git for-each-ref --format=%(refname)%00%(upstream:short)%00%(objectname)%00%(upstream:track)%00%(upstream:remotename)%00%(upstream:remoteref) refs/heads/main refs/remotes/main [5ms]
2024-11-04 11:25:49.575 [warning] [Git][revParse] Unable to read file: ENOENT: no such file or directory, open '/home/felipersas/Documents/Problemas-Classicos-de-CC---Livro/.git/refs/remotes/origin/main'
2024-11-04 11:25:49.582 [info] > git rev-parse refs/remotes/origin/main [7ms]
2024-11-04 11:25:49.625 [info] > git status -z -uall [23ms]
2024-11-04 11:25:49.629 [info] > git for-each-ref --sort -committerdate --format %(refname) %(objectname) %(*objectname) [5ms]
2024-11-04 11:27:10.337 [info] > git config --get commit.template [10ms]
2024-11-04 11:27:10.365 [info] > git for-each-ref --format=%(refname)%00%(upstream:short)%00%(objectname)%00%(upstream:track)%00%(upstream:remotename)%00%(upstream:remoteref) refs/heads/main refs/remotes/main [6ms]
2024-11-04 11:27:10.387 [warning] [Git][revParse] Unable to read file: ENOENT: no such file or directory, open '/home/felipersas/Documents/Problemas-Classicos-de-CC---Livro/.git/refs/remotes/origin/main'
2024-11-04 11:27:10.392 [info] > git rev-parse refs/remotes/origin/main [5ms]
2024-11-04 11:27:10.439 [info] > git status -z -uall [25ms]
2024-11-04 11:27:10.443 [info] > git for-each-ref --sort -committerdate --format %(refname) %(objectname) %(*objectname) [6ms]
2024-11-04 11:27:35.141 [info] > git config --get commit.template [26ms]
2024-11-04 11:27:35.145 [info] > git for-each-ref --format=%(refname)%00%(upstream:short)%00%(objectname)%00%(upstream:track)%00%(upstream:remotename)%00%(upstream:remoteref) refs/heads/main refs/remotes/main [7ms]
2024-11-04 11:27:35.167 [warning] [Git][revParse] Unable to read file: ENOENT: no such file or directory, open '/home/felipersas/Documents/Problemas-Classicos-de-CC---Livro/.git/refs/remotes/origin/main'
2024-11-04 11:27:35.200 [info] > git rev-parse refs/remotes/origin/main [32ms]
2024-11-04 11:27:35.247 [info] > git status -z -uall [26ms]
2024-11-04 11:27:35.251 [info] > git for-each-ref --sort -committerdate --format %(refname) %(objectname) %(*objectname) [6ms]
2024-11-04 11:27:48.148 [info] > git config --get commit.template [5ms]
2024-11-04 11:27:48.174 [info] > git for-each-ref --format=%(refname)%00%(upstream:short)%00%(objectname)%00%(upstream:track)%00%(upstream:remotename)%00%(upstream:remoteref) refs/heads/main refs/remotes/main [6ms]
2024-11-04 11:27:48.194 [warning] [Git][revParse] Unable to read file: ENOENT: no such file or directory, open '/home/felipersas/Documents/Problemas-Classicos-de-CC---Livro/.git/refs/remotes/origin/main'
2024-11-04 11:27:48.198 [info] > git rev-parse refs/remotes/origin/main [4ms]
2024-11-04 11:27:48.241 [info] > git status -z -uall [22ms]
2024-11-04 11:27:48.244 [info] > git for-each-ref --sort -committerdate --format %(refname) %(objectname) %(*objectname) [5ms]
2024-11-04 11:50:48.971 [info] > git show --textconv :search_problems/maze/maze.py [40ms]
2024-11-04 11:50:48.985 [info] > git ls-files --stage -- /home/felipersas/Documents/Problemas-Classicos-de-CC---Livro/search_problems/maze/maze.py [19ms]
2024-11-04 11:50:49.019 [info] > git cat-file -s 39a060c2c8d9a416a0f7a9b3165a69f5386f7032 [9ms]
2024-11-04 12:02:20.903 [info] > git config --get commit.template [6ms]
2024-11-04 12:02:20.931 [info] > git for-each-ref --format=%(refname)%00%(upstream:short)%00%(objectname)%00%(upstream:track)%00%(upstream:remotename)%00%(upstream:remoteref) refs/heads/main refs/remotes/main [6ms]
2024-11-04 12:02:20.952 [warning] [Git][revParse] Unable to read file: ENOENT: no such file or directory, open '/home/felipersas/Documents/Problemas-Classicos-de-CC---Livro/.git/refs/remotes/origin/main'
2024-11-04 12:02:20.956 [info] > git rev-parse refs/remotes/origin/main [4ms]
2024-11-04 12:02:20.999 [info] > git status -z -uall [23ms]
2024-11-04 12:02:21.004 [info] > git for-each-ref --sort -committerdate --format %(refname) %(objectname) %(*objectname) [5ms]
