2024-11-04 10:04:18.077 [info] Added views:outline in workbench.view.explorer
2024-11-04 10:04:18.077 [info] Added views:workbench.view.search in workbench.view.search
2024-11-04 10:04:18.077 [info] Added views:workbench.scm in workbench.view.scm
2024-11-04 10:04:18.077 [info] Added views:workbench.panel.markers.view in workbench.panel.markers
2024-11-04 10:04:18.077 [info] Added views:workbench.panel.output in workbench.panel.output
2024-11-04 10:04:18.077 [info] Added views:terminal in terminal
2024-11-04 10:04:18.077 [info] Added views:timeline in workbench.view.explorer
2024-11-04 10:04:18.077 [info] Added views:workbench.explorer.fileView in workbench.view.explorer
2024-11-04 10:04:18.686 [info] Added views:workbench.debug.variablesView,workbench.debug.watchExpressionsView,workbench.debug.callStackView,workbench.debug.breakPointsView in workbench.view.debug
2024-11-04 10:04:18.796 [info] Added views:~remote.forwardedPorts in ~remote.forwardedPortsContainer
2024-11-04 10:04:19.187 [info] Added views:workbench.panel.repl.view in workbench.panel.repl
2024-11-04 10:04:19.187 [info] Removed views:workbench.debug.breakPointsView,workbench.debug.callStackView,workbench.debug.watchExpressionsView,workbench.debug.variablesView from workbench.view.debug
2024-11-04 10:04:19.188 [info] Added views:workbench.debug.welcome in workbench.view.debug
2024-11-04 10:04:21.082 [info] Added views:workbench.scm.history in workbench.view.scm
2024-11-04 10:08:54.042 [info] Added views:workbench.views.extensions.installed,workbench.views.extensions.popular,extensions.recommendedList in workbench.view.extensions
2024-11-04 10:08:54.051 [info] Removed views:workbench.views.extensions.popular from workbench.view.extensions
2024-11-04 10:08:54.271 [info] Added views:workbench.views.extensions.popular in workbench.view.extensions
2024-11-04 10:08:54.666 [info] Removed views:extensions.recommendedList,workbench.views.extensions.popular,workbench.views.extensions.installed from workbench.view.extensions
2024-11-04 10:08:54.680 [info] Added views:workbench.views.extensions.marketplace in workbench.view.extensions
2024-11-04 10:09:07.760 [info] Added views:workbench.view.testing in workbench.view.extension.test
2024-11-04 10:09:32.765 [info] Removed views:workbench.scm.history from workbench.view.scm
2024-11-04 10:09:32.768 [info] Removed views:workbench.view.testing from workbench.view.extension.test
