2024-11-17 17:16:17.399 [info] /home/felipersas/.config/Code/User/settings.json closed
2024-11-17 17:16:19.057 [info] /home/felipersas/Codes/Problemas-Classicos-de-CC---Livro/search_problems/generic_search.py closed
2024-11-17 17:16:19.082 [info] /home/felipersas/Codes/Problemas-Classicos-de-CC---Livro/search_problems/generic_search.py.git closed
2024-11-17 17:16:35.590 [info] /home/felipersas/.config/Code/User/settings.json closed
2024-11-17 17:16:35.612 [info] Configuration changed
2024-11-17 17:16:36.331 [info] Active editor: file:///home/felipersas/Codes/Problemas-Classicos-de-CC---Livro/search_problems/maze.py
2024-11-17 17:16:38.039 [info] /home/felipersas/Codes/Problemas-Classicos-de-CC---Livro/search_problems/maze.py.git closed
2024-11-17 17:16:42.651 [info] /home/felipersas/.config/Code/User/settings.json closed
2024-11-17 17:16:42.704 [info] Configuration changed
2024-11-17 17:16:45.237 [info] Active editor: file:///home/felipersas/Codes/Problemas-Classicos-de-CC---Livro/search_problems/maze.py
2024-11-17 17:17:07.457 [info] /home/felipersas/Codes/Problemas-Classicos-de-CC---Livro/search_problems/maze.py.git closed
2024-11-17 17:17:41.715 [info] /home/felipersas/.config/Code/User/settings.json closed
2024-11-17 17:17:41.739 [info] Configuration changed
2024-11-17 17:17:42.119 [info] Active editor: file:///home/felipersas/Codes/Problemas-Classicos-de-CC---Livro/search_problems/maze.py
2024-11-17 17:17:44.489 [info] /home/felipersas/Codes/Problemas-Classicos-de-CC---Livro/search_problems/maze.py.git closed
2024-11-17 17:17:46.833 [info] /home/felipersas/.config/Code/User/settings.json closed
2024-11-17 17:17:46.917 [info] Configuration changed
2024-11-17 17:17:47.457 [info] Active editor: file:///home/felipersas/Codes/Problemas-Classicos-de-CC---Livro/search_problems/maze.py
2024-11-17 17:17:48.359 [info] /home/felipersas/Codes/Problemas-Classicos-de-CC---Livro/search_problems/maze.py.git closed
2024-11-17 17:17:49.692 [info] /home/felipersas/.config/Code/User/settings.json closed
2024-11-17 17:17:49.710 [info] Configuration changed
2024-11-17 17:17:50.078 [info] Active editor: file:///home/felipersas/Codes/Problemas-Classicos-de-CC---Livro/search_problems/maze.py
2024-11-17 17:17:52.580 [info] /home/felipersas/Codes/Problemas-Classicos-de-CC---Livro/search_problems/maze.py.git closed
2024-11-17 17:17:54.213 [info] /home/felipersas/.config/Code/User/settings.json closed
2024-11-17 17:17:54.238 [info] Configuration changed
2024-11-17 17:17:54.592 [info] Active editor: file:///home/felipersas/Codes/Problemas-Classicos-de-CC---Livro/search_problems/maze.py
2024-11-17 17:20:01.424 [info] /home/felipersas/Codes/Problemas-Classicos-de-CC---Livro/search_problems/maze.py.git closed
2024-11-17 17:20:02.130 [info] Active editor: file:///home/felipersas/Codes/Problemas-Classicos-de-CC---Livro/search_problems/maze.py
2024-11-17 17:20:07.370 [info] /home/felipersas/Codes/Problemas-Classicos-de-CC---Livro/search_problems/maze.py.git closed
2024-11-17 17:20:16.801 [info] Active editor: file:///home/felipersas/Codes/Problemas-Classicos-de-CC---Livro/search_problems/maze.py
2024-11-17 17:20:19.144 [info] Active editor: file:///home/felipersas/Codes/Problemas-Classicos-de-CC---Livro/search_problems/dna_search.py
2024-11-17 17:20:19.166 [info] /home/felipersas/Codes/Problemas-Classicos-de-CC---Livro/search_problems/maze.py.git closed
2024-11-17 17:20:19.656 [info] /home/felipersas/Codes/Problemas-Classicos-de-CC---Livro/search_problems/dna_search.py closed
2024-11-17 17:20:19.719 [info] Active editor: file:///home/felipersas/Codes/Problemas-Classicos-de-CC---Livro/search_problems/generic_search.py
2024-11-17 17:20:19.741 [info] /home/felipersas/Codes/Problemas-Classicos-de-CC---Livro/search_problems/dna_search.py.git closed
2024-11-17 17:22:22.979 [info] Active editor: file:///home/felipersas/Codes/Problemas-Classicos-de-CC---Livro/search_problems/maze.py
2024-11-17 17:22:22.994 [info] /home/felipersas/Codes/Problemas-Classicos-de-CC---Livro/search_problems/generic_search.py.git closed
2024-11-17 17:22:23.613 [info] Active editor: file:///home/felipersas/Codes/Problemas-Classicos-de-CC---Livro/search_problems/generic_search.py
2024-11-17 17:22:23.638 [info] /home/felipersas/Codes/Problemas-Classicos-de-CC---Livro/search_problems/maze.py.git closed
2024-11-17 17:32:44.118 [info] Active editor: file:///home/felipersas/Codes/Problemas-Classicos-de-CC---Livro/search_problems/maze.py
2024-11-17 17:32:44.134 [info] /home/felipersas/Codes/Problemas-Classicos-de-CC---Livro/search_problems/generic_search.py.git closed
2024-11-17 17:47:44.261 [info] Active editor: file:///home/felipersas/Codes/Problemas-Classicos-de-CC---Livro/search_problems/generic_search.py
2024-11-17 17:47:44.265 [info] /home/felipersas/Codes/Problemas-Classicos-de-CC---Livro/search_problems/maze.py.git closed
2024-11-17 17:59:28.713 [info] Executing :w
2024-11-17 17:59:51.993 [info] Executing :w
2024-11-17 18:01:06.973 [info] Active editor: file:///home/felipersas/Codes/Problemas-Classicos-de-CC---Livro/search_problems/maze.py
2024-11-17 18:01:06.977 [info] /home/felipersas/Codes/Problemas-Classicos-de-CC---Livro/search_problems/generic_search.py.git closed
2024-11-17 18:04:25.041 [info] Active editor: file:///home/felipersas/Codes/Problemas-Classicos-de-CC---Livro/search_problems/generic_search.py
2024-11-17 18:04:25.052 [info] /home/felipersas/Codes/Problemas-Classicos-de-CC---Livro/search_problems/maze.py.git closed
2024-11-17 18:05:04.758 [info] Active editor: file:///home/felipersas/Codes/Problemas-Classicos-de-CC---Livro/search_problems/maze.py
2024-11-17 18:05:04.772 [info] /home/felipersas/Codes/Problemas-Classicos-de-CC---Livro/search_problems/generic_search.py.git closed
2024-11-17 18:05:24.716 [info] Active editor: file:///home/felipersas/Codes/Problemas-Classicos-de-CC---Livro/search_problems/generic_search.py
2024-11-17 18:05:24.725 [info] /home/felipersas/Codes/Problemas-Classicos-de-CC---Livro/search_problems/maze.py.git closed
2024-11-17 18:06:29.306 [info] Active editor: file:///home/felipersas/Codes/Problemas-Classicos-de-CC---Livro/search_problems/maze.py
2024-11-17 18:06:29.321 [info] /home/felipersas/Codes/Problemas-Classicos-de-CC---Livro/search_problems/generic_search.py.git closed
2024-11-17 18:07:21.357 [info] Active editor: file:///home/felipersas/Codes/Problemas-Classicos-de-CC---Livro/search_problems/generic_search.py
2024-11-17 18:07:21.371 [info] /home/felipersas/Codes/Problemas-Classicos-de-CC---Livro/search_problems/maze.py.git closed
2024-11-17 18:08:20.656 [info] Active editor: file:///home/felipersas/Codes/Problemas-Classicos-de-CC---Livro/search_problems/maze.py
2024-11-17 18:08:20.664 [info] /home/felipersas/Codes/Problemas-Classicos-de-CC---Livro/search_problems/generic_search.py.git closed
2024-11-17 18:08:33.273 [info] Active editor: file:///home/felipersas/Codes/Problemas-Classicos-de-CC---Livro/search_problems/generic_search.py
2024-11-17 18:08:33.288 [info] /home/felipersas/Codes/Problemas-Classicos-de-CC---Livro/search_problems/maze.py.git closed
2024-11-17 18:08:56.723 [info] Active editor: file:///home/felipersas/Codes/Problemas-Classicos-de-CC---Livro/search_problems/maze.py
2024-11-17 18:08:56.731 [info] /home/felipersas/Codes/Problemas-Classicos-de-CC---Livro/search_problems/generic_search.py.git closed
2024-11-17 18:09:22.388 [info] Active editor: file:///home/felipersas/Codes/Problemas-Classicos-de-CC---Livro/search_problems/generic_search.py
2024-11-17 18:09:22.397 [info] /home/felipersas/Codes/Problemas-Classicos-de-CC---Livro/search_problems/maze.py.git closed
2024-11-17 18:10:56.730 [info] Active editor: file:///home/felipersas/Codes/Problemas-Classicos-de-CC---Livro/search_problems/maze.py
2024-11-17 18:10:56.746 [info] /home/felipersas/Codes/Problemas-Classicos-de-CC---Livro/search_problems/generic_search.py.git closed
2024-11-17 18:11:01.606 [info] Active editor: file:///home/felipersas/Codes/Problemas-Classicos-de-CC---Livro/search_problems/generic_search.py
2024-11-17 18:11:01.619 [info] /home/felipersas/Codes/Problemas-Classicos-de-CC---Livro/search_problems/maze.py.git closed
2024-11-17 18:13:25.136 [info] Active editor: file:///home/felipersas/Codes/Problemas-Classicos-de-CC---Livro/search_problems/maze.py
2024-11-17 18:13:25.148 [info] /home/felipersas/Codes/Problemas-Classicos-de-CC---Livro/search_problems/generic_search.py.git closed
2024-11-17 18:13:27.934 [info] Active editor: file:///home/felipersas/Codes/Problemas-Classicos-de-CC---Livro/search_problems/generic_search.py
2024-11-17 18:13:27.942 [info] /home/felipersas/Codes/Problemas-Classicos-de-CC---Livro/search_problems/maze.py.git closed
2024-11-17 18:14:16.911 [info] Active editor: file:///home/felipersas/Codes/Problemas-Classicos-de-CC---Livro/search_problems/maze.py
2024-11-17 18:14:16.924 [info] /home/felipersas/Codes/Problemas-Classicos-de-CC---Livro/search_problems/generic_search.py.git closed
2024-11-17 18:17:05.241 [info] Active editor: file:///home/felipersas/Codes/Problemas-Classicos-de-CC---Livro/search_problems/generic_search.py
2024-11-17 18:17:05.250 [info] /home/felipersas/Codes/Problemas-Classicos-de-CC---Livro/search_problems/maze.py.git closed
2024-11-17 18:17:51.679 [info] Active editor: file:///home/felipersas/Codes/Problemas-Classicos-de-CC---Livro/search_problems/maze.py
2024-11-17 18:17:51.689 [info] /home/felipersas/Codes/Problemas-Classicos-de-CC---Livro/search_problems/generic_search.py.git closed
2024-11-17 18:18:29.589 [info] /home/felipersas/Codes/Problemas-Classicos-de-CC---Livro/search_problems/maze.py closed
2024-11-17 18:18:29.591 [warning] getLineLength() called with out-of-bounds line 101
2024-11-17 18:18:29.591 [warning] invalid cursor position. [[101, 65] | [101, 65]].
2024-11-17 18:18:29.596 [info] Active editor: file:///home/felipersas/Codes/Problemas-Classicos-de-CC---Livro/search_problems/generic_search.py
2024-11-17 18:18:29.603 [info] /home/felipersas/Codes/Problemas-Classicos-de-CC---Livro/search_problems/maze.py.git closed
2024-11-17 18:18:34.544 [info] Active editor: file:///home/felipersas/Codes/Problemas-Classicos-de-CC---Livro/search_problems/maze.py
2024-11-17 18:18:34.555 [info] /home/felipersas/Codes/Problemas-Classicos-de-CC---Livro/search_problems/generic_search.py.git closed
2024-11-17 18:18:48.873 [info] Active editor: file:///home/felipersas/Codes/Problemas-Classicos-de-CC---Livro/search_problems/generic_search.py
2024-11-17 18:18:48.881 [info] /home/felipersas/Codes/Problemas-Classicos-de-CC---Livro/search_problems/maze.py.git closed
2024-11-17 18:18:50.460 [info] Active editor: file:///home/felipersas/Codes/Problemas-Classicos-de-CC---Livro/search_problems/maze.py
2024-11-17 18:18:50.469 [info] /home/felipersas/Codes/Problemas-Classicos-de-CC---Livro/search_problems/generic_search.py.git closed
2024-11-17 18:19:30.586 [info] Active editor: file:///home/felipersas/Codes/Problemas-Classicos-de-CC---Livro/search_problems/generic_search.py
2024-11-17 18:19:30.593 [info] /home/felipersas/Codes/Problemas-Classicos-de-CC---Livro/search_problems/maze.py.git closed
2024-11-17 18:19:54.304 [info] Active editor: file:///home/felipersas/Codes/Problemas-Classicos-de-CC---Livro/search_problems/maze.py
2024-11-17 18:19:54.311 [info] /home/felipersas/Codes/Problemas-Classicos-de-CC---Livro/search_problems/generic_search.py.git closed
2024-11-17 18:20:03.594 [info] Active editor: file:///home/felipersas/Codes/Problemas-Classicos-de-CC---Livro/search_problems/generic_search.py
2024-11-17 18:20:03.604 [info] /home/felipersas/Codes/Problemas-Classicos-de-CC---Livro/search_problems/maze.py.git closed
2024-11-17 18:20:27.579 [info] Active editor: file:///home/felipersas/Codes/Problemas-Classicos-de-CC---Livro/search_problems/maze.py
2024-11-17 18:20:27.587 [info] /home/felipersas/Codes/Problemas-Classicos-de-CC---Livro/search_problems/generic_search.py.git closed
2024-11-17 18:20:29.092 [info] Active editor: file:///home/felipersas/Codes/Problemas-Classicos-de-CC---Livro/search_problems/generic_search.py
2024-11-17 18:20:29.101 [info] /home/felipersas/Codes/Problemas-Classicos-de-CC---Livro/search_problems/maze.py.git closed
2024-11-17 18:20:39.177 [info] Active editor: file:///home/felipersas/Codes/Problemas-Classicos-de-CC---Livro/search_problems/maze.py
2024-11-17 18:20:39.186 [info] /home/felipersas/Codes/Problemas-Classicos-de-CC---Livro/search_problems/generic_search.py.git closed
