2024-11-16 17:08:10.000 [info] [main] Log level: Info
2024-11-16 17:08:10.000 [info] [main] Validating found git in: "git"
2024-11-16 17:08:10.000 [info] [main] Using git "2.47.0" from "git"
2024-11-16 17:08:10.000 [info] [Model][doInitialScan] Initial repository scan started
2024-11-16 17:08:10.000 [info] > git rev-parse --show-toplevel [4ms]
2024-11-16 17:08:10.000 [info] fatal: not a git repository (or any parent up to mount point /)
Stopping at filesystem boundary (GIT_DISCOVERY_ACROSS_FILESYSTEM not set).
2024-11-16 17:08:10.000 [info] > git rev-parse --show-toplevel [6ms]
2024-11-16 17:08:10.000 [info] fatal: not a git repository (or any parent up to mount point /)
Stopping at filesystem boundary (GIT_DISCOVERY_ACROSS_FILESYSTEM not set).
2024-11-16 17:08:10.000 [info] > git rev-parse --show-toplevel [65ms]
2024-11-16 17:08:10.000 [info] fatal: not a git repository (or any parent up to mount point /)
Stopping at filesystem boundary (GIT_DISCOVERY_ACROSS_FILESYSTEM not set).
2024-11-16 17:08:10.000 [info] [Model][doInitialScan] Initial repository scan completed - repositories (0), closed repositories (0), parent repositories (0), unsafe repositories (0)
2024-11-16 17:08:10.082 [info] > git rev-parse --show-toplevel [1ms]
2024-11-16 17:08:10.082 [info] fatal: not a git repository (or any parent up to mount point /)
Stopping at filesystem boundary (GIT_DISCOVERY_ACROSS_FILESYSTEM not set).
2024-11-16 17:08:10.515 [info] > git rev-parse --show-toplevel [2ms]
2024-11-16 17:08:10.515 [info] fatal: not a git repository (or any parent up to mount point /)
Stopping at filesystem boundary (GIT_DISCOVERY_ACROSS_FILESYSTEM not set).
2024-11-16 17:08:10.523 [info] > git rev-parse --show-toplevel [3ms]
2024-11-16 17:08:10.523 [info] fatal: not a git repository (or any parent up to mount point /)
Stopping at filesystem boundary (GIT_DISCOVERY_ACROSS_FILESYSTEM not set).
2024-11-16 17:08:10.762 [info] > git rev-parse --show-toplevel [3ms]
2024-11-16 17:08:10.762 [info] fatal: not a git repository (or any parent up to mount point /)
Stopping at filesystem boundary (GIT_DISCOVERY_ACROSS_FILESYSTEM not set).
2024-11-16 17:08:18.942 [info] > git rev-parse --show-toplevel [8ms]
2024-11-16 17:08:18.942 [info] fatal: not a git repository (or any parent up to mount point /)
Stopping at filesystem boundary (GIT_DISCOVERY_ACROSS_FILESYSTEM not set).
