2024-11-16 10:39:49.920 [info] Started local extension host with pid 23306.
2024-11-16 10:39:51.206 [error] [Extension Host] TypeError: Cannot read properties of undefined (reading 'packageJSON')
	at m (/home/felipersas/.vscode/extensions/jonathanharty.gruvbox-material-icon-theme-1.1.5/dist/extension.js:1:59422)
	at /home/felipersas/.vscode/extensions/jonathanharty.gruvbox-material-icon-theme-1.1.5/dist/extension.js:1:59088
	at Generator.next (<anonymous>)
	at /home/felipersas/.vscode/extensions/jonathanharty.gruvbox-material-icon-theme-1.1.5/dist/extension.js:1:58625
	at new Promise (<anonymous>)
	at a (/home/felipersas/.vscode/extensions/jonathanharty.gruvbox-material-icon-theme-1.1.5/dist/extension.js:1:58370)
	at t.checkThemeStatus (/home/felipersas/.vscode/extensions/jonathanharty.gruvbox-material-icon-theme-1.1.5/dist/extension.js:1:59018)
	at /home/felipersas/.vscode/extensions/jonathanharty.gruvbox-material-icon-theme-1.1.5/dist/extension.js:1:52529
	at Generator.next (<anonymous>)
	at a (/home/felipersas/.vscode/extensions/jonathanharty.gruvbox-material-icon-theme-1.1.5/dist/extension.js:1:52022)
2024-11-16 10:39:51.207 [error] [Extension Host] TypeError: Cannot read properties of undefined (reading 'packageJSON')
	at t.getConfigProperties (/home/felipersas/.vscode/extensions/jonathanharty.gruvbox-material-icon-theme-1.1.5/dist/extension.js:1:55948)
	at a (/home/felipersas/.vscode/extensions/jonathanharty.gruvbox-material-icon-theme-1.1.5/dist/extension.js:1:53104)
	at t.detectConfigChanges (/home/felipersas/.vscode/extensions/jonathanharty.gruvbox-material-icon-theme-1.1.5/dist/extension.js:1:52934)
	at /home/felipersas/.vscode/extensions/jonathanharty.gruvbox-material-icon-theme-1.1.5/dist/extension.js:1:52624
	at Generator.next (<anonymous>)
	at a (/home/felipersas/.vscode/extensions/jonathanharty.gruvbox-material-icon-theme-1.1.5/dist/extension.js:1:52022)
2024-11-16 10:39:51.561 [info] Settings Sync: Updating authentication providers. Authentication Providers from store: [{"id":"github","scopes":["user:email"]},{"id":"microsoft","scopes":["openid","profile","email","offline_access"]}]
2024-11-16 10:39:51.561 [info] Settings Sync: Authentication providers updated []
2024-11-16 10:39:51.579 [info] Settings Sync: Updating authentication providers. Authentication Providers from store: [{"id":"github","scopes":["user:email"]},{"id":"microsoft","scopes":["openid","profile","email","offline_access"]}]
2024-11-16 10:39:51.579 [info] Settings Sync: Authentication providers updated ["github"]
2024-11-16 10:39:51.579 [info] Settings Sync: Updating authentication providers. Authentication Providers from store: [{"id":"github","scopes":["user:email"]},{"id":"microsoft","scopes":["openid","profile","email","offline_access"]}]
2024-11-16 10:39:51.579 [info] Settings Sync: Authentication providers updated ["github"]
2024-11-16 10:39:51.580 [info] Settings Sync: Updating due to declared authentication providers changed
2024-11-16 10:39:51.580 [info] Settings Sync: Updating authentication providers. Authentication Providers from store: [{"id":"github","scopes":["user:email"]},{"id":"microsoft","scopes":["openid","profile","email","offline_access"]}]
2024-11-16 10:39:51.580 [info] Settings Sync: Authentication providers updated ["github"]
2024-11-16 10:39:51.580 [info] Settings Sync: Updating authentication providers. Authentication Providers from store: [{"id":"github","scopes":["user:email"]},{"id":"microsoft","scopes":["openid","profile","email","offline_access"]}]
2024-11-16 10:39:51.581 [info] Settings Sync: Authentication providers updated ["github","microsoft"]
2024-11-16 10:39:51.581 [info] Settings Sync: Updating authentication providers. Authentication Providers from store: [{"id":"github","scopes":["user:email"]},{"id":"microsoft","scopes":["openid","profile","email","offline_access"]}]
2024-11-16 10:39:51.581 [info] Settings Sync: Authentication providers updated ["github","microsoft"]
2024-11-16 10:39:51.581 [info] Settings Sync: Updating due to declared authentication providers changed
2024-11-16 10:39:51.582 [info] Settings Sync: Updating authentication providers. Authentication Providers from store: [{"id":"github","scopes":["user:email"]},{"id":"microsoft","scopes":["openid","profile","email","offline_access"]}]
2024-11-16 10:39:51.582 [info] Settings Sync: Authentication providers updated ["github","microsoft"]
2024-11-16 10:39:51.686 [info] Settings Sync: Updating authentication providers. Authentication Providers from store: [{"id":"github","scopes":["user:email"]},{"id":"microsoft","scopes":["openid","profile","email","offline_access"]}]
2024-11-16 10:39:51.686 [info] Settings Sync: Authentication providers updated ["github","microsoft"]
2024-11-16 10:39:52.181 [info] Settings Sync: Updating authentication providers. Authentication Providers from store: [{"id":"github","scopes":["user:email"]},{"id":"microsoft","scopes":["openid","profile","email","offline_access"]}]
2024-11-16 10:39:52.181 [info] Settings Sync: Authentication providers updated ["github","microsoft"]
2024-11-16 10:39:52.661 [info] [perf] Render performance baseline is 31ms
