2024-11-17 17:16:16.450 [info] [main] Log level: Info
2024-11-17 17:16:16.450 [info] [main] Validating found git in: "git"
2024-11-17 17:16:16.450 [info] [main] Using git "2.47.0" from "git"
2024-11-17 17:16:16.450 [info] [Model][doInitialScan] Initial repository scan started
2024-11-17 17:16:16.450 [info] > git rev-parse --show-toplevel [173ms]
2024-11-17 17:16:16.450 [info] > git rev-parse --git-dir --git-common-dir [39ms]
2024-11-17 17:16:16.450 [info] [Model][openRepository] Opened repository: /home/felipersas/Codes/Problemas-Classicos-de-CC---Livro
2024-11-17 17:16:16.528 [info] > git rev-parse --show-toplevel [56ms]
2024-11-17 17:16:16.529 [info] > git config --get commit.template [66ms]
2024-11-17 17:16:16.587 [info] > git rev-parse --show-toplevel [42ms]
2024-11-17 17:16:16.601 [info] > git for-each-ref --format=%(refname)%00%(upstream:short)%00%(objectname)%00%(upstream:track)%00%(upstream:remotename)%00%(upstream:remoteref) refs/heads/main refs/remotes/main [17ms]
2024-11-17 17:16:16.610 [warning] [Git][revParse] Unable to read file: ENOENT: no such file or directory, open '/home/felipersas/Codes/Problemas-Classicos-de-CC---Livro/.git/refs/remotes/origin/main'
2024-11-17 17:16:16.621 [info] > git rev-parse refs/remotes/origin/main [11ms]
2024-11-17 17:16:16.641 [info] > git rev-parse --show-toplevel [40ms]
2024-11-17 17:16:16.651 [info] > git status -z -uall [19ms]
2024-11-17 17:16:16.654 [info] > git rev-parse --show-toplevel [4ms]
2024-11-17 17:16:16.655 [info] > git for-each-ref --sort -committerdate --format %(refname) %(objectname) %(*objectname) [15ms]
2024-11-17 17:16:16.693 [info] > git for-each-ref --format=%(refname)%00%(upstream:short)%00%(objectname)%00%(upstream:track)%00%(upstream:remotename)%00%(upstream:remoteref) refs/heads/main refs/remotes/main [21ms]
2024-11-17 17:16:16.703 [info] > git config --get commit.template [12ms]
2024-11-17 17:16:16.703 [info] > git rev-parse --show-toplevel [20ms]
2024-11-17 17:16:16.714 [info] > git config --local branch.main.vscode-merge-base [13ms]
2024-11-17 17:16:16.735 [info] > git rev-parse --show-toplevel [21ms]
2024-11-17 17:16:16.747 [info] > git for-each-ref --format=%(refname)%00%(upstream:short)%00%(objectname)%00%(upstream:track)%00%(upstream:remotename)%00%(upstream:remoteref) refs/heads/main refs/remotes/main [13ms]
2024-11-17 17:16:16.747 [info] > git for-each-ref --format=%(refname)%00%(upstream:short)%00%(objectname)%00%(upstream:track)%00%(upstream:remotename)%00%(upstream:remoteref) refs/heads/origin/main refs/remotes/origin/main [23ms]
2024-11-17 17:16:16.784 [warning] [Git][revParse] Unable to read file: ENOENT: no such file or directory, open '/home/felipersas/Codes/Problemas-Classicos-de-CC---Livro/.git/refs/remotes/origin/main'
2024-11-17 17:16:16.786 [info] > git merge-base refs/heads/main refs/remotes/origin/main [26ms]
2024-11-17 17:16:16.799 [info] > git rev-parse --show-toplevel [53ms]
2024-11-17 17:16:16.802 [info] [Model][doInitialScan] Initial repository scan completed - repositories (1), closed repositories (0), parent repositories (0), unsafe repositories (0)
2024-11-17 17:16:16.824 [info] > git show --textconv :search_problems/generic_search.py [12ms]
2024-11-17 17:16:16.827 [info] > git diff --name-status -z --diff-filter=ADMR 4e9136fae4fddf9b90f5a9b570d7fc457b6bfb52...refs/remotes/origin/main [27ms]
2024-11-17 17:16:16.827 [info] > git rev-parse refs/remotes/origin/main [43ms]
2024-11-17 17:16:16.843 [info] > git status -z -uall [8ms]
2024-11-17 17:16:16.843 [info] > git ls-files --stage -- /home/felipersas/Codes/Problemas-Classicos-de-CC---Livro/search_problems/generic_search.py [21ms]
2024-11-17 17:16:16.852 [info] > git for-each-ref --sort -committerdate --format %(refname) %(objectname) %(*objectname) [11ms]
2024-11-17 17:16:16.857 [info] > git cat-file -s dfe5aa40b39ec41d243447bccda7a19a69e972ab [7ms]
2024-11-17 17:16:17.081 [info] > git check-ignore -v -z --stdin [6ms]
2024-11-17 17:16:36.589 [info] > git show --textconv :search_problems/maze.py [13ms]
2024-11-17 17:16:36.593 [info] > git ls-files --stage -- /home/felipersas/Codes/Problemas-Classicos-de-CC---Livro/search_problems/maze.py [5ms]
2024-11-17 17:16:36.608 [info] > git cat-file -s 86585c6d1972bde3128eeeb8a2f9268354e07e43 [4ms]
2024-11-17 17:16:45.521 [info] > git show --textconv :search_problems/maze.py [27ms]
2024-11-17 17:16:45.528 [info] > git ls-files --stage -- /home/felipersas/Codes/Problemas-Classicos-de-CC---Livro/search_problems/maze.py [9ms]
2024-11-17 17:16:45.563 [info] > git cat-file -s 86585c6d1972bde3128eeeb8a2f9268354e07e43 [9ms]
2024-11-17 17:17:42.381 [info] > git show --textconv :search_problems/maze.py [19ms]
2024-11-17 17:17:42.383 [info] > git ls-files --stage -- /home/felipersas/Codes/Problemas-Classicos-de-CC---Livro/search_problems/maze.py [7ms]
2024-11-17 17:17:42.397 [info] > git cat-file -s 86585c6d1972bde3128eeeb8a2f9268354e07e43 [4ms]
2024-11-17 17:17:47.753 [info] > git show --textconv :search_problems/maze.py [27ms]
2024-11-17 17:17:47.759 [info] > git ls-files --stage -- /home/felipersas/Codes/Problemas-Classicos-de-CC---Livro/search_problems/maze.py [9ms]
2024-11-17 17:17:47.787 [info] > git cat-file -s 86585c6d1972bde3128eeeb8a2f9268354e07e43 [8ms]
2024-11-17 17:17:50.333 [info] > git show --textconv :search_problems/maze.py [16ms]
2024-11-17 17:17:50.335 [info] > git ls-files --stage -- /home/felipersas/Codes/Problemas-Classicos-de-CC---Livro/search_problems/maze.py [3ms]
2024-11-17 17:17:50.350 [info] > git cat-file -s 86585c6d1972bde3128eeeb8a2f9268354e07e43 [3ms]
2024-11-17 17:17:54.903 [info] > git show --textconv :search_problems/maze.py [31ms]
2024-11-17 17:17:54.910 [info] > git ls-files --stage -- /home/felipersas/Codes/Problemas-Classicos-de-CC---Livro/search_problems/maze.py [11ms]
2024-11-17 17:17:54.938 [info] > git cat-file -s 86585c6d1972bde3128eeeb8a2f9268354e07e43 [5ms]
2024-11-17 17:20:02.372 [info] > git show --textconv :search_problems/maze.py [11ms]
2024-11-17 17:20:02.374 [info] > git ls-files --stage -- /home/felipersas/Codes/Problemas-Classicos-de-CC---Livro/search_problems/maze.py [2ms]
2024-11-17 17:20:02.386 [info] > git cat-file -s 86585c6d1972bde3128eeeb8a2f9268354e07e43 [4ms]
2024-11-17 17:20:17.041 [info] > git show --textconv :search_problems/maze.py [14ms]
2024-11-17 17:20:17.043 [info] > git ls-files --stage -- /home/felipersas/Codes/Problemas-Classicos-de-CC---Livro/search_problems/maze.py [3ms]
2024-11-17 17:20:17.055 [info] > git cat-file -s 86585c6d1972bde3128eeeb8a2f9268354e07e43 [4ms]
2024-11-17 17:20:19.391 [info] > git show --textconv :search_problems/dna_search.py [13ms]
2024-11-17 17:20:19.392 [info] > git ls-files --stage -- /home/felipersas/Codes/Problemas-Classicos-de-CC---Livro/search_problems/dna_search.py [2ms]
2024-11-17 17:20:19.407 [info] > git cat-file -s d467cf349a5693410ceae2f72a4517d389a54fed [2ms]
2024-11-17 17:20:19.993 [info] > git show --textconv :search_problems/generic_search.py [12ms]
2024-11-17 17:20:19.996 [info] > git ls-files --stage -- /home/felipersas/Codes/Problemas-Classicos-de-CC---Livro/search_problems/generic_search.py [4ms]
2024-11-17 17:20:20.010 [info] > git cat-file -s dfe5aa40b39ec41d243447bccda7a19a69e972ab [3ms]
2024-11-17 17:22:23.278 [info] > git show --textconv :search_problems/maze.py [31ms]
2024-11-17 17:22:23.281 [info] > git ls-files --stage -- /home/felipersas/Codes/Problemas-Classicos-de-CC---Livro/search_problems/maze.py [8ms]
2024-11-17 17:22:23.306 [info] > git cat-file -s 86585c6d1972bde3128eeeb8a2f9268354e07e43 [8ms]
2024-11-17 17:22:23.895 [info] > git show --textconv :search_problems/generic_search.py [29ms]
2024-11-17 17:22:23.901 [info] > git ls-files --stage -- /home/felipersas/Codes/Problemas-Classicos-de-CC---Livro/search_problems/generic_search.py [9ms]
2024-11-17 17:22:23.931 [info] > git cat-file -s dfe5aa40b39ec41d243447bccda7a19a69e972ab [8ms]
2024-11-17 17:27:45.494 [info] > git config --get commit.template [10ms]
2024-11-17 17:27:45.495 [info] > git for-each-ref --format=%(refname)%00%(upstream:short)%00%(objectname)%00%(upstream:track)%00%(upstream:remotename)%00%(upstream:remoteref) refs/heads/main refs/remotes/main [3ms]
2024-11-17 17:27:45.503 [warning] [Git][revParse] Unable to read file: ENOENT: no such file or directory, open '/home/felipersas/Codes/Problemas-Classicos-de-CC---Livro/.git/refs/remotes/origin/main'
2024-11-17 17:27:45.505 [info] > git rev-parse refs/remotes/origin/main [2ms]
2024-11-17 17:27:45.521 [info] > git status -z -uall [9ms]
2024-11-17 17:27:45.522 [info] > git for-each-ref --sort -committerdate --format %(refname) %(objectname) %(*objectname) [3ms]
2024-11-17 17:29:21.314 [info] > git config --get commit.template [5ms]
2024-11-17 17:29:21.339 [info] > git for-each-ref --format=%(refname)%00%(upstream:short)%00%(objectname)%00%(upstream:track)%00%(upstream:remotename)%00%(upstream:remoteref) refs/heads/main refs/remotes/main [4ms]
2024-11-17 17:29:21.351 [warning] [Git][revParse] Unable to read file: ENOENT: no such file or directory, open '/home/felipersas/Codes/Problemas-Classicos-de-CC---Livro/.git/refs/remotes/origin/main'
2024-11-17 17:29:21.354 [info] > git rev-parse refs/remotes/origin/main [3ms]
2024-11-17 17:29:21.376 [info] > git status -z -uall [12ms]
2024-11-17 17:29:21.378 [info] > git for-each-ref --sort -committerdate --format %(refname) %(objectname) %(*objectname) [3ms]
2024-11-17 17:32:44.356 [info] > git show --textconv :search_problems/maze.py [12ms]
2024-11-17 17:32:44.358 [info] > git ls-files --stage -- /home/felipersas/Codes/Problemas-Classicos-de-CC---Livro/search_problems/maze.py [2ms]
2024-11-17 17:32:44.369 [info] > git cat-file -s 86585c6d1972bde3128eeeb8a2f9268354e07e43 [2ms]
2024-11-17 17:35:43.805 [info] > git config --get commit.template [22ms]
2024-11-17 17:35:43.807 [info] > git for-each-ref --format=%(refname)%00%(upstream:short)%00%(objectname)%00%(upstream:track)%00%(upstream:remotename)%00%(upstream:remoteref) refs/heads/main refs/remotes/main [4ms]
2024-11-17 17:35:43.818 [warning] [Git][revParse] Unable to read file: ENOENT: no such file or directory, open '/home/felipersas/Codes/Problemas-Classicos-de-CC---Livro/.git/refs/remotes/origin/main'
2024-11-17 17:35:43.820 [info] > git rev-parse refs/remotes/origin/main [2ms]
2024-11-17 17:35:43.836 [info] > git status -z -uall [8ms]
2024-11-17 17:35:43.838 [info] > git for-each-ref --sort -committerdate --format %(refname) %(objectname) %(*objectname) [3ms]
2024-11-17 17:42:27.540 [info] > git config --get commit.template [6ms]
2024-11-17 17:42:27.561 [info] > git for-each-ref --format=%(refname)%00%(upstream:short)%00%(objectname)%00%(upstream:track)%00%(upstream:remotename)%00%(upstream:remoteref) refs/heads/main refs/remotes/main [3ms]
2024-11-17 17:42:27.572 [warning] [Git][revParse] Unable to read file: ENOENT: no such file or directory, open '/home/felipersas/Codes/Problemas-Classicos-de-CC---Livro/.git/refs/remotes/origin/main'
2024-11-17 17:42:27.574 [info] > git rev-parse refs/remotes/origin/main [2ms]
2024-11-17 17:42:27.596 [info] > git status -z -uall [11ms]
2024-11-17 17:42:27.597 [info] > git for-each-ref --sort -committerdate --format %(refname) %(objectname) %(*objectname) [2ms]
2024-11-17 17:47:44.489 [info] > git show --textconv :search_problems/generic_search.py [13ms]
2024-11-17 17:47:44.491 [info] > git ls-files --stage -- /home/felipersas/Codes/Problemas-Classicos-de-CC---Livro/search_problems/generic_search.py [3ms]
2024-11-17 17:47:44.504 [info] > git cat-file -s dfe5aa40b39ec41d243447bccda7a19a69e972ab [6ms]
2024-11-17 17:59:29.868 [info] > git config --get commit.template [21ms]
2024-11-17 17:59:29.870 [info] > git for-each-ref --format=%(refname)%00%(upstream:short)%00%(objectname)%00%(upstream:track)%00%(upstream:remotename)%00%(upstream:remoteref) refs/heads/main refs/remotes/main [5ms]
2024-11-17 17:59:29.881 [warning] [Git][revParse] Unable to read file: ENOENT: no such file or directory, open '/home/felipersas/Codes/Problemas-Classicos-de-CC---Livro/.git/refs/remotes/origin/main'
2024-11-17 17:59:29.883 [info] > git rev-parse refs/remotes/origin/main [2ms]
2024-11-17 17:59:29.900 [info] > git status -z -uall [9ms]
2024-11-17 17:59:29.901 [info] > git for-each-ref --sort -committerdate --format %(refname) %(objectname) %(*objectname) [2ms]
2024-11-17 17:59:53.153 [info] > git config --get commit.template [19ms]
2024-11-17 17:59:53.155 [info] > git for-each-ref --format=%(refname)%00%(upstream:short)%00%(objectname)%00%(upstream:track)%00%(upstream:remotename)%00%(upstream:remoteref) refs/heads/main refs/remotes/main [3ms]
2024-11-17 17:59:53.165 [warning] [Git][revParse] Unable to read file: ENOENT: no such file or directory, open '/home/felipersas/Codes/Problemas-Classicos-de-CC---Livro/.git/refs/remotes/origin/main'
2024-11-17 17:59:53.167 [info] > git rev-parse refs/remotes/origin/main [2ms]
2024-11-17 17:59:53.185 [info] > git status -z -uall [10ms]
2024-11-17 17:59:53.187 [info] > git for-each-ref --sort -committerdate --format %(refname) %(objectname) %(*objectname) [2ms]
2024-11-17 18:01:07.153 [info] > git show --textconv :search_problems/maze.py [13ms]
2024-11-17 18:01:07.155 [info] > git ls-files --stage -- /home/felipersas/Codes/Problemas-Classicos-de-CC---Livro/search_problems/maze.py [3ms]
2024-11-17 18:01:07.169 [info] > git cat-file -s 86585c6d1972bde3128eeeb8a2f9268354e07e43 [3ms]
2024-11-17 18:02:09.023 [info] > git config --get commit.template [19ms]
2024-11-17 18:02:09.025 [info] > git for-each-ref --format=%(refname)%00%(upstream:short)%00%(objectname)%00%(upstream:track)%00%(upstream:remotename)%00%(upstream:remoteref) refs/heads/main refs/remotes/main [3ms]
2024-11-17 18:02:09.034 [warning] [Git][revParse] Unable to read file: ENOENT: no such file or directory, open '/home/felipersas/Codes/Problemas-Classicos-de-CC---Livro/.git/refs/remotes/origin/main'
2024-11-17 18:02:09.036 [info] > git rev-parse refs/remotes/origin/main [2ms]
2024-11-17 18:02:09.057 [info] > git status -z -uall [13ms]
2024-11-17 18:02:09.059 [info] > git for-each-ref --sort -committerdate --format %(refname) %(objectname) %(*objectname) [4ms]
2024-11-17 18:03:15.782 [info] > git config --get commit.template [24ms]
2024-11-17 18:03:15.785 [info] > git for-each-ref --format=%(refname)%00%(upstream:short)%00%(objectname)%00%(upstream:track)%00%(upstream:remotename)%00%(upstream:remoteref) refs/heads/main refs/remotes/main [6ms]
2024-11-17 18:03:15.799 [warning] [Git][revParse] Unable to read file: ENOENT: no such file or directory, open '/home/felipersas/Codes/Problemas-Classicos-de-CC---Livro/.git/refs/remotes/origin/main'
2024-11-17 18:03:15.802 [info] > git rev-parse refs/remotes/origin/main [3ms]
2024-11-17 18:03:15.820 [info] > git status -z -uall [10ms]
2024-11-17 18:03:15.822 [info] > git for-each-ref --sort -committerdate --format %(refname) %(objectname) %(*objectname) [3ms]
2024-11-17 18:03:51.402 [info] > git config --get commit.template [11ms]
2024-11-17 18:03:51.404 [info] > git for-each-ref --format=%(refname)%00%(upstream:short)%00%(objectname)%00%(upstream:track)%00%(upstream:remotename)%00%(upstream:remoteref) refs/heads/main refs/remotes/main [2ms]
2024-11-17 18:03:51.412 [warning] [Git][revParse] Unable to read file: ENOENT: no such file or directory, open '/home/felipersas/Codes/Problemas-Classicos-de-CC---Livro/.git/refs/remotes/origin/main'
2024-11-17 18:03:51.415 [info] > git rev-parse refs/remotes/origin/main [3ms]
2024-11-17 18:03:51.431 [info] > git status -z -uall [9ms]
2024-11-17 18:03:51.433 [info] > git for-each-ref --sort -committerdate --format %(refname) %(objectname) %(*objectname) [3ms]
2024-11-17 18:04:03.113 [info] > git config --get commit.template [25ms]
2024-11-17 18:04:03.118 [info] > git for-each-ref --format=%(refname)%00%(upstream:short)%00%(objectname)%00%(upstream:track)%00%(upstream:remotename)%00%(upstream:remoteref) refs/heads/main refs/remotes/main [7ms]
2024-11-17 18:04:03.141 [warning] [Git][revParse] Unable to read file: ENOENT: no such file or directory, open '/home/felipersas/Codes/Problemas-Classicos-de-CC---Livro/.git/refs/remotes/origin/main'
2024-11-17 18:04:03.146 [info] > git rev-parse refs/remotes/origin/main [5ms]
2024-11-17 18:04:03.177 [info] > git status -z -uall [15ms]
2024-11-17 18:04:03.179 [info] > git for-each-ref --sort -committerdate --format %(refname) %(objectname) %(*objectname) [3ms]
2024-11-17 18:04:25.275 [info] > git show --textconv :search_problems/generic_search.py [11ms]
2024-11-17 18:04:25.277 [info] > git ls-files --stage -- /home/felipersas/Codes/Problemas-Classicos-de-CC---Livro/search_problems/generic_search.py [3ms]
2024-11-17 18:04:25.290 [info] > git cat-file -s dfe5aa40b39ec41d243447bccda7a19a69e972ab [3ms]
2024-11-17 18:05:04.483 [info] > git config --get commit.template [19ms]
2024-11-17 18:05:04.484 [info] > git for-each-ref --format=%(refname)%00%(upstream:short)%00%(objectname)%00%(upstream:track)%00%(upstream:remotename)%00%(upstream:remoteref) refs/heads/main refs/remotes/main [4ms]
2024-11-17 18:05:04.495 [warning] [Git][revParse] Unable to read file: ENOENT: no such file or directory, open '/home/felipersas/Codes/Problemas-Classicos-de-CC---Livro/.git/refs/remotes/origin/main'
2024-11-17 18:05:04.498 [info] > git rev-parse refs/remotes/origin/main [3ms]
2024-11-17 18:05:04.520 [info] > git status -z -uall [13ms]
2024-11-17 18:05:04.521 [info] > git for-each-ref --sort -committerdate --format %(refname) %(objectname) %(*objectname) [2ms]
2024-11-17 18:05:05.029 [info] > git show --textconv :search_problems/maze.py [30ms]
2024-11-17 18:05:05.031 [info] > git ls-files --stage -- /home/felipersas/Codes/Problemas-Classicos-de-CC---Livro/search_problems/maze.py [4ms]
2024-11-17 18:05:05.060 [info] > git cat-file -s 86585c6d1972bde3128eeeb8a2f9268354e07e43 [7ms]
2024-11-17 18:05:09.564 [info] > git config --get commit.template [16ms]
2024-11-17 18:05:09.565 [info] > git for-each-ref --format=%(refname)%00%(upstream:short)%00%(objectname)%00%(upstream:track)%00%(upstream:remotename)%00%(upstream:remoteref) refs/heads/main refs/remotes/main [2ms]
2024-11-17 18:05:09.573 [warning] [Git][revParse] Unable to read file: ENOENT: no such file or directory, open '/home/felipersas/Codes/Problemas-Classicos-de-CC---Livro/.git/refs/remotes/origin/main'
2024-11-17 18:05:09.575 [info] > git rev-parse refs/remotes/origin/main [2ms]
2024-11-17 18:05:09.592 [info] > git status -z -uall [9ms]
2024-11-17 18:05:09.593 [info] > git for-each-ref --sort -committerdate --format %(refname) %(objectname) %(*objectname) [2ms]
2024-11-17 18:05:24.969 [info] > git show --textconv :search_problems/generic_search.py [13ms]
2024-11-17 18:05:24.971 [info] > git ls-files --stage -- /home/felipersas/Codes/Problemas-Classicos-de-CC---Livro/search_problems/generic_search.py [3ms]
2024-11-17 18:05:24.985 [info] > git cat-file -s dfe5aa40b39ec41d243447bccda7a19a69e972ab [3ms]
2024-11-17 18:06:25.791 [info] > git config --get commit.template [25ms]
2024-11-17 18:06:25.793 [info] > git for-each-ref --format=%(refname)%00%(upstream:short)%00%(objectname)%00%(upstream:track)%00%(upstream:remotename)%00%(upstream:remoteref) refs/heads/main refs/remotes/main [5ms]
2024-11-17 18:06:25.803 [warning] [Git][revParse] Unable to read file: ENOENT: no such file or directory, open '/home/felipersas/Codes/Problemas-Classicos-de-CC---Livro/.git/refs/remotes/origin/main'
2024-11-17 18:06:25.805 [info] > git rev-parse refs/remotes/origin/main [2ms]
2024-11-17 18:06:25.821 [info] > git status -z -uall [9ms]
2024-11-17 18:06:25.823 [info] > git for-each-ref --sort -committerdate --format %(refname) %(objectname) %(*objectname) [2ms]
2024-11-17 18:06:29.540 [info] > git show --textconv :search_problems/maze.py [9ms]
2024-11-17 18:06:29.541 [info] > git ls-files --stage -- /home/felipersas/Codes/Problemas-Classicos-de-CC---Livro/search_problems/maze.py [2ms]
2024-11-17 18:06:29.553 [info] > git cat-file -s 86585c6d1972bde3128eeeb8a2f9268354e07e43 [3ms]
2024-11-17 18:06:30.869 [info] > git config --get commit.template [17ms]
2024-11-17 18:06:30.871 [info] > git for-each-ref --format=%(refname)%00%(upstream:short)%00%(objectname)%00%(upstream:track)%00%(upstream:remotename)%00%(upstream:remoteref) refs/heads/main refs/remotes/main [3ms]
2024-11-17 18:06:30.883 [warning] [Git][revParse] Unable to read file: ENOENT: no such file or directory, open '/home/felipersas/Codes/Problemas-Classicos-de-CC---Livro/.git/refs/remotes/origin/main'
2024-11-17 18:06:30.885 [info] > git rev-parse refs/remotes/origin/main [2ms]
2024-11-17 18:06:30.913 [info] > git status -z -uall [15ms]
2024-11-17 18:06:30.914 [info] > git for-each-ref --sort -committerdate --format %(refname) %(objectname) %(*objectname) [6ms]
2024-11-17 18:06:35.938 [info] > git config --get commit.template [10ms]
2024-11-17 18:06:35.940 [info] > git for-each-ref --format=%(refname)%00%(upstream:short)%00%(objectname)%00%(upstream:track)%00%(upstream:remotename)%00%(upstream:remoteref) refs/heads/main refs/remotes/main [2ms]
2024-11-17 18:06:35.949 [warning] [Git][revParse] Unable to read file: ENOENT: no such file or directory, open '/home/felipersas/Codes/Problemas-Classicos-de-CC---Livro/.git/refs/remotes/origin/main'
2024-11-17 18:06:35.951 [info] > git rev-parse refs/remotes/origin/main [2ms]
2024-11-17 18:06:35.970 [info] > git status -z -uall [11ms]
2024-11-17 18:06:35.971 [info] > git for-each-ref --sort -committerdate --format %(refname) %(objectname) %(*objectname) [1ms]
2024-11-17 18:07:21.605 [info] > git show --textconv :search_problems/generic_search.py [14ms]
2024-11-17 18:07:21.607 [info] > git ls-files --stage -- /home/felipersas/Codes/Problemas-Classicos-de-CC---Livro/search_problems/generic_search.py [3ms]
2024-11-17 18:07:21.617 [info] > git cat-file -s dfe5aa40b39ec41d243447bccda7a19a69e972ab [2ms]
2024-11-17 18:08:20.908 [info] > git show --textconv :search_problems/maze.py [13ms]
2024-11-17 18:08:20.909 [info] > git ls-files --stage -- /home/felipersas/Codes/Problemas-Classicos-de-CC---Livro/search_problems/maze.py [2ms]
2024-11-17 18:08:20.928 [info] > git cat-file -s 86585c6d1972bde3128eeeb8a2f9268354e07e43 [3ms]
2024-11-17 18:08:33.556 [info] > git show --textconv :search_problems/generic_search.py [30ms]
2024-11-17 18:08:33.561 [info] > git ls-files --stage -- /home/felipersas/Codes/Problemas-Classicos-de-CC---Livro/search_problems/generic_search.py [9ms]
2024-11-17 18:08:33.597 [info] > git cat-file -s dfe5aa40b39ec41d243447bccda7a19a69e972ab [9ms]
2024-11-17 18:08:56.953 [info] > git show --textconv :search_problems/maze.py [12ms]
2024-11-17 18:08:56.954 [info] > git ls-files --stage -- /home/felipersas/Codes/Problemas-Classicos-de-CC---Livro/search_problems/maze.py [2ms]
2024-11-17 18:08:56.963 [info] > git cat-file -s 86585c6d1972bde3128eeeb8a2f9268354e07e43 [2ms]
2024-11-17 18:09:22.637 [info] > git show --textconv :search_problems/generic_search.py [11ms]
2024-11-17 18:09:22.639 [info] > git ls-files --stage -- /home/felipersas/Codes/Problemas-Classicos-de-CC---Livro/search_problems/generic_search.py [2ms]
2024-11-17 18:09:22.650 [info] > git cat-file -s dfe5aa40b39ec41d243447bccda7a19a69e972ab [3ms]
2024-11-17 18:09:39.124 [info] > git config --get commit.template [21ms]
2024-11-17 18:09:39.127 [info] > git for-each-ref --format=%(refname)%00%(upstream:short)%00%(objectname)%00%(upstream:track)%00%(upstream:remotename)%00%(upstream:remoteref) refs/heads/main refs/remotes/main [4ms]
2024-11-17 18:09:39.138 [warning] [Git][revParse] Unable to read file: ENOENT: no such file or directory, open '/home/felipersas/Codes/Problemas-Classicos-de-CC---Livro/.git/refs/remotes/origin/main'
2024-11-17 18:09:39.141 [info] > git rev-parse refs/remotes/origin/main [2ms]
2024-11-17 18:09:39.162 [info] > git status -z -uall [11ms]
2024-11-17 18:09:39.163 [info] > git for-each-ref --sort -committerdate --format %(refname) %(objectname) %(*objectname) [2ms]
2024-11-17 18:10:56.063 [info] > git config --get commit.template [19ms]
2024-11-17 18:10:56.066 [info] > git for-each-ref --format=%(refname)%00%(upstream:short)%00%(objectname)%00%(upstream:track)%00%(upstream:remotename)%00%(upstream:remoteref) refs/heads/main refs/remotes/main [3ms]
2024-11-17 18:10:56.074 [warning] [Git][revParse] Unable to read file: ENOENT: no such file or directory, open '/home/felipersas/Codes/Problemas-Classicos-de-CC---Livro/.git/refs/remotes/origin/main'
2024-11-17 18:10:56.076 [info] > git rev-parse refs/remotes/origin/main [1ms]
2024-11-17 18:10:56.094 [info] > git status -z -uall [9ms]
2024-11-17 18:10:56.096 [info] > git for-each-ref --sort -committerdate --format %(refname) %(objectname) %(*objectname) [2ms]
2024-11-17 18:10:56.968 [info] > git show --textconv :search_problems/maze.py [10ms]
2024-11-17 18:10:56.970 [info] > git ls-files --stage -- /home/felipersas/Codes/Problemas-Classicos-de-CC---Livro/search_problems/maze.py [2ms]
2024-11-17 18:10:56.979 [info] > git cat-file -s 86585c6d1972bde3128eeeb8a2f9268354e07e43 [2ms]
2024-11-17 18:11:01.158 [info] > git config --get commit.template [27ms]
2024-11-17 18:11:01.161 [info] > git for-each-ref --format=%(refname)%00%(upstream:short)%00%(objectname)%00%(upstream:track)%00%(upstream:remotename)%00%(upstream:remoteref) refs/heads/main refs/remotes/main [6ms]
2024-11-17 18:11:01.184 [warning] [Git][revParse] Unable to read file: ENOENT: no such file or directory, open '/home/felipersas/Codes/Problemas-Classicos-de-CC---Livro/.git/refs/remotes/origin/main'
2024-11-17 18:11:01.190 [info] > git rev-parse refs/remotes/origin/main [6ms]
2024-11-17 18:11:01.240 [info] > git status -z -uall [28ms]
2024-11-17 18:11:01.244 [info] > git for-each-ref --sort -committerdate --format %(refname) %(objectname) %(*objectname) [6ms]
2024-11-17 18:11:01.837 [info] > git show --textconv :search_problems/generic_search.py [10ms]
2024-11-17 18:11:01.838 [info] > git ls-files --stage -- /home/felipersas/Codes/Problemas-Classicos-de-CC---Livro/search_problems/generic_search.py [2ms]
2024-11-17 18:11:01.846 [info] > git cat-file -s dfe5aa40b39ec41d243447bccda7a19a69e972ab [2ms]
2024-11-17 18:13:22.959 [info] > git config --get commit.template [14ms]
2024-11-17 18:13:22.960 [info] > git for-each-ref --format=%(refname)%00%(upstream:short)%00%(objectname)%00%(upstream:track)%00%(upstream:remotename)%00%(upstream:remoteref) refs/heads/main refs/remotes/main [3ms]
2024-11-17 18:13:22.971 [warning] [Git][revParse] Unable to read file: ENOENT: no such file or directory, open '/home/felipersas/Codes/Problemas-Classicos-de-CC---Livro/.git/refs/remotes/origin/main'
2024-11-17 18:13:22.973 [info] > git rev-parse refs/remotes/origin/main [1ms]
2024-11-17 18:13:22.993 [info] > git status -z -uall [10ms]
2024-11-17 18:13:22.994 [info] > git for-each-ref --sort -committerdate --format %(refname) %(objectname) %(*objectname) [2ms]
2024-11-17 18:13:25.402 [info] > git show --textconv :search_problems/maze.py [27ms]
2024-11-17 18:13:25.406 [info] > git ls-files --stage -- /home/felipersas/Codes/Problemas-Classicos-de-CC---Livro/search_problems/maze.py [6ms]
2024-11-17 18:13:25.431 [info] > git cat-file -s 86585c6d1972bde3128eeeb8a2f9268354e07e43 [6ms]
2024-11-17 18:13:28.013 [info] > git config --get commit.template [8ms]
2024-11-17 18:13:28.014 [info] > git for-each-ref --format=%(refname)%00%(upstream:short)%00%(objectname)%00%(upstream:track)%00%(upstream:remotename)%00%(upstream:remoteref) refs/heads/main refs/remotes/main [2ms]
2024-11-17 18:13:28.022 [warning] [Git][revParse] Unable to read file: ENOENT: no such file or directory, open '/home/felipersas/Codes/Problemas-Classicos-de-CC---Livro/.git/refs/remotes/origin/main'
2024-11-17 18:13:28.023 [info] > git rev-parse refs/remotes/origin/main [1ms]
2024-11-17 18:13:28.039 [info] > git status -z -uall [9ms]
2024-11-17 18:13:28.039 [info] > git for-each-ref --sort -committerdate --format %(refname) %(objectname) %(*objectname) [2ms]
2024-11-17 18:13:28.163 [info] > git show --textconv :search_problems/generic_search.py [12ms]
2024-11-17 18:13:28.165 [info] > git ls-files --stage -- /home/felipersas/Codes/Problemas-Classicos-de-CC---Livro/search_problems/generic_search.py [1ms]
2024-11-17 18:13:28.179 [info] > git cat-file -s dfe5aa40b39ec41d243447bccda7a19a69e972ab [3ms]
2024-11-17 18:14:17.172 [info] > git show --textconv :search_problems/maze.py [11ms]
2024-11-17 18:14:17.175 [info] > git ls-files --stage -- /home/felipersas/Codes/Problemas-Classicos-de-CC---Livro/search_problems/maze.py [4ms]
2024-11-17 18:14:17.191 [info] > git cat-file -s 86585c6d1972bde3128eeeb8a2f9268354e07e43 [1ms]
2024-11-17 18:15:48.010 [info] > git config --get commit.template [10ms]
2024-11-17 18:15:48.010 [info] > git for-each-ref --format=%(refname)%00%(upstream:short)%00%(objectname)%00%(upstream:track)%00%(upstream:remotename)%00%(upstream:remoteref) refs/heads/main refs/remotes/main [1ms]
2024-11-17 18:15:48.019 [warning] [Git][revParse] Unable to read file: ENOENT: no such file or directory, open '/home/felipersas/Codes/Problemas-Classicos-de-CC---Livro/.git/refs/remotes/origin/main'
2024-11-17 18:15:48.021 [info] > git rev-parse refs/remotes/origin/main [2ms]
2024-11-17 18:15:48.040 [info] > git status -z -uall [10ms]
2024-11-17 18:15:48.041 [info] > git for-each-ref --sort -committerdate --format %(refname) %(objectname) %(*objectname) [3ms]
2024-11-17 18:16:32.339 [info] > git config --get commit.template [15ms]
2024-11-17 18:16:32.341 [info] > git for-each-ref --format=%(refname)%00%(upstream:short)%00%(objectname)%00%(upstream:track)%00%(upstream:remotename)%00%(upstream:remoteref) refs/heads/main refs/remotes/main [3ms]
2024-11-17 18:16:32.353 [warning] [Git][revParse] Unable to read file: ENOENT: no such file or directory, open '/home/felipersas/Codes/Problemas-Classicos-de-CC---Livro/.git/refs/remotes/origin/main'
2024-11-17 18:16:32.355 [info] > git rev-parse refs/remotes/origin/main [2ms]
2024-11-17 18:16:32.380 [info] > git status -z -uall [14ms]
2024-11-17 18:16:32.382 [info] > git for-each-ref --sort -committerdate --format %(refname) %(objectname) %(*objectname) [3ms]
2024-11-17 18:16:41.814 [info] > git config --get commit.template [8ms]
2024-11-17 18:16:41.815 [info] > git for-each-ref --format=%(refname)%00%(upstream:short)%00%(objectname)%00%(upstream:track)%00%(upstream:remotename)%00%(upstream:remoteref) refs/heads/main refs/remotes/main [1ms]
2024-11-17 18:16:41.823 [warning] [Git][revParse] Unable to read file: ENOENT: no such file or directory, open '/home/felipersas/Codes/Problemas-Classicos-de-CC---Livro/.git/refs/remotes/origin/main'
2024-11-17 18:16:41.824 [info] > git rev-parse refs/remotes/origin/main [1ms]
2024-11-17 18:16:41.841 [info] > git status -z -uall [9ms]
2024-11-17 18:16:41.842 [info] > git for-each-ref --sort -committerdate --format %(refname) %(objectname) %(*objectname) [1ms]
2024-11-17 18:17:05.480 [info] > git show --textconv :search_problems/generic_search.py [11ms]
2024-11-17 18:17:05.481 [info] > git ls-files --stage -- /home/felipersas/Codes/Problemas-Classicos-de-CC---Livro/search_problems/generic_search.py [2ms]
2024-11-17 18:17:05.491 [info] > git cat-file -s dfe5aa40b39ec41d243447bccda7a19a69e972ab [2ms]
2024-11-17 18:17:50.753 [info] > git config --get commit.template [12ms]
2024-11-17 18:17:50.755 [info] > git for-each-ref --format=%(refname)%00%(upstream:short)%00%(objectname)%00%(upstream:track)%00%(upstream:remotename)%00%(upstream:remoteref) refs/heads/main refs/remotes/main [2ms]
2024-11-17 18:17:50.763 [warning] [Git][revParse] Unable to read file: ENOENT: no such file or directory, open '/home/felipersas/Codes/Problemas-Classicos-de-CC---Livro/.git/refs/remotes/origin/main'
2024-11-17 18:17:50.764 [info] > git rev-parse refs/remotes/origin/main [1ms]
2024-11-17 18:17:50.783 [info] > git status -z -uall [10ms]
2024-11-17 18:17:50.784 [info] > git for-each-ref --sort -committerdate --format %(refname) %(objectname) %(*objectname) [2ms]
2024-11-17 18:17:51.956 [info] > git show --textconv :search_problems/maze.py [14ms]
2024-11-17 18:17:51.956 [info] > git ls-files --stage -- /home/felipersas/Codes/Problemas-Classicos-de-CC---Livro/search_problems/maze.py [2ms]
2024-11-17 18:17:51.974 [info] > git cat-file -s 86585c6d1972bde3128eeeb8a2f9268354e07e43 [4ms]
2024-11-17 18:17:55.832 [info] > git config --get commit.template [24ms]
2024-11-17 18:17:55.836 [info] > git for-each-ref --format=%(refname)%00%(upstream:short)%00%(objectname)%00%(upstream:track)%00%(upstream:remotename)%00%(upstream:remoteref) refs/heads/main refs/remotes/main [6ms]
2024-11-17 18:17:55.853 [warning] [Git][revParse] Unable to read file: ENOENT: no such file or directory, open '/home/felipersas/Codes/Problemas-Classicos-de-CC---Livro/.git/refs/remotes/origin/main'
2024-11-17 18:17:55.856 [info] > git rev-parse refs/remotes/origin/main [3ms]
2024-11-17 18:17:55.885 [info] > git status -z -uall [16ms]
2024-11-17 18:17:55.888 [info] > git for-each-ref --sort -committerdate --format %(refname) %(objectname) %(*objectname) [3ms]
2024-11-17 18:18:22.640 [info] > git config --get commit.template [13ms]
2024-11-17 18:18:22.642 [info] > git for-each-ref --format=%(refname)%00%(upstream:short)%00%(objectname)%00%(upstream:track)%00%(upstream:remotename)%00%(upstream:remoteref) refs/heads/main refs/remotes/main [2ms]
2024-11-17 18:18:22.650 [warning] [Git][revParse] Unable to read file: ENOENT: no such file or directory, open '/home/felipersas/Codes/Problemas-Classicos-de-CC---Livro/.git/refs/remotes/origin/main'
2024-11-17 18:18:22.653 [info] > git rev-parse refs/remotes/origin/main [3ms]
2024-11-17 18:18:22.674 [info] > git status -z -uall [12ms]
2024-11-17 18:18:22.676 [info] > git for-each-ref --sort -committerdate --format %(refname) %(objectname) %(*objectname) [3ms]
2024-11-17 18:18:29.825 [info] > git show --textconv :search_problems/generic_search.py [9ms]
2024-11-17 18:18:29.826 [info] > git ls-files --stage -- /home/felipersas/Codes/Problemas-Classicos-de-CC---Livro/search_problems/generic_search.py [2ms]
2024-11-17 18:18:29.834 [info] > git cat-file -s dfe5aa40b39ec41d243447bccda7a19a69e972ab [1ms]
2024-11-17 18:18:34.781 [info] > git show --textconv :search_problems/maze.py [12ms]
2024-11-17 18:18:34.782 [info] > git ls-files --stage -- /home/felipersas/Codes/Problemas-Classicos-de-CC---Livro/search_problems/maze.py [2ms]
2024-11-17 18:18:34.794 [info] > git cat-file -s 86585c6d1972bde3128eeeb8a2f9268354e07e43 [2ms]
2024-11-17 18:18:47.976 [info] > git config --get commit.template [18ms]
2024-11-17 18:18:47.978 [info] > git for-each-ref --format=%(refname)%00%(upstream:short)%00%(objectname)%00%(upstream:track)%00%(upstream:remotename)%00%(upstream:remoteref) refs/heads/main refs/remotes/main [4ms]
2024-11-17 18:18:47.990 [warning] [Git][revParse] Unable to read file: ENOENT: no such file or directory, open '/home/felipersas/Codes/Problemas-Classicos-de-CC---Livro/.git/refs/remotes/origin/main'
2024-11-17 18:18:47.993 [info] > git rev-parse refs/remotes/origin/main [2ms]
2024-11-17 18:18:48.013 [info] > git status -z -uall [12ms]
2024-11-17 18:18:48.015 [info] > git for-each-ref --sort -committerdate --format %(refname) %(objectname) %(*objectname) [2ms]
2024-11-17 18:18:49.158 [info] > git show --textconv :search_problems/generic_search.py [38ms]
2024-11-17 18:18:49.159 [info] > git ls-files --stage -- /home/felipersas/Codes/Problemas-Classicos-de-CC---Livro/search_problems/generic_search.py [3ms]
2024-11-17 18:18:49.168 [info] > git cat-file -s dfe5aa40b39ec41d243447bccda7a19a69e972ab [2ms]
2024-11-17 18:18:50.707 [info] > git show --textconv :search_problems/maze.py [11ms]
2024-11-17 18:18:50.708 [info] > git ls-files --stage -- /home/felipersas/Codes/Problemas-Classicos-de-CC---Livro/search_problems/maze.py [2ms]
2024-11-17 18:18:50.717 [info] > git cat-file -s 86585c6d1972bde3128eeeb8a2f9268354e07e43 [3ms]
2024-11-17 18:19:30.831 [info] > git show --textconv :search_problems/generic_search.py [14ms]
2024-11-17 18:19:30.833 [info] > git ls-files --stage -- /home/felipersas/Codes/Problemas-Classicos-de-CC---Livro/search_problems/generic_search.py [3ms]
2024-11-17 18:19:30.845 [info] > git cat-file -s dfe5aa40b39ec41d243447bccda7a19a69e972ab [2ms]
2024-11-17 18:19:53.715 [info] > git config --get commit.template [21ms]
2024-11-17 18:19:53.716 [info] > git for-each-ref --format=%(refname)%00%(upstream:short)%00%(objectname)%00%(upstream:track)%00%(upstream:remotename)%00%(upstream:remoteref) refs/heads/main refs/remotes/main [2ms]
2024-11-17 18:19:53.726 [warning] [Git][revParse] Unable to read file: ENOENT: no such file or directory, open '/home/felipersas/Codes/Problemas-Classicos-de-CC---Livro/.git/refs/remotes/origin/main'
2024-11-17 18:19:53.728 [info] > git rev-parse refs/remotes/origin/main [2ms]
2024-11-17 18:19:53.749 [info] > git status -z -uall [12ms]
2024-11-17 18:19:53.750 [info] > git for-each-ref --sort -committerdate --format %(refname) %(objectname) %(*objectname) [2ms]
2024-11-17 18:19:54.544 [info] > git show --textconv :search_problems/maze.py [12ms]
2024-11-17 18:19:54.546 [info] > git ls-files --stage -- /home/felipersas/Codes/Problemas-Classicos-de-CC---Livro/search_problems/maze.py [3ms]
2024-11-17 18:19:54.556 [info] > git cat-file -s 86585c6d1972bde3128eeeb8a2f9268354e07e43 [2ms]
2024-11-17 18:19:58.774 [info] > git config --get commit.template [12ms]
2024-11-17 18:19:58.776 [info] > git for-each-ref --format=%(refname)%00%(upstream:short)%00%(objectname)%00%(upstream:track)%00%(upstream:remotename)%00%(upstream:remoteref) refs/heads/main refs/remotes/main [3ms]
2024-11-17 18:19:58.787 [warning] [Git][revParse] Unable to read file: ENOENT: no such file or directory, open '/home/felipersas/Codes/Problemas-Classicos-de-CC---Livro/.git/refs/remotes/origin/main'
2024-11-17 18:19:58.790 [info] > git rev-parse refs/remotes/origin/main [3ms]
2024-11-17 18:19:58.812 [info] > git status -z -uall [12ms]
2024-11-17 18:19:58.814 [info] > git for-each-ref --sort -committerdate --format %(refname) %(objectname) %(*objectname) [3ms]
2024-11-17 18:20:03.848 [info] > git show --textconv :search_problems/generic_search.py [12ms]
2024-11-17 18:20:03.850 [info] > git ls-files --stage -- /home/felipersas/Codes/Problemas-Classicos-de-CC---Livro/search_problems/generic_search.py [3ms]
2024-11-17 18:20:03.862 [info] > git cat-file -s dfe5aa40b39ec41d243447bccda7a19a69e972ab [2ms]
2024-11-17 18:20:27.808 [info] > git show --textconv :search_problems/maze.py [11ms]
2024-11-17 18:20:27.810 [info] > git ls-files --stage -- /home/felipersas/Codes/Problemas-Classicos-de-CC---Livro/search_problems/maze.py [3ms]
2024-11-17 18:20:27.821 [info] > git cat-file -s 86585c6d1972bde3128eeeb8a2f9268354e07e43 [2ms]
2024-11-17 18:20:29.353 [info] > git show --textconv :search_problems/generic_search.py [26ms]
2024-11-17 18:20:29.357 [info] > git ls-files --stage -- /home/felipersas/Codes/Problemas-Classicos-de-CC---Livro/search_problems/generic_search.py [7ms]
2024-11-17 18:20:29.385 [info] > git cat-file -s dfe5aa40b39ec41d243447bccda7a19a69e972ab [6ms]
2024-11-17 18:20:35.955 [info] > git config --get commit.template [10ms]
2024-11-17 18:20:35.957 [info] > git for-each-ref --format=%(refname)%00%(upstream:short)%00%(objectname)%00%(upstream:track)%00%(upstream:remotename)%00%(upstream:remoteref) refs/heads/main refs/remotes/main [4ms]
2024-11-17 18:20:35.965 [warning] [Git][revParse] Unable to read file: ENOENT: no such file or directory, open '/home/felipersas/Codes/Problemas-Classicos-de-CC---Livro/.git/refs/remotes/origin/main'
2024-11-17 18:20:35.966 [info] > git rev-parse refs/remotes/origin/main [1ms]
2024-11-17 18:20:35.985 [info] > git status -z -uall [10ms]
2024-11-17 18:20:35.987 [info] > git for-each-ref --sort -committerdate --format %(refname) %(objectname) %(*objectname) [2ms]
2024-11-17 18:20:39.452 [info] > git show --textconv :search_problems/maze.py [24ms]
2024-11-17 18:20:39.456 [info] > git ls-files --stage -- /home/felipersas/Codes/Problemas-Classicos-de-CC---Livro/search_problems/maze.py [7ms]
2024-11-17 18:20:39.485 [info] > git cat-file -s 86585c6d1972bde3128eeeb8a2f9268354e07e43 [9ms]
2024-11-17 18:20:42.045 [info] > git config --get commit.template [25ms]
2024-11-17 18:20:42.049 [info] > git for-each-ref --format=%(refname)%00%(upstream:short)%00%(objectname)%00%(upstream:track)%00%(upstream:remotename)%00%(upstream:remoteref) refs/heads/main refs/remotes/main [6ms]
2024-11-17 18:20:42.071 [warning] [Git][revParse] Unable to read file: ENOENT: no such file or directory, open '/home/felipersas/Codes/Problemas-Classicos-de-CC---Livro/.git/refs/remotes/origin/main'
2024-11-17 18:20:42.076 [info] > git rev-parse refs/remotes/origin/main [5ms]
2024-11-17 18:20:42.114 [info] > git status -z -uall [18ms]
2024-11-17 18:20:42.115 [info] > git for-each-ref --sort -committerdate --format %(refname) %(objectname) %(*objectname) [2ms]
2024-11-17 18:48:15.025 [info] > git config --get commit.template [26ms]
2024-11-17 18:48:15.029 [info] > git for-each-ref --format=%(refname)%00%(upstream:short)%00%(objectname)%00%(upstream:track)%00%(upstream:remotename)%00%(upstream:remoteref) refs/heads/main refs/remotes/main [6ms]
2024-11-17 18:48:15.050 [warning] [Git][revParse] Unable to read file: ENOENT: no such file or directory, open '/home/felipersas/Codes/Problemas-Classicos-de-CC---Livro/.git/refs/remotes/origin/main'
2024-11-17 18:48:15.053 [info] > git rev-parse refs/remotes/origin/main [3ms]
2024-11-17 18:48:15.080 [info] > git status -z -uall [15ms]
2024-11-17 18:48:15.081 [info] > git for-each-ref --sort -committerdate --format %(refname) %(objectname) %(*objectname) [4ms]
2024-11-17 18:48:15.095 [info] > git ls-files --stage -- /home/felipersas/Codes/Problemas-Classicos-de-CC---Livro/search_problems/maze.py [1ms]
2024-11-17 18:48:15.104 [info] > git cat-file -s 86585c6d1972bde3128eeeb8a2f9268354e07e43 [2ms]
2024-11-17 18:48:15.114 [info] > git show --textconv :search_problems/maze.py [2ms]
2024-11-17 18:48:17.324 [info] > git config --get commit.template [14ms]
2024-11-17 18:48:17.326 [info] > git for-each-ref --format=%(refname)%00%(upstream:short)%00%(objectname)%00%(upstream:track)%00%(upstream:remotename)%00%(upstream:remoteref) refs/heads/main refs/remotes/main [2ms]
2024-11-17 18:48:17.342 [warning] [Git][revParse] Unable to read file: ENOENT: no such file or directory, open '/home/felipersas/Codes/Problemas-Classicos-de-CC---Livro/.git/refs/remotes/origin/main'
2024-11-17 18:48:17.344 [info] > git rev-parse refs/remotes/origin/main [2ms]
2024-11-17 18:48:17.365 [info] > git status -z -uall [8ms]
2024-11-17 18:48:17.366 [info] > git for-each-ref --sort -committerdate --format %(refname) %(objectname) %(*objectname) [2ms]
2024-11-17 18:48:18.399 [info] > git ls-files --stage -- /home/felipersas/Codes/Problemas-Classicos-de-CC---Livro/search_problems/maze.py [1ms]
2024-11-17 18:48:18.407 [info] > git cat-file -s f2625f190e8b1648ae1e552cc9ff20084d7cc533 [2ms]
2024-11-17 18:48:18.415 [info] > git show --textconv :search_problems/maze.py [2ms]
2024-11-17 18:48:20.107 [info] > git config --get commit.template [12ms]
2024-11-17 18:48:20.109 [info] > git for-each-ref --format=%(refname)%00%(upstream:short)%00%(objectname)%00%(upstream:track)%00%(upstream:remotename)%00%(upstream:remoteref) refs/heads/main refs/remotes/main [3ms]
2024-11-17 18:48:20.120 [warning] [Git][revParse] Unable to read file: ENOENT: no such file or directory, open '/home/felipersas/Codes/Problemas-Classicos-de-CC---Livro/.git/refs/remotes/origin/main'
2024-11-17 18:48:20.122 [info] > git rev-parse refs/remotes/origin/main [2ms]
2024-11-17 18:48:20.143 [info] > git status -z -uall [10ms]
2024-11-17 18:48:20.145 [info] > git for-each-ref --sort -committerdate --format %(refname) %(objectname) %(*objectname) [3ms]
2024-11-17 18:48:36.031 [info] > git config --get commit.template [9ms]
2024-11-17 18:48:36.032 [info] > git for-each-ref --format=%(refname)%00%(upstream:short)%00%(objectname)%00%(upstream:track)%00%(upstream:remotename)%00%(upstream:remoteref) refs/heads/main refs/remotes/main [2ms]
2024-11-17 18:48:36.041 [warning] [Git][revParse] Unable to read file: ENOENT: no such file or directory, open '/home/felipersas/Codes/Problemas-Classicos-de-CC---Livro/.git/refs/remotes/origin/main'
2024-11-17 18:48:36.043 [info] > git rev-parse refs/remotes/origin/main [2ms]
2024-11-17 18:48:36.060 [info] > git status -z -uall [9ms]
2024-11-17 18:48:36.061 [info] > git for-each-ref --sort -committerdate --format %(refname) %(objectname) %(*objectname) [2ms]
2024-11-17 18:48:36.125 [info] > git ls-files --stage -- /home/felipersas/Codes/Problemas-Classicos-de-CC---Livro/search_problems/maze.py [1ms]
2024-11-17 18:48:36.137 [info] > git cat-file -s f2625f190e8b1648ae1e552cc9ff20084d7cc533 [2ms]
2024-11-17 18:48:36.155 [info] > git show --textconv :search_problems/maze.py [3ms]
2024-11-17 18:51:08.593 [info] > git config --get commit.template [14ms]
2024-11-17 18:51:08.595 [info] > git for-each-ref --format=%(refname)%00%(upstream:short)%00%(objectname)%00%(upstream:track)%00%(upstream:remotename)%00%(upstream:remoteref) refs/heads/main refs/remotes/main [2ms]
2024-11-17 18:51:08.605 [warning] [Git][revParse] Unable to read file: ENOENT: no such file or directory, open '/home/felipersas/Codes/Problemas-Classicos-de-CC---Livro/.git/refs/remotes/origin/main'
2024-11-17 18:51:08.606 [info] > git rev-parse refs/remotes/origin/main [1ms]
2024-11-17 18:51:08.623 [info] > git status -z -uall [9ms]
2024-11-17 18:51:08.624 [info] > git for-each-ref --sort -committerdate --format %(refname) %(objectname) %(*objectname) [2ms]
2024-11-17 18:51:08.640 [info] > git merge-base refs/heads/main refs/remotes/origin/main [3ms]
2024-11-17 18:51:08.655 [info] > git diff --name-status -z --diff-filter=ADMR 4e9136fae4fddf9b90f5a9b570d7fc457b6bfb52...refs/remotes/origin/main [3ms]
2024-11-17 18:51:09.756 [info] > git ls-files --stage -- /home/felipersas/Codes/Problemas-Classicos-de-CC---Livro/search_problems/maze.py [6ms]
2024-11-17 18:51:09.770 [info] > git cat-file -s f2625f190e8b1648ae1e552cc9ff20084d7cc533 [2ms]
2024-11-17 18:51:09.781 [info] > git show --textconv :search_problems/maze.py [2ms]
2024-11-17 18:51:19.930 [info] > git config --get commit.template [12ms]
2024-11-17 18:51:19.932 [info] > git for-each-ref --format=%(refname)%00%(upstream:short)%00%(objectname)%00%(upstream:track)%00%(upstream:remotename)%00%(upstream:remoteref) refs/heads/main refs/remotes/main [3ms]
2024-11-17 18:51:19.952 [info] > git status -z -uall [10ms]
2024-11-17 18:51:19.953 [info] > git for-each-ref --sort -committerdate --format %(refname) %(objectname) %(*objectname) [2ms]
2024-11-17 18:51:19.971 [info] > git merge-base refs/heads/main refs/remotes/origin/main [3ms]
2024-11-17 18:51:19.981 [info] > git diff --name-status -z --diff-filter=ADMR 0de4880833e0b134b7ad370b529e63960d502ef3...refs/remotes/origin/main [2ms]
2024-11-17 18:51:21.054 [info] > git ls-files --stage -- /home/felipersas/Codes/Problemas-Classicos-de-CC---Livro/search_problems/maze.py [2ms]
2024-11-17 18:51:21.063 [info] > git cat-file -s f2625f190e8b1648ae1e552cc9ff20084d7cc533 [2ms]
2024-11-17 18:51:21.074 [info] > git show --textconv :search_problems/maze.py [2ms]
