2024-11-16 12:47:04.789 [info] Using settings sync service https://vscode-sync.trafficmanager.net/
2024-11-16 12:47:04.789 [info] Auto Sync is enabled.
2024-11-16 12:47:04.789 [info] Auto Sync: Suspended until auth token is available.
2024-11-16 12:47:09.330 [info] Auto Sync: Triggered by Interval
2024-11-16 12:47:09.331 [info] Sync started.
2024-11-16 12:47:10.682 [info] Settings: No changes found during synchronizing settings.
2024-11-16 12:47:10.749 [info] Keybindings: No changes found during synchronizing keybindings.
2024-11-16 12:47:10.757 [info] Snippets: No changes found during synchronizing snippets.
2024-11-16 12:47:10.766 [info] Tasks: No changes found during synchronizing tasks.
2024-11-16 12:47:10.782 [info] GlobalState: No changes found during synchronizing ui state.
2024-11-16 12:47:10.919 [info] Extensions: No changes found during synchronizing extensions.
2024-11-16 12:47:10.932 [info] Profiles: No changes found during synchronizing profiles.
2024-11-16 12:47:10.939 [info] Sync done. Took 1613ms
2024-11-16 12:47:22.138 [info] Auto Sync: Triggered by Activity
2024-11-16 12:47:22.140 [info] Sync started.
2024-11-16 12:47:22.351 [info] Settings: No changes found during synchronizing settings.
2024-11-16 12:47:22.360 [info] Keybindings: No changes found during synchronizing keybindings.
2024-11-16 12:47:22.369 [info] Snippets: No changes found during synchronizing snippets.
2024-11-16 12:47:22.379 [info] Tasks: No changes found during synchronizing tasks.
2024-11-16 12:47:22.395 [info] GlobalState: No changes found during synchronizing ui state.
2024-11-16 12:47:22.636 [info] Extensions: No changes found during synchronizing extensions.
2024-11-16 12:47:22.639 [info] Profiles: No changes found during synchronizing profiles.
2024-11-16 12:47:22.644 [info] Sync done. Took 511ms
2024-11-16 12:47:30.941 [info] Auto Sync: Triggered by Activity
2024-11-16 12:47:30.942 [info] Sync started.
2024-11-16 12:47:31.702 [info] Settings: Updated remote settings
2024-11-16 12:47:31.713 [info] Settings: Updated last synchronized settings
2024-11-16 12:47:31.723 [info] Keybindings: No changes found during synchronizing keybindings.
2024-11-16 12:47:31.736 [info] Snippets: No changes found during synchronizing snippets.
2024-11-16 12:47:31.754 [info] Tasks: No changes found during synchronizing tasks.
2024-11-16 12:47:32.537 [info] GlobalState: Updated remote ui state. Updated: colorThemeData.
2024-11-16 12:47:32.552 [info] GlobalState: Updated last synchronized ui state
2024-11-16 12:47:33.071 [info] Extensions: Updated remote extensions. Added: ["arcticicestudio.nord-visual-studio-code"].
2024-11-16 12:47:33.080 [info] Extensions: Updated last synchronized extensions. Skipped: ["undefined_publisher.wallbash"].
2024-11-16 12:47:33.086 [info] Profiles: No changes found during synchronizing profiles.
2024-11-16 12:47:33.090 [info] Sync done. Took 2152ms
