[Running] python -u "/home/felipersas/Documents/Problemas-Classicos-de-CC---Livro/search_problems/maze/maze.py"
S    X   X  X
 X        
        X 
   X X X   X 
  X       
  X       
     X   X 
       X X 
   X    X X 
    X     G


[Done] exited with code=0 in 0.058 seconds

[Running] python -u "/home/felipersas/Documents/Problemas-Classicos-de-CC---Livro/search_problems/maze/maze.py"
S         
    X   X X 
X  X  X  X   X
      X   X
      X  X 
  X X    X  
   X     X X
    X  X   X
X  X       
X X X  X  X  X G


[Done] exited with code=0 in 0.072 seconds

[Running] python -u "/home/felipersas/Documents/Problemas-Classicos-de-CC---Livro/search_problems/maze/maze.py"
S  X X      X
X   X   X X  X
X X X       
         X
  X    X X  
         X
X X  X X     X
   X  X    X
X X        
         G


[Done] exited with code=0 in 0.156 seconds

[Running] python -u "/home/felipersas/Documents/Problemas-Classicos-de-CC---Livro/search_problems/maze/maze.py"
S X        
X     X   X 
      X   
   X   X   
X X X       
X       X  X
         
 X        
 X  X X  X  X X
X X X    X  X G


[Done] exited with code=0 in 0.142 seconds

[Running] python -u "/home/felipersas/Documents/Problemas-Classicos-de-CC---Livro/search_problems/maze/maze.py"
S    X X    
 X   X X    
 X    X    
    X     
         
  X      X 
        X 
         
      X  X 
 X    G    


[Done] exited with code=0 in 0.164 seconds

[Running] python -u "/home/felipersas/Documents/Problemas-Classicos-de-CC---Livro/search_problems/maze/maze.py"
S    X    X X
   X      
 X      X  
      X   
X        X 
 X X       X
   X  X  X  X
        X X
     X    
   X  G    


[Done] exited with code=0 in 0.141 seconds

[Running] python -u "/home/felipersas/Documents/Problemas-Classicos-de-CC---Livro/search_problems/maze/maze.py"
S X   X     
  X   X X   
   X   X   
 X  X      X
X         
  X X  G    
 X        
   X X   X  
   X    X X X
    X     


[Done] exited with code=0 in 0.147 seconds

[Running] python -u "/home/felipersas/Documents/Problemas-Classicos-de-CC---Livro/search_problems/maze/maze.py"
S X     X   
  X   X  X  
   X  X    
 X       X 
    X   X  
         
X  X       
      X   X
      X   
 X        G


[Done] exited with code=0 in 0.153 seconds

[Running] python -u "/home/felipersas/Documents/Problemas-Classicos-de-CC---Livro/search_problems/maze/maze.py"
S    X     
X     X  X  
         X
         
     X    
X  X    X   
X         
         X
      X   
X         G


[Done] exited with code=0 in 0.16 seconds

