2024-11-18 18:13:53.711 [info] Reading sessions from keychain...
2024-11-18 18:13:53.712 [info] Getting sessions for all scopes...
2024-11-18 18:13:53.712 [info] Getting sessions for all scopes...
2024-11-18 18:13:53.712 [info] Getting sessions for all scopes...
2024-11-18 18:13:53.712 [info] Getting sessions for user:email...
2024-11-18 18:13:53.712 [info] Getting sessions for user:email...
2024-11-18 18:13:53.713 [info] Getting sessions for user:email...
2024-11-18 18:13:54.126 [info] Got stored sessions!
2024-11-18 18:13:54.126 [info] Got 2 verified sessions.
2024-11-18 18:13:54.127 [info] Got 2 sessions for ...
2024-11-18 18:13:54.127 [info] Got 2 sessions for ...
2024-11-18 18:13:54.127 [info] Got 2 sessions for ...
2024-11-18 18:13:54.127 [info] Got 1 sessions for user:email...
2024-11-18 18:13:54.127 [info] Got 1 sessions for user:email...
2024-11-18 18:13:54.127 [info] Got 1 sessions for user:email...
2024-11-18 18:13:54.403 [info] Getting sessions for all scopes...
2024-11-18 18:13:54.403 [info] Got 2 sessions for ...
2024-11-18 18:13:54.615 [info] Getting sessions for user:email...
2024-11-18 18:13:54.615 [info] Got 1 sessions for user:email...
2024-11-18 18:13:54.618 [info] Getting sessions for user:email...
2024-11-18 18:13:54.618 [info] Got 1 sessions for user:email...
