2024-11-05 05:08:00.839 [info] Reading sessions from keychain...
2024-11-05 05:08:00.839 [info] Getting sessions for all scopes...
2024-11-05 05:08:00.839 [info] Getting sessions for all scopes...
2024-11-05 05:08:00.839 [info] Getting sessions for all scopes...
2024-11-05 05:08:00.839 [info] Getting sessions for user:email...
2024-11-05 05:08:00.839 [info] Got stored sessions!
2024-11-05 05:08:00.839 [info] Got 2 verified sessions.
2024-11-05 05:08:00.839 [info] Got 2 sessions for ...
2024-11-05 05:08:00.839 [info] Got 2 sessions for ...
2024-11-05 05:08:00.839 [info] Got 2 sessions for ...
2024-11-05 05:08:00.839 [info] Got 1 sessions for user:email...
2024-11-05 05:08:00.839 [info] Getting sessions for user:email...
2024-11-05 05:08:00.839 [info] Got 1 sessions for user:email...
2024-11-05 05:08:00.839 [info] Getting sessions for user:email...
2024-11-05 05:08:00.839 [info] Got 1 sessions for user:email...
2024-11-05 05:08:00.839 [info] Getting sessions for read:user,repo,user:email...
2024-11-05 05:08:00.839 [info] Got 0 sessions for read:user,repo,user:email...
2024-11-05 05:08:01.048 [info] Getting sessions for read:user,repo,user:email,workflow...
2024-11-05 05:08:01.048 [info] Got 1 sessions for read:user,repo,user:email,workflow...
2024-11-05 05:08:01.485 [info] Getting sessions for read:user,repo,user:email,workflow...
2024-11-05 05:08:01.485 [info] Got 1 sessions for read:user,repo,user:email,workflow...
