2024-11-16 17:25:10.198 [info] Reading sessions from keychain...
2024-11-16 17:25:10.198 [info] Getting sessions for all scopes...
2024-11-16 17:25:10.198 [info] Getting sessions for all scopes...
2024-11-16 17:25:10.198 [info] Getting sessions for all scopes...
2024-11-16 17:25:10.198 [info] Getting sessions for user:email...
2024-11-16 17:25:10.198 [info] Got stored sessions!
2024-11-16 17:25:10.199 [info] Got 1 verified sessions.
2024-11-16 17:25:10.199 [info] Got 1 sessions for ...
2024-11-16 17:25:10.199 [info] Got 1 sessions for ...
2024-11-16 17:25:10.199 [info] Got 1 sessions for ...
2024-11-16 17:25:10.199 [info] Got 1 sessions for user:email...
2024-11-16 17:25:10.199 [info] Getting sessions for user:email...
2024-11-16 17:25:10.199 [info] Got 1 sessions for user:email...
2024-11-16 17:25:10.199 [info] Getting sessions for user:email...
2024-11-16 17:25:10.199 [info] Got 1 sessions for user:email...
2024-11-16 17:25:10.476 [info] Getting sessions for all scopes...
2024-11-16 17:25:10.476 [info] Got 1 sessions for ...
2024-11-16 17:25:10.612 [info] Getting sessions for user:email...
2024-11-16 17:25:10.612 [info] Got 1 sessions for user:email...
2024-11-16 17:25:10.628 [info] Getting sessions for user:email...
2024-11-16 17:25:10.628 [info] Got 1 sessions for user:email...
2024-11-16 17:25:28.377 [info] Reading sessions from keychain...
2024-11-16 17:25:28.377 [info] Getting sessions for all scopes...
2024-11-16 17:25:28.377 [info] Getting sessions for all scopes...
2024-11-16 17:25:28.377 [info] Got stored sessions!
2024-11-16 17:25:28.377 [info] Got 1 verified sessions.
2024-11-16 17:25:28.377 [info] Got 1 sessions for ...
2024-11-16 17:25:28.377 [info] Got 1 sessions for ...
2024-11-16 17:25:28.377 [info] Getting sessions for user:email...
2024-11-16 17:25:28.377 [info] Got 1 sessions for user:email...
2024-11-16 17:25:28.783 [info] Getting sessions for read:user,repo,user:email,workflow...
2024-11-16 17:25:28.783 [info] Got 0 sessions for read:user,repo,user:email,workflow...
2024-11-16 17:25:28.898 [info] Getting sessions for user:email...
2024-11-16 17:25:28.898 [info] Got 1 sessions for user:email...
2024-11-16 17:25:28.918 [info] Getting sessions for user:email...
2024-11-16 17:25:28.919 [info] Got 1 sessions for user:email...
2024-11-16 17:25:29.426 [info] Getting sessions for all scopes...
2024-11-16 17:25:29.427 [info] Got 1 sessions for ...
