2024-11-16 10:41:21.250 [info] [main] Log level: Info
2024-11-16 10:41:21.250 [info] [main] Validating found git in: "git"
2024-11-16 10:41:21.250 [info] [main] Using git "2.47.0" from "git"
2024-11-16 10:41:21.250 [info] [Model][doInitialScan] Initial repository scan started
2024-11-16 10:41:21.250 [info] > git rev-parse --show-toplevel [10ms]
2024-11-16 10:41:21.250 [info] fatal: not a git repository (or any parent up to mount point /)
Stopping at filesystem boundary (GIT_DISCOVERY_ACROSS_FILESYSTEM not set).
2024-11-16 10:41:21.250 [info] > git rev-parse --show-toplevel [32ms]
2024-11-16 10:41:21.250 [info] fatal: not a git repository (or any parent up to mount point /)
Stopping at filesystem boundary (GIT_DISCOVERY_ACROSS_FILESYSTEM not set).
2024-11-16 10:41:21.250 [info] > git rev-parse --show-toplevel [45ms]
2024-11-16 10:41:21.250 [info] fatal: not a git repository (or any parent up to mount point /)
Stopping at filesystem boundary (GIT_DISCOVERY_ACROSS_FILESYSTEM not set).
2024-11-16 10:41:21.250 [info] [Model][doInitialScan] Initial repository scan completed - repositories (0), closed repositories (0), parent repositories (0), unsafe repositories (0)
2024-11-16 10:41:21.251 [info] > git rev-parse --show-toplevel [72ms]
2024-11-16 10:41:21.251 [info] fatal: not a git repository (or any parent up to mount point /)
Stopping at filesystem boundary (GIT_DISCOVERY_ACROSS_FILESYSTEM not set).
2024-11-16 10:41:21.349 [info] > git rev-parse --show-toplevel [2ms]
2024-11-16 10:41:21.349 [info] fatal: not a git repository (or any parent up to mount point /)
Stopping at filesystem boundary (GIT_DISCOVERY_ACROSS_FILESYSTEM not set).
2024-11-16 10:41:21.356 [info] > git rev-parse --show-toplevel [2ms]
2024-11-16 10:41:21.356 [info] fatal: not a git repository (or any parent up to mount point /)
Stopping at filesystem boundary (GIT_DISCOVERY_ACROSS_FILESYSTEM not set).
2024-11-16 10:41:21.916 [info] > git rev-parse --show-toplevel [2ms]
2024-11-16 10:41:21.916 [info] fatal: not a git repository (or any parent up to mount point /)
Stopping at filesystem boundary (GIT_DISCOVERY_ACROSS_FILESYSTEM not set).
2024-11-16 10:41:36.038 [info] > git rev-parse --show-toplevel [2ms]
2024-11-16 10:41:36.038 [info] fatal: not a git repository (or any parent up to mount point /)
Stopping at filesystem boundary (GIT_DISCOVERY_ACROSS_FILESYSTEM not set).
2024-11-16 10:41:38.365 [info] > git rev-parse --show-toplevel [2ms]
2024-11-16 10:41:38.365 [info] fatal: not a git repository (or any parent up to mount point /)
Stopping at filesystem boundary (GIT_DISCOVERY_ACROSS_FILESYSTEM not set).
2024-11-16 10:41:42.307 [info] > git rev-parse --show-toplevel [1ms]
2024-11-16 10:41:42.307 [info] fatal: not a git repository (or any parent up to mount point /)
Stopping at filesystem boundary (GIT_DISCOVERY_ACROSS_FILESYSTEM not set).
