2024-11-04 10:08:54.947 [info] Getting Manifest... ms-python.python
2024-11-04 10:08:55.088 [info] Installing extension: ms-python.python {"isMachineScoped":false,"profileLocation":{"$mid":1,"external":"vscode-userdata:/home/felipersas/.vscode/extensions/extensions.json","path":"/home/felipersas/.vscode/extensions/extensions.json","scheme":"vscode-userdata"},"installOnlyNewlyAddedFromExtensionPack":true,"isApplicationScoped":false,"productVersion":{"version":"1.95.1","date":"2024-10-31T05:14:54.222Z"}}
2024-11-04 10:08:55.815 [info] Getting Manifest... ms-python.vscode-pylance
2024-11-04 10:08:55.860 [info] Getting Manifest... ms-python.debugpy
2024-11-04 10:08:55.945 [info] Installing extension: ms-python.vscode-pylance {"isMachineScoped":false,"profileLocation":{"$mid":1,"external":"vscode-userdata:/home/felipersas/.vscode/extensions/extensions.json","path":"/home/felipersas/.vscode/extensions/extensions.json","scheme":"vscode-userdata"},"installOnlyNewlyAddedFromExtensionPack":true,"isApplicationScoped":false,"productVersion":{"version":"1.95.1","date":"2024-10-31T05:14:54.222Z"},"context":{"dependecyOrPackExtensionInstall":true}}
2024-11-04 10:08:55.945 [info] Installing extension: ms-python.debugpy {"isMachineScoped":false,"profileLocation":{"$mid":1,"external":"vscode-userdata:/home/felipersas/.vscode/extensions/extensions.json","path":"/home/felipersas/.vscode/extensions/extensions.json","scheme":"vscode-userdata"},"installOnlyNewlyAddedFromExtensionPack":true,"isApplicationScoped":false,"productVersion":{"version":"1.95.1","date":"2024-10-31T05:14:54.222Z"},"context":{"dependecyOrPackExtensionInstall":true}}
2024-11-04 10:08:57.600 [info] Extension signature verification result for ms-python.debugpy: UnknownError. Executed: true. Duration: 28ms.
2024-11-04 10:08:57.737 [info] Extension signature verification result for ms-python.python: UnknownError. Executed: true. Duration: 7ms.
2024-11-04 10:08:58.467 [info] Extracted extension to file:///home/felipersas/.vscode/extensions/ms-python.debugpy-2024.12.0-linux-x64: ms-python.debugpy
2024-11-04 10:08:58.473 [info] Renamed to /home/felipersas/.vscode/extensions/ms-python.debugpy-2024.12.0-linux-x64
2024-11-04 10:08:58.558 [error] [uncaught exception in sharedProcess]: Error: ENOENT: no such file or directory, stat '/home/felipersas/.vscode/extensions/extensions.json.vsctmp': EntryNotFound (FileSystemError): Error: ENOENT: no such file or directory, stat '/home/felipersas/.vscode/extensions/extensions.json.vsctmp'
    at hm.create (file:///opt/visual-studio-code/resources/app/out/vs/code/electron-utility/sharedProcess/sharedProcessMain.js:35:39254)
    at Es (file:///opt/visual-studio-code/resources/app/out/vs/code/electron-utility/sharedProcess/sharedProcessMain.js:35:39361)
    at Fr.ib (file:///opt/visual-studio-code/resources/app/out/vs/code/electron-utility/sharedProcess/sharedProcessMain.js:71:22677)
    at Fr.stat (file:///opt/visual-studio-code/resources/app/out/vs/code/electron-utility/sharedProcess/sharedProcessMain.js:71:16010)
    at async Zl.stat (file:///opt/visual-studio-code/resources/app/out/vs/code/electron-utility/sharedProcess/sharedProcessMain.js:70:84491)
    at async Jl.yb (file:///opt/visual-studio-code/resources/app/out/vs/code/electron-utility/sharedProcess/sharedProcessMain.js:70:66605)
2024-11-04 10:08:59.072 [info] Extension signature verification result for ms-python.vscode-pylance: UnknownError. Executed: true. Duration: 8ms.
2024-11-04 10:08:59.794 [info] Extracted extension to file:///home/felipersas/.vscode/extensions/ms-python.python-2024.18.0-linux-x64: ms-python.python
2024-11-04 10:08:59.799 [info] Renamed to /home/felipersas/.vscode/extensions/ms-python.python-2024.18.0-linux-x64
2024-11-04 10:08:59.884 [error] [uncaught exception in sharedProcess]: Error: ENOENT: no such file or directory, stat '/home/felipersas/.vscode/extensions/extensions.json.vsctmp': EntryNotFound (FileSystemError): Error: ENOENT: no such file or directory, stat '/home/felipersas/.vscode/extensions/extensions.json.vsctmp'
    at hm.create (file:///opt/visual-studio-code/resources/app/out/vs/code/electron-utility/sharedProcess/sharedProcessMain.js:35:39254)
    at Es (file:///opt/visual-studio-code/resources/app/out/vs/code/electron-utility/sharedProcess/sharedProcessMain.js:35:39361)
    at Fr.ib (file:///opt/visual-studio-code/resources/app/out/vs/code/electron-utility/sharedProcess/sharedProcessMain.js:71:22677)
    at Fr.stat (file:///opt/visual-studio-code/resources/app/out/vs/code/electron-utility/sharedProcess/sharedProcessMain.js:71:16010)
    at async Zl.stat (file:///opt/visual-studio-code/resources/app/out/vs/code/electron-utility/sharedProcess/sharedProcessMain.js:70:84491)
    at async Jl.yb (file:///opt/visual-studio-code/resources/app/out/vs/code/electron-utility/sharedProcess/sharedProcessMain.js:70:66605)
2024-11-04 10:09:03.226 [info] Extracted extension to file:///home/felipersas/.vscode/extensions/ms-python.vscode-pylance-2024.10.1: ms-python.vscode-pylance
2024-11-04 10:09:03.233 [info] Renamed to /home/felipersas/.vscode/extensions/ms-python.vscode-pylance-2024.10.1
2024-11-04 10:09:03.266 [info] Extension installed successfully: ms-python.debugpy vscode-userdata:/home/felipersas/.vscode/extensions/extensions.json
2024-11-04 10:09:03.266 [info] Extension installed successfully: ms-python.python vscode-userdata:/home/felipersas/.vscode/extensions/extensions.json
2024-11-04 10:09:03.266 [info] Extension installed successfully: ms-python.vscode-pylance vscode-userdata:/home/felipersas/.vscode/extensions/extensions.json
2024-11-04 10:09:03.328 [error] [uncaught exception in sharedProcess]: Error: ENOENT: no such file or directory, stat '/home/felipersas/.vscode/extensions/extensions.json.vsctmp': EntryNotFound (FileSystemError): Error: ENOENT: no such file or directory, stat '/home/felipersas/.vscode/extensions/extensions.json.vsctmp'
    at hm.create (file:///opt/visual-studio-code/resources/app/out/vs/code/electron-utility/sharedProcess/sharedProcessMain.js:35:39254)
    at Es (file:///opt/visual-studio-code/resources/app/out/vs/code/electron-utility/sharedProcess/sharedProcessMain.js:35:39361)
    at Fr.ib (file:///opt/visual-studio-code/resources/app/out/vs/code/electron-utility/sharedProcess/sharedProcessMain.js:71:22677)
    at Fr.stat (file:///opt/visual-studio-code/resources/app/out/vs/code/electron-utility/sharedProcess/sharedProcessMain.js:71:16010)
    at async Zl.stat (file:///opt/visual-studio-code/resources/app/out/vs/code/electron-utility/sharedProcess/sharedProcessMain.js:70:84491)
    at async Jl.yb (file:///opt/visual-studio-code/resources/app/out/vs/code/electron-utility/sharedProcess/sharedProcessMain.js:70:66605)
