2024-11-04 10:09:42.399 [info] Reading sessions from keychain...
2024-11-04 10:09:42.399 [info] Getting sessions for all scopes...
2024-11-04 10:09:42.399 [info] Getting sessions for all scopes...
2024-11-04 10:09:42.399 [info] Getting sessions for all scopes...
2024-11-04 10:09:42.399 [info] Got 0 sessions for ...
2024-11-04 10:09:42.399 [info] Got 0 sessions for ...
2024-11-04 10:09:42.399 [info] Got 0 sessions for ...
2024-11-04 10:09:42.399 [info] Getting sessions for read:user,repo,user:email,workflow...
2024-11-04 10:09:42.399 [info] Got 0 sessions for read:user,repo,user:email,workflow...
2024-11-04 10:09:44.676 [info] Getting sessions for user:email...
2024-11-04 10:09:44.676 [info] Got 0 sessions for user:email...
2024-11-04 10:09:46.569 [info] Logging in with 'any' account...
2024-11-04 10:09:46.570 [info] Logging in for the following scopes: user:email
2024-11-04 10:09:46.583 [info] Trying without local server... (user:email)
2024-11-04 10:09:53.929 [info] Exchanging code for token...
2024-11-04 10:09:54.267 [info] Token exchange success!
2024-11-04 10:09:54.270 [info] Getting user info...
2024-11-04 10:09:54.653 [info] Got account info!
2024-11-04 10:09:54.655 [info] Storing 1 sessions...
2024-11-04 10:09:56.679 [info] Reading sessions from keychain...
2024-11-04 10:09:56.679 [info] Stored 1 sessions!
2024-11-04 10:09:56.679 [info] Login success!
2024-11-04 10:09:56.712 [info] Got stored sessions!
2024-11-04 10:09:56.712 [info] Got 1 verified sessions.
2024-11-04 10:09:56.734 [info] Getting sessions for read:user,repo,user:email,workflow...
2024-11-04 10:09:56.734 [info] Got 0 sessions for read:user,repo,user:email,workflow...
2024-11-04 10:10:21.851 [info] Getting sessions for user:email...
2024-11-04 10:10:21.851 [info] Got 1 sessions for user:email...
2024-11-04 10:10:22.939 [info] Getting sessions for user:email...
2024-11-04 10:10:22.940 [info] Got 1 sessions for user:email...
2024-11-04 10:10:36.620 [info] Getting sessions for read:user,repo,user:email...
2024-11-04 10:10:36.620 [info] Got 0 sessions for read:user,repo,user:email...
