2024-11-16 10:42:29.046 [info] Reading sessions from keychain...
2024-11-16 10:42:29.046 [info] Getting sessions for all scopes...
2024-11-16 10:42:29.046 [info] Getting sessions for all scopes...
2024-11-16 10:42:29.046 [info] Getting sessions for all scopes...
2024-11-16 10:42:29.046 [info] Getting sessions for user:email...
2024-11-16 10:42:29.046 [info] Got stored sessions!
2024-11-16 10:42:29.046 [info] Got 1 verified sessions.
2024-11-16 10:42:29.046 [info] Got 1 sessions for ...
2024-11-16 10:42:29.046 [info] Got 1 sessions for ...
2024-11-16 10:42:29.046 [info] Got 1 sessions for ...
2024-11-16 10:42:29.046 [info] Got 1 sessions for user:email...
2024-11-16 10:42:29.046 [info] Getting sessions for user:email...
2024-11-16 10:42:29.046 [info] Got 1 sessions for user:email...
2024-11-16 10:42:29.046 [info] Getting sessions for user:email...
2024-11-16 10:42:29.046 [info] Got 1 sessions for user:email...
2024-11-16 10:42:29.474 [info] Getting sessions for user:email...
2024-11-16 10:42:29.474 [info] Got 1 sessions for user:email...
2024-11-16 10:42:29.476 [info] Getting sessions for user:email...
2024-11-16 10:42:29.476 [info] Got 1 sessions for user:email...
2024-11-16 10:42:29.884 [info] Getting sessions for all scopes...
2024-11-16 10:42:29.884 [info] Got 1 sessions for ...
