2024-11-04 10:04:21.070 [info] [main] Log level: Info
2024-11-04 10:04:21.070 [info] [main] Validating found git in: "git"
2024-11-04 10:04:21.070 [info] [main] Using git "2.47.0" from "git"
2024-11-04 10:04:21.070 [info] [Model][doInitialScan] Initial repository scan started
2024-11-04 10:04:21.070 [info] > git rev-parse --show-toplevel [6ms]
2024-11-04 10:04:21.071 [info] > git rev-parse --git-dir --git-common-dir [1ms]
2024-11-04 10:04:21.083 [info] [Model][openRepository] Opened repository: /home/felipersas/Documents/Problemas-Classicos-de-CC---Livro
2024-11-04 10:04:21.099 [info] > git rev-parse --show-toplevel [6ms]
2024-11-04 10:04:21.100 [info] > git config --get commit.template [12ms]
2024-11-04 10:04:21.145 [info] > git rev-parse --show-toplevel [18ms]
2024-11-04 10:04:21.150 [info] > git for-each-ref --format=%(refname)%00%(upstream:short)%00%(objectname)%00%(upstream:track)%00%(upstream:remotename)%00%(upstream:remoteref) refs/heads/main refs/remotes/main [6ms]
2024-11-04 10:04:21.153 [warning] [Git][revParse] Unable to read file: ENOENT: no such file or directory, open '/home/felipersas/Documents/Problemas-Classicos-de-CC---Livro/.git/refs/remotes/origin/main'
2024-11-04 10:04:21.154 [info] > git rev-parse --show-toplevel [5ms]
2024-11-04 10:04:21.158 [info] > git rev-parse refs/remotes/origin/main [5ms]
2024-11-04 10:04:21.168 [info] > git status -z -uall [6ms]
2024-11-04 10:04:21.169 [info] > git rev-parse --show-toplevel [12ms]
2024-11-04 10:04:21.174 [info] > git for-each-ref --sort -committerdate --format %(refname) %(objectname) %(*objectname) [7ms]
2024-11-04 10:04:21.192 [info] > git for-each-ref --format=%(refname)%00%(upstream:short)%00%(objectname)%00%(upstream:track)%00%(upstream:remotename)%00%(upstream:remoteref) refs/heads/main refs/remotes/main [10ms]
2024-11-04 10:04:21.198 [info] > git rev-parse --show-toplevel [24ms]
2024-11-04 10:04:21.204 [info] > git config --local branch.main.vscode-merge-base [6ms]
2024-11-04 10:04:21.204 [warning] [Git][config] git config failed: Failed to execute git
2024-11-04 10:04:21.209 [info] > git config --get commit.template [18ms]
2024-11-04 10:04:21.210 [info] > git rev-parse --show-toplevel [7ms]
2024-11-04 10:04:21.215 [info] [Model][doInitialScan] Initial repository scan completed - repositories (1), closed repositories (0), parent repositories (0), unsafe repositories (0)
2024-11-04 10:04:21.258 [info] > git reflog main --grep-reflog=branch: Created from *. [49ms]
2024-11-04 10:04:21.286 [info] > git symbolic-ref --short refs/remotes/origin/HEAD [23ms]
2024-11-04 10:04:21.291 [info] > git for-each-ref --format=%(refname)%00%(upstream:short)%00%(objectname)%00%(upstream:track)%00%(upstream:remotename)%00%(upstream:remoteref) refs/heads/main refs/remotes/main [34ms]
2024-11-04 10:04:21.297 [warning] [Git][revParse] Unable to read file: ENOENT: no such file or directory, open '/home/felipersas/Documents/Problemas-Classicos-de-CC---Livro/.git/refs/remotes/origin/main'
2024-11-04 10:04:21.297 [info] > git for-each-ref --format=%(refname)%00%(upstream:short)%00%(objectname)%00%(upstream:track)%00%(upstream:remotename)%00%(upstream:remoteref) refs/heads/origin/main refs/remotes/origin/main [7ms]
2024-11-04 10:04:21.303 [info] > git rev-parse refs/remotes/origin/main [6ms]
2024-11-04 10:04:21.314 [info] > git status -z -uall [6ms]
2024-11-04 10:04:21.314 [info] > git config --local branch.main.vscode-merge-base origin/main [12ms]
2024-11-04 10:04:21.315 [info] > git for-each-ref --sort -committerdate --format %(refname) %(objectname) %(*objectname) [2ms] (cancelled)
2024-11-04 10:04:21.328 [info] > git for-each-ref --format=%(refname)%00%(upstream:short)%00%(objectname)%00%(upstream:track)%00%(upstream:remotename)%00%(upstream:remoteref) refs/heads/main refs/remotes/main [9ms]
2024-11-04 10:04:21.334 [info] > git config --get commit.template [7ms]
2024-11-04 10:04:21.335 [info] > git config --local branch.main.vscode-merge-base [2ms]
2024-11-04 10:04:21.345 [info] > git for-each-ref --format=%(refname)%00%(upstream:short)%00%(objectname)%00%(upstream:track)%00%(upstream:remotename)%00%(upstream:remoteref) refs/heads/origin/main refs/remotes/origin/main [5ms]
2024-11-04 10:04:21.364 [info] > git merge-base refs/heads/main refs/remotes/origin/main [12ms]
2024-11-04 10:04:21.368 [info] > git for-each-ref --format=%(refname)%00%(upstream:short)%00%(objectname)%00%(upstream:track)%00%(upstream:remotename)%00%(upstream:remoteref) refs/heads/main refs/remotes/main [24ms]
2024-11-04 10:04:21.373 [warning] [Git][revParse] Unable to read file: ENOENT: no such file or directory, open '/home/felipersas/Documents/Problemas-Classicos-de-CC---Livro/.git/refs/remotes/origin/main'
2024-11-04 10:04:21.374 [info] > git diff --name-status -z --diff-filter=ADMR 9a6679219c2ebdd1756826e2bcf44b30965fbda1...refs/remotes/origin/main [6ms]
2024-11-04 10:04:21.375 [info] > git rev-parse refs/remotes/origin/main [2ms]
2024-11-04 10:04:21.388 [info] > git status -z -uall [9ms]
2024-11-04 10:04:21.390 [info] > git for-each-ref --sort -committerdate --format %(refname) %(objectname) %(*objectname) [5ms]
2024-11-04 10:04:21.613 [info] > git check-ignore -v -z --stdin [2ms]
2024-11-04 10:04:29.147 [info] > git check-ignore -v -z --stdin [2ms]
2024-11-04 10:08:36.600 [info] > git check-ignore -v -z --stdin [2ms]
2024-11-04 10:08:37.777 [info] > git show --textconv :search_problems/dna_search.py [8ms]
2024-11-04 10:08:37.778 [info] > git ls-files --stage -- /home/felipersas/Documents/Problemas-Classicos-de-CC---Livro/search_problems/dna_search.py [2ms]
2024-11-04 10:08:37.785 [info] > git cat-file -s d467cf349a5693410ceae2f72a4517d389a54fed [2ms]
2024-11-04 10:08:56.023 [info] > git show --textconv :search_problems/dna_search.py [13ms]
2024-11-04 10:08:56.025 [info] > git ls-files --stage -- /home/felipersas/Documents/Problemas-Classicos-de-CC---Livro/search_problems/dna_search.py [4ms]
2024-11-04 10:08:56.037 [info] > git cat-file -s d467cf349a5693410ceae2f72a4517d389a54fed [2ms]
2024-11-04 10:08:58.710 [info] > git show --textconv :search_problems/generic_search.py [8ms]
2024-11-04 10:08:58.712 [info] > git ls-files --stage -- /home/felipersas/Documents/Problemas-Classicos-de-CC---Livro/search_problems/generic_search.py [3ms]
2024-11-04 10:08:58.719 [info] > git cat-file -s ec8b5c83dcaecfdfbce612bd16efcb7b529d1ae8 [2ms]
2024-11-04 10:08:59.383 [info] > git show --textconv :search_problems/dna_search.py [6ms]
2024-11-04 10:08:59.384 [info] > git ls-files --stage -- /home/felipersas/Documents/Problemas-Classicos-de-CC---Livro/search_problems/dna_search.py [2ms]
2024-11-04 10:08:59.390 [info] > git cat-file -s d467cf349a5693410ceae2f72a4517d389a54fed [1ms]
