2024-11-06 16:15:02.766 [info] /home/felipersas/.config/Code/User/settings.json closed
2024-11-06 16:15:03.234 [info] Configuration changed
2024-11-06 16:23:40.850 [info] Active editor: file:///home/felipersas/Documents/Problemas-Classicos-de-CC---Livro/search_problems/maze/maze.py
2024-11-06 16:23:40.882 [info] /home/felipersas/Documents/Problemas-Classicos-de-CC---Livro/search_problems/generic_search.py.git closed
2024-11-06 16:33:43.693 [info] Active editor: file:///home/felipersas/Documents/Problemas-Classicos-de-CC---Livro/search_problems/generic_search.py
2024-11-06 16:33:43.706 [info] /home/felipersas/Documents/Problemas-Classicos-de-CC---Livro/search_problems/maze/maze.py.git closed
2024-11-06 16:35:41.738 [info] Executing :
2024-11-06 16:35:47.455 [info] Executing :w
2024-11-06 17:09:42.871 [info] Active editor: file:///home/felipersas/Documents/Problemas-Classicos-de-CC---Livro/search_problems/maze/maze.py
2024-11-06 17:09:42.889 [info] /home/felipersas/Documents/Problemas-Classicos-de-CC---Livro/search_problems/generic_search.py.git closed
2024-11-06 17:13:46.845 [info] /home/felipersas/.vscode/extensions/ms-python.vscode-pylance-2024.11.1/dist/typeshed-fallback/stdlib/builtins.pyi closed
2024-11-06 17:16:07.973 [info] Active editor: file:///home/felipersas/Documents/Problemas-Classicos-de-CC---Livro/search_problems/generic_search.py
2024-11-06 17:16:07.978 [info] /home/felipersas/Documents/Problemas-Classicos-de-CC---Livro/search_problems/maze/maze.py.git closed
2024-11-06 17:16:10.446 [info] Active editor: file:///home/felipersas/Documents/Problemas-Classicos-de-CC---Livro/search_problems/maze/maze.py
2024-11-06 17:16:10.472 [info] /home/felipersas/Documents/Problemas-Classicos-de-CC---Livro/search_problems/generic_search.py.git closed
2024-11-06 17:19:04.182 [info] Active editor: file:///home/felipersas/Documents/Problemas-Classicos-de-CC---Livro/search_problems/generic_search.py
2024-11-06 17:19:04.215 [info] /home/felipersas/Documents/Problemas-Classicos-de-CC---Livro/search_problems/maze/maze.py.git closed
2024-11-06 17:19:08.353 [info] Active editor: file:///home/felipersas/Documents/Problemas-Classicos-de-CC---Livro/search_problems/maze/maze.py
2024-11-06 17:19:08.371 [info] /home/felipersas/Documents/Problemas-Classicos-de-CC---Livro/search_problems/generic_search.py.git closed
2024-11-06 17:23:58.659 [info] Active editor: output:extension-output-formulahendry.code-runner-%231-Code
2024-11-06 17:24:50.703 [info] /home/felipersas/Documents/Problemas-Classicos-de-CC---Livro/search_problems/maze/maze.py closed
2024-11-06 17:24:50.807 [info] /home/felipersas/Documents/Problemas-Classicos-de-CC---Livro/search_problems/maze/maze.py.git closed
2024-11-06 17:24:50.901 [info] Active editor: file:///home/felipersas/Documents/Problemas-Classicos-de-CC---Livro/search_problems/maze.py
2024-11-06 17:25:15.460 [info] Active editor: output:extension-output-formulahendry.code-runner-%231-Code
2024-11-06 17:26:29.808 [info] Active editor: file:///home/felipersas/Documents/Problemas-Classicos-de-CC---Livro/search_problems/maze.py
2024-11-06 17:28:09.711 [info] Active editor: output:extension-output-formulahendry.code-runner-%231-Code
2024-11-06 17:28:16.091 [info] Active editor: file:///home/felipersas/Documents/Problemas-Classicos-de-CC---Livro/search_problems/maze.py
2024-11-06 17:28:59.413 [info] Active editor: output:extension-output-formulahendry.code-runner-%231-Code
2024-11-06 17:29:04.017 [info] Active editor: file:///home/felipersas/Documents/Problemas-Classicos-de-CC---Livro/search_problems/maze.py
2024-11-06 17:31:34.875 [info] Active editor: output:extension-output-formulahendry.code-runner-%231-Code
2024-11-06 17:32:08.407 [info] Active editor: file:///home/felipersas/Documents/Problemas-Classicos-de-CC---Livro/search_problems/maze.py
2024-11-06 17:32:08.510 [info] extension-output-formulahendry.code-runner-#1-Code closed
