2024-11-05 05:05:34.085 [info] Reading sessions from keychain...
2024-11-05 05:05:34.085 [info] Getting sessions for all scopes...
2024-11-05 05:05:34.085 [info] Getting sessions for all scopes...
2024-11-05 05:05:34.085 [info] Getting sessions for all scopes...
2024-11-05 05:05:34.085 [info] Getting sessions for user:email...
2024-11-05 05:05:34.085 [info] Getting sessions for user:email...
2024-11-05 05:05:34.085 [info] Getting sessions for user:email...
2024-11-05 05:05:34.131 [info] Getting sessions for read:user,repo,user:email...
2024-11-05 05:05:34.131 [info] Getting sessions for read:user,repo,user:email,workflow...
2024-11-05 05:05:34.131 [info] Got stored sessions!
2024-11-05 05:05:34.131 [info] Got 1 verified sessions.
2024-11-05 05:05:34.131 [info] Got 1 sessions for ...
2024-11-05 05:05:34.131 [info] Got 1 sessions for ...
2024-11-05 05:05:34.131 [info] Got 1 sessions for ...
2024-11-05 05:05:34.131 [info] Got 1 sessions for user:email...
2024-11-05 05:05:34.131 [info] Got 1 sessions for user:email...
2024-11-05 05:05:34.131 [info] Got 1 sessions for user:email...
2024-11-05 05:05:34.131 [info] Got 0 sessions for read:user,repo,user:email...
2024-11-05 05:05:34.131 [info] Got 0 sessions for read:user,repo,user:email,workflow...
2024-11-05 05:07:27.939 [info] Getting sessions for read:user,repo,user:email,workflow...
2024-11-05 05:07:27.940 [info] Got 0 sessions for read:user,repo,user:email,workflow...
2024-11-05 05:07:29.159 [info] Logging in with 'any' account...
2024-11-05 05:07:29.159 [info] Logging in for the following scopes: read:user repo user:email workflow
2024-11-05 05:07:29.186 [info] Trying without local server... (read:user repo user:email workflow)
2024-11-05 05:07:41.293 [info] Exchanging code for token...
2024-11-05 05:07:41.967 [info] Token exchange success!
2024-11-05 05:07:41.970 [info] Getting user info...
2024-11-05 05:07:42.478 [info] Got account info!
2024-11-05 05:07:42.479 [info] Storing 2 sessions...
2024-11-05 05:07:42.486 [info] Reading sessions from keychain...
2024-11-05 05:07:42.486 [info] Stored 2 sessions!
2024-11-05 05:07:42.487 [info] Login success!
2024-11-05 05:07:42.493 [info] Getting sessions for user:email...
2024-11-05 05:07:42.496 [info] Getting sessions for user:email...
2024-11-05 05:07:42.568 [info] Got stored sessions!
2024-11-05 05:07:42.568 [info] Got 2 verified sessions.
2024-11-05 05:07:42.568 [info] Got 1 sessions for user:email...
2024-11-05 05:07:42.568 [info] Got 1 sessions for user:email...
2024-11-05 05:07:42.571 [info] Getting sessions for read:user,repo,user:email...
2024-11-05 05:07:42.572 [info] Got 0 sessions for read:user,repo,user:email...
2024-11-05 05:07:42.582 [info] Getting sessions for read:user,repo,user:email...
2024-11-05 05:07:42.582 [info] Got 0 sessions for read:user,repo,user:email...
2024-11-05 05:07:43.253 [info] Getting sessions for read:user,repo,user:email,workflow...
2024-11-05 05:07:43.253 [info] Got 1 sessions for read:user,repo,user:email,workflow...
