2024-11-16 10:41:21.355 [info] Reading sessions from keychain...
2024-11-16 10:41:21.355 [info] Getting sessions for all scopes...
2024-11-16 10:41:21.355 [info] Getting sessions for all scopes...
2024-11-16 10:41:21.355 [info] Getting sessions for all scopes...
2024-11-16 10:41:21.355 [info] Getting sessions for user:email...
2024-11-16 10:41:21.355 [info] Got stored sessions!
2024-11-16 10:41:21.355 [info] Got 1 verified sessions.
2024-11-16 10:41:21.355 [info] Got 1 sessions for ...
2024-11-16 10:41:21.355 [info] Got 1 sessions for ...
2024-11-16 10:41:21.355 [info] Got 1 sessions for ...
2024-11-16 10:41:21.355 [info] Got 1 sessions for user:email...
2024-11-16 10:41:21.355 [info] Getting sessions for user:email...
2024-11-16 10:41:21.355 [info] Got 1 sessions for user:email...
2024-11-16 10:41:21.355 [info] Getting sessions for user:email...
2024-11-16 10:41:21.355 [info] Got 1 sessions for user:email...
2024-11-16 10:41:21.613 [info] Getting sessions for user:email...
2024-11-16 10:41:21.613 [info] Got 1 sessions for user:email...
2024-11-16 10:41:21.615 [info] Getting sessions for user:email...
2024-11-16 10:41:21.615 [info] Got 1 sessions for user:email...
2024-11-16 10:41:22.002 [info] Getting sessions for all scopes...
2024-11-16 10:41:22.002 [info] Got 1 sessions for ...
