2024-11-16 10:41:19.938 [info] Using settings sync service https://vscode-sync.trafficmanager.net/
2024-11-16 10:41:19.938 [info] Auto Sync is enabled.
2024-11-16 10:41:19.938 [info] Auto Sync: Suspended until auth token is available.
2024-11-16 10:41:21.260 [info] Auto Sync: Triggered by Interval
2024-11-16 10:41:21.260 [info] Sync started.
2024-11-16 10:41:22.100 [info] Settings: No changes found during synchronizing settings.
2024-11-16 10:41:22.106 [info] Keybindings: No changes found during synchronizing keybindings.
2024-11-16 10:41:22.110 [info] Snippets: No changes found during synchronizing snippets.
2024-11-16 10:41:22.112 [info] Tasks: No changes found during synchronizing tasks.
2024-11-16 10:41:22.118 [info] GlobalState: No changes found during synchronizing ui state.
2024-11-16 10:41:22.162 [info] Extensions: No changes found during synchronizing extensions.
2024-11-16 10:41:22.164 [info] Profiles: No changes found during synchronizing profiles.
2024-11-16 10:41:22.165 [info] Sync done. Took 910ms
2024-11-16 10:41:38.254 [info] Auto Sync: Triggered by Activity
2024-11-16 10:41:38.254 [info] Sync started.
2024-11-16 10:41:38.623 [info] Settings: Updated remote settings
2024-11-16 10:41:38.634 [info] Settings: Updated last synchronized settings
2024-11-16 10:41:38.644 [info] Keybindings: No changes found during synchronizing keybindings.
2024-11-16 10:41:38.654 [info] Snippets: No changes found during synchronizing snippets.
2024-11-16 10:41:38.662 [info] Tasks: No changes found during synchronizing tasks.
2024-11-16 10:41:39.173 [info] GlobalState: Updated remote ui state. Updated: colorThemeData.
2024-11-16 10:41:39.178 [info] GlobalState: Updated last synchronized ui state
2024-11-16 10:41:39.219 [info] Extensions: No changes found during synchronizing extensions.
2024-11-16 10:41:39.221 [info] Profiles: No changes found during synchronizing profiles.
2024-11-16 10:41:39.222 [info] Sync done. Took 971ms
