2024-11-16 12:47:09.976 [info] Reading sessions from keychain...
2024-11-16 12:47:09.976 [info] Getting sessions for all scopes...
2024-11-16 12:47:09.976 [info] Getting sessions for all scopes...
2024-11-16 12:47:09.976 [info] Getting sessions for all scopes...
2024-11-16 12:47:09.976 [info] Getting sessions for user:email...
2024-11-16 12:47:09.976 [info] Got stored sessions!
2024-11-16 12:47:09.976 [info] Got 1 verified sessions.
2024-11-16 12:47:09.976 [info] Got 1 sessions for ...
2024-11-16 12:47:09.976 [info] Got 1 sessions for ...
2024-11-16 12:47:09.976 [info] Got 1 sessions for ...
2024-11-16 12:47:09.976 [info] Got 1 sessions for user:email...
2024-11-16 12:47:09.976 [info] Getting sessions for user:email...
2024-11-16 12:47:09.976 [info] Got 1 sessions for user:email...
2024-11-16 12:47:09.976 [info] Getting sessions for user:email...
2024-11-16 12:47:09.976 [info] Got 1 sessions for user:email...
2024-11-16 12:47:10.471 [info] Getting sessions for user:email...
2024-11-16 12:47:10.471 [info] Got 1 sessions for user:email...
2024-11-16 12:47:11.009 [info] Getting sessions for user:email...
2024-11-16 12:47:11.009 [info] Got 1 sessions for user:email...
2024-11-16 12:47:11.024 [info] Getting sessions for all scopes...
2024-11-16 12:47:11.024 [info] Got 1 sessions for ...
