2024-11-16 10:39:50.584 [info] Extension host with pid 23306 started
2024-11-16 10:39:50.584 [info] Skipping acquiring lock for /home/felipersas/.config/Code/User/workspaceStorage/7d754a9cedabeb08d2dc8fc344052325.
2024-11-16 10:39:50.898 [info] ExtensionService#_doActivateExtension vscode.emmet, startup: false, activationEvent: 'onLanguage'
2024-11-16 10:39:51.162 [info] ExtensionService#_doActivateExtension vscode.git-base, startup: true, activationEvent: '*', root cause: vscode.git
2024-11-16 10:39:51.166 [info] ExtensionService#_doActivateExtension JonathanHarty.gruvbox-material-icon-theme, startup: true, activationEvent: '*'
2024-11-16 10:39:51.206 [info] ExtensionService#_doActivateExtension vscode.git, startup: true, activationEvent: '*'
2024-11-16 10:39:51.328 [info] ExtensionService#_doActivateExtension vscode.github, startup: true, activationEvent: '*'
2024-11-16 10:39:51.482 [info] Eager extensions activated
2024-11-16 10:39:51.520 [info] ExtensionService#_doActivateExtension vscode.debug-auto-launch, startup: false, activationEvent: 'onStartupFinished'
2024-11-16 10:39:51.523 [info] ExtensionService#_doActivateExtension vscode.merge-conflict, startup: false, activationEvent: 'onStartupFinished'
2024-11-16 10:39:51.553 [info] ExtensionService#_doActivateExtension Catppuccin.catppuccin-vsc, startup: false, activationEvent: 'onStartupFinished'
2024-11-16 10:39:51.561 [info] ExtensionService#_doActivateExtension sainnhe.gruvbox-material, startup: false, activationEvent: 'onStartupFinished'
2024-11-16 10:39:51.572 [info] ExtensionService#_doActivateExtension usernamehw.errorlens, startup: false, activationEvent: 'onStartupFinished'
2024-11-16 10:39:51.635 [info] ExtensionService#_doActivateExtension vscode.github-authentication, startup: false, activationEvent: 'onAuthenticationRequest:github'
2024-11-16 10:39:51.733 [info] ExtensionService#_doActivateExtension vscode.microsoft-authentication, startup: false, activationEvent: 'onAuthenticationRequest:microsoft'
2024-11-16 10:39:52.540 [info] ExtensionService#_doActivateExtension vscode.configuration-editing, startup: false, activationEvent: 'onLanguage:jsonc'
2024-11-16 10:39:52.551 [info] ExtensionService#_doActivateExtension vscode.json-language-features, startup: false, activationEvent: 'onLanguage:jsonc'
2024-11-16 10:39:52.614 [info] ExtensionService#_doActivateExtension vscode.typescript-language-features, startup: false, activationEvent: 'onLanguage:jsonc'
2024-11-16 10:40:42.520 [info] Extension host terminating: renderer closed the MessagePort
2024-11-16 10:40:42.553 [info] Extension host with pid 23306 exiting with code 0
