2024-11-06 17:39:02.122 [info] [main] Log level: Info
2024-11-06 17:39:02.122 [info] [main] Validating found git in: "git"
2024-11-06 17:39:02.122 [info] [main] Using git "2.47.0" from "git"
2024-11-06 17:39:02.122 [info] [Model][doInitialScan] Initial repository scan started
2024-11-06 17:39:02.122 [info] > git rev-parse --show-toplevel [816ms]
2024-11-06 17:39:02.122 [info] > git rev-parse --git-dir --git-common-dir [122ms]
2024-11-06 17:39:02.122 [info] [Model][openRepository] Opened repository: /home/felipersas/Documents/Problemas-Classicos-de-CC---Livro
2024-11-06 17:39:02.133 [info] > git rev-parse --show-toplevel [39ms]
2024-11-06 17:39:02.134 [info] > git config --get commit.template [49ms]
2024-11-06 17:39:02.202 [info] > git rev-parse --show-toplevel [18ms]
2024-11-06 17:39:02.231 [info] > git for-each-ref --format=%(refname)%00%(upstream:short)%00%(objectname)%00%(upstream:track)%00%(upstream:remotename)%00%(upstream:remoteref) refs/heads/main refs/remotes/main [34ms]
2024-11-06 17:39:02.263 [info] > git rev-parse --show-toplevel [33ms]
2024-11-06 17:39:02.280 [info] > git rev-parse --show-toplevel [6ms]
2024-11-06 17:39:02.370 [info] > git status -z -uall [77ms]
2024-11-06 17:39:02.370 [info] > git rev-parse --show-toplevel [53ms]
2024-11-06 17:39:02.370 [info] > git for-each-ref --sort -committerdate --format %(refname) %(objectname) %(*objectname) [65ms]
2024-11-06 17:39:02.438 [info] > git for-each-ref --format=%(refname)%00%(upstream:short)%00%(objectname)%00%(upstream:track)%00%(upstream:remotename)%00%(upstream:remoteref) refs/heads/main refs/remotes/main [48ms]
2024-11-06 17:39:02.541 [info] > git config --local branch.main.vscode-merge-base [84ms]
2024-11-06 17:39:02.560 [info] > git config --get commit.template [128ms]
2024-11-06 17:39:02.561 [info] > git rev-parse --show-toplevel [141ms]
2024-11-06 17:39:02.609 [info] > git for-each-ref --format=%(refname)%00%(upstream:short)%00%(objectname)%00%(upstream:track)%00%(upstream:remotename)%00%(upstream:remoteref) refs/heads/origin/main refs/remotes/origin/main [49ms]
2024-11-06 17:39:02.701 [info] > git check-ignore -v -z --stdin [47ms]
2024-11-06 17:39:02.707 [info] > git merge-base refs/heads/main refs/remotes/origin/main [81ms]
2024-11-06 17:39:02.723 [info] > git rev-parse --show-toplevel [115ms]
2024-11-06 17:39:02.727 [info] [Model][doInitialScan] Initial repository scan completed - repositories (1), closed repositories (0), parent repositories (0), unsafe repositories (0)
2024-11-06 17:39:02.768 [info] > git show --textconv :search_problems/maze.py [28ms]
2024-11-06 17:39:02.772 [info] > git diff --name-status -z --diff-filter=ADMR b0614997b7c746895ae3f3ccfcc152105d11c6d8...refs/remotes/origin/main [49ms]
2024-11-06 17:39:02.773 [info] > git for-each-ref --format=%(refname)%00%(upstream:short)%00%(objectname)%00%(upstream:track)%00%(upstream:remotename)%00%(upstream:remoteref) refs/heads/main refs/remotes/main [99ms]
2024-11-06 17:39:02.802 [info] > git ls-files --stage -- /home/felipersas/Documents/Problemas-Classicos-de-CC---Livro/search_problems/maze.py [47ms]
2024-11-06 17:39:02.865 [info] > git status -z -uall [18ms]
2024-11-06 17:39:02.865 [info] > git for-each-ref --sort -committerdate --format %(refname) %(objectname) %(*objectname) [7ms]
2024-11-06 17:41:44.529 [info] > git config --get commit.template [14ms]
2024-11-06 17:41:44.529 [info] > git for-each-ref --format=%(refname)%00%(upstream:short)%00%(objectname)%00%(upstream:track)%00%(upstream:remotename)%00%(upstream:remoteref) refs/heads/main refs/remotes/main [4ms]
2024-11-06 17:41:44.552 [info] > git status -z -uall [12ms]
2024-11-06 17:41:44.554 [info] > git for-each-ref --sort -committerdate --format %(refname) %(objectname) %(*objectname) [4ms]
2024-11-06 17:41:53.641 [info] > git config --get commit.template [5ms]
2024-11-06 17:41:53.672 [info] > git for-each-ref --format=%(refname)%00%(upstream:short)%00%(objectname)%00%(upstream:track)%00%(upstream:remotename)%00%(upstream:remoteref) refs/heads/main refs/remotes/main [7ms]
2024-11-06 17:41:53.717 [info] > git status -z -uall [21ms]
2024-11-06 17:41:53.720 [info] > git for-each-ref --sort -committerdate --format %(refname) %(objectname) %(*objectname) [5ms]
2024-11-06 17:41:59.841 [info] > git config --get commit.template [29ms]
2024-11-06 17:41:59.846 [info] > git for-each-ref --format=%(refname)%00%(upstream:short)%00%(objectname)%00%(upstream:track)%00%(upstream:remotename)%00%(upstream:remoteref) refs/heads/main refs/remotes/main [8ms]
2024-11-06 17:41:59.901 [info] > git status -z -uall [31ms]
2024-11-06 17:41:59.903 [info] > git for-each-ref --sort -committerdate --format %(refname) %(objectname) %(*objectname) [8ms]
2024-11-06 17:42:51.338 [info] > git config --get commit.template [30ms]
2024-11-06 17:42:51.342 [info] > git for-each-ref --format=%(refname)%00%(upstream:short)%00%(objectname)%00%(upstream:track)%00%(upstream:remotename)%00%(upstream:remoteref) refs/heads/main refs/remotes/main [7ms]
2024-11-06 17:42:51.392 [info] > git status -z -uall [25ms]
2024-11-06 17:42:51.396 [info] > git for-each-ref --sort -committerdate --format %(refname) %(objectname) %(*objectname) [6ms]
2024-11-06 17:43:19.552 [info] > git config --get commit.template [39ms]
2024-11-06 17:43:19.559 [info] > git for-each-ref --format=%(refname)%00%(upstream:short)%00%(objectname)%00%(upstream:track)%00%(upstream:remotename)%00%(upstream:remoteref) refs/heads/main refs/remotes/main [12ms]
2024-11-06 17:43:19.674 [info] > git status -z -uall [65ms]
2024-11-06 17:43:19.684 [info] > git for-each-ref --sort -committerdate --format %(refname) %(objectname) %(*objectname) [11ms]
2024-11-06 17:43:51.391 [info] > git config --get commit.template [13ms]
2024-11-06 17:43:51.423 [info] > git for-each-ref --format=%(refname)%00%(upstream:short)%00%(objectname)%00%(upstream:track)%00%(upstream:remotename)%00%(upstream:remoteref) refs/heads/main refs/remotes/main [8ms]
2024-11-06 17:43:51.483 [info] > git status -z -uall [29ms]
2024-11-06 17:43:51.488 [info] > git for-each-ref --sort -committerdate --format %(refname) %(objectname) %(*objectname) [9ms]
2024-11-06 17:44:04.883 [info] > git config --get commit.template [32ms]
2024-11-06 17:44:04.886 [info] > git for-each-ref --format=%(refname)%00%(upstream:short)%00%(objectname)%00%(upstream:track)%00%(upstream:remotename)%00%(upstream:remoteref) refs/heads/main refs/remotes/main [10ms]
2024-11-06 17:44:04.942 [info] > git status -z -uall [30ms]
2024-11-06 17:44:04.947 [info] > git for-each-ref --sort -committerdate --format %(refname) %(objectname) %(*objectname) [6ms]
2024-11-06 17:44:23.529 [info] > git config --get commit.template [30ms]
2024-11-06 17:44:23.533 [info] > git for-each-ref --format=%(refname)%00%(upstream:short)%00%(objectname)%00%(upstream:track)%00%(upstream:remotename)%00%(upstream:remoteref) refs/heads/main refs/remotes/main [8ms]
2024-11-06 17:44:23.586 [info] > git status -z -uall [26ms]
2024-11-06 17:44:23.591 [info] > git for-each-ref --sort -committerdate --format %(refname) %(objectname) %(*objectname) [8ms]
2024-11-06 17:45:46.769 [info] > git config --get commit.template [31ms]
2024-11-06 17:45:46.773 [info] > git for-each-ref --format=%(refname)%00%(upstream:short)%00%(objectname)%00%(upstream:track)%00%(upstream:remotename)%00%(upstream:remoteref) refs/heads/main refs/remotes/main [6ms]
2024-11-06 17:45:46.819 [info] > git status -z -uall [23ms]
2024-11-06 17:45:46.822 [info] > git for-each-ref --sort -committerdate --format %(refname) %(objectname) %(*objectname) [4ms]
2024-11-06 17:47:47.204 [info] > git config --get commit.template [12ms]
2024-11-06 17:47:47.235 [info] > git for-each-ref --format=%(refname)%00%(upstream:short)%00%(objectname)%00%(upstream:track)%00%(upstream:remotename)%00%(upstream:remoteref) refs/heads/main refs/remotes/main [7ms]
2024-11-06 17:47:47.287 [info] > git status -z -uall [27ms]
2024-11-06 17:47:47.299 [info] > git for-each-ref --sort -committerdate --format %(refname) %(objectname) %(*objectname) [15ms]
2024-11-06 17:47:53.478 [info] > git config --get commit.template [26ms]
2024-11-06 17:47:53.481 [info] > git for-each-ref --format=%(refname)%00%(upstream:short)%00%(objectname)%00%(upstream:track)%00%(upstream:remotename)%00%(upstream:remoteref) refs/heads/main refs/remotes/main [7ms]
2024-11-06 17:47:53.527 [info] > git status -z -uall [23ms]
2024-11-06 17:47:53.532 [info] > git for-each-ref --sort -committerdate --format %(refname) %(objectname) %(*objectname) [6ms]
2024-11-06 17:50:19.098 [info] > git config --get commit.template [24ms]
2024-11-06 17:50:19.102 [info] > git for-each-ref --format=%(refname)%00%(upstream:short)%00%(objectname)%00%(upstream:track)%00%(upstream:remotename)%00%(upstream:remoteref) refs/heads/main refs/remotes/main [5ms]
2024-11-06 17:50:19.148 [info] > git status -z -uall [24ms]
2024-11-06 17:50:19.151 [info] > git for-each-ref --sort -committerdate --format %(refname) %(objectname) %(*objectname) [6ms]
2024-11-06 17:50:28.598 [info] > git check-ignore -v -z --stdin [5ms]
2024-11-06 17:50:43.747 [info] > git config --get commit.template [26ms]
2024-11-06 17:50:43.751 [info] > git for-each-ref --format=%(refname)%00%(upstream:short)%00%(objectname)%00%(upstream:track)%00%(upstream:remotename)%00%(upstream:remoteref) refs/heads/main refs/remotes/main [5ms]
2024-11-06 17:50:43.800 [info] > git status -z -uall [26ms]
2024-11-06 17:50:43.805 [info] > git for-each-ref --sort -committerdate --format %(refname) %(objectname) %(*objectname) [6ms]
2024-11-06 17:50:48.864 [info] > git config --get commit.template [27ms]
2024-11-06 17:50:48.868 [info] > git for-each-ref --format=%(refname)%00%(upstream:short)%00%(objectname)%00%(upstream:track)%00%(upstream:remotename)%00%(upstream:remoteref) refs/heads/main refs/remotes/main [8ms]
2024-11-06 17:50:48.919 [info] > git status -z -uall [27ms]
2024-11-06 17:50:48.923 [info] > git for-each-ref --sort -committerdate --format %(refname) %(objectname) %(*objectname) [6ms]
2024-11-06 17:51:00.072 [info] > git show --textconv :.gitignore [25ms]
2024-11-06 17:51:00.076 [info] > git ls-files --stage -- /home/felipersas/Documents/Problemas-Classicos-de-CC---Livro/.gitignore [6ms]
2024-11-06 17:51:00.226 [info] > git check-ignore -v -z --stdin [5ms]
2024-11-06 17:51:08.524 [info] > git config --get commit.template [36ms]
2024-11-06 17:51:08.526 [info] > git for-each-ref --format=%(refname)%00%(upstream:short)%00%(objectname)%00%(upstream:track)%00%(upstream:remotename)%00%(upstream:remoteref) refs/heads/main refs/remotes/main [7ms]
2024-11-06 17:51:08.585 [info] > git status -z -uall [29ms]
2024-11-06 17:51:08.591 [info] > git for-each-ref --sort -committerdate --format %(refname) %(objectname) %(*objectname) [7ms]
2024-11-06 17:51:17.176 [info] > git check-ignore -v -z --stdin [5ms]
2024-11-06 17:51:17.617 [info] > git config --get commit.template [25ms]
2024-11-06 17:51:17.619 [info] > git for-each-ref --format=%(refname)%00%(upstream:short)%00%(objectname)%00%(upstream:track)%00%(upstream:remotename)%00%(upstream:remoteref) refs/heads/main refs/remotes/main [5ms]
2024-11-06 17:51:17.667 [info] > git status -z -uall [24ms]
2024-11-06 17:51:17.671 [info] > git for-each-ref --sort -committerdate --format %(refname) %(objectname) %(*objectname) [6ms]
2024-11-06 17:51:41.272 [info] > git config --get commit.template [30ms]
2024-11-06 17:51:41.274 [info] > git for-each-ref --format=%(refname)%00%(upstream:short)%00%(objectname)%00%(upstream:track)%00%(upstream:remotename)%00%(upstream:remoteref) refs/heads/main refs/remotes/main [7ms]
2024-11-06 17:51:41.326 [info] > git status -z -uall [28ms]
2024-11-06 17:51:41.331 [info] > git for-each-ref --sort -committerdate --format %(refname) %(objectname) %(*objectname) [6ms]
2024-11-06 17:51:42.269 [info] > git config --get commit.template [33ms]
2024-11-06 17:51:42.274 [info] > git for-each-ref --format=%(refname)%00%(upstream:short)%00%(objectname)%00%(upstream:track)%00%(upstream:remotename)%00%(upstream:remoteref) refs/heads/main refs/remotes/main [8ms]
2024-11-06 17:51:42.329 [info] > git status -z -uall [26ms]
2024-11-06 17:51:42.333 [info] > git for-each-ref --sort -committerdate --format %(refname) %(objectname) %(*objectname) [6ms]
2024-11-06 17:51:42.367 [info] > git ls-files --stage -- /home/felipersas/Documents/Problemas-Classicos-de-CC---Livro/.gitignore [5ms]
2024-11-06 17:51:42.396 [info] > git cat-file -s ba0430d26c996e7f078385407f959c96c271087c [7ms]
2024-11-06 17:51:42.429 [info] > git show --textconv :.gitignore [6ms]
2024-11-06 17:51:59.358 [info] > git config --get commit.template [31ms]
2024-11-06 17:51:59.395 [info] > git for-each-ref --format=%(refname)%00%(upstream:short)%00%(objectname)%00%(upstream:track)%00%(upstream:remotename)%00%(upstream:remoteref) refs/heads/main refs/remotes/main [7ms]
2024-11-06 17:51:59.449 [info] > git status -z -uall [29ms]
2024-11-06 17:51:59.452 [info] > git for-each-ref --sort -committerdate --format %(refname) %(objectname) %(*objectname) [10ms]
2024-11-06 17:51:59.493 [info] > git merge-base refs/heads/main refs/remotes/origin/main [8ms]
2024-11-06 17:51:59.529 [info] > git diff --name-status -z --diff-filter=ADMR b0614997b7c746895ae3f3ccfcc152105d11c6d8...refs/remotes/origin/main [8ms]
2024-11-06 17:52:00.491 [info] > git ls-files --stage -- /home/felipersas/Documents/Problemas-Classicos-de-CC---Livro/.gitignore [5ms]
2024-11-06 17:52:00.517 [info] > git cat-file -s ba0430d26c996e7f078385407f959c96c271087c [5ms]
2024-11-06 17:52:00.547 [info] > git show --textconv :.gitignore [6ms]
2024-11-06 17:52:13.905 [info] > git config --get commit.template [30ms]
2024-11-06 17:52:13.911 [info] > git for-each-ref --format=%(refname)%00%(upstream:short)%00%(objectname)%00%(upstream:track)%00%(upstream:remotename)%00%(upstream:remoteref) refs/heads/main refs/remotes/main [8ms]
2024-11-06 17:52:13.961 [info] > git status -z -uall [26ms]
2024-11-06 17:52:13.966 [info] > git for-each-ref --sort -committerdate --format %(refname) %(objectname) %(*objectname) [6ms]
2024-11-06 17:52:15.042 [info] > git ls-files --stage -- /home/felipersas/Documents/Problemas-Classicos-de-CC---Livro/.gitignore [6ms]
2024-11-06 17:52:15.071 [info] > git cat-file -s ba0430d26c996e7f078385407f959c96c271087c [5ms]
2024-11-06 17:52:15.102 [info] > git show --textconv :.gitignore [5ms]
2024-11-06 17:53:05.855 [info] > git for-each-ref --format=%(refname)%00%(upstream:short)%00%(objectname)%00%(upstream:track)%00%(upstream:remotename)%00%(upstream:remoteref) refs/heads/main refs/remotes/main [31ms]
2024-11-06 17:53:05.856 [info] > git config --get commit.template [58ms]
2024-11-06 17:53:05.911 [info] > git status -z -uall [26ms]
2024-11-06 17:53:05.915 [info] > git for-each-ref --sort -committerdate --format %(refname) %(objectname) %(*objectname) [8ms]
2024-11-06 17:53:05.952 [info] > git merge-base refs/heads/main refs/remotes/origin/main [8ms]
2024-11-06 17:53:05.981 [info] > git diff --name-status -z --diff-filter=ADMR 7c2c884be5669d2ee9720eeffa8fd2d6c1d9205f...refs/remotes/origin/main [7ms]
2024-11-06 17:53:06.965 [info] > git ls-files --stage -- /home/felipersas/Documents/Problemas-Classicos-de-CC---Livro/.gitignore [5ms]
2024-11-06 17:53:06.991 [info] > git cat-file -s ba0430d26c996e7f078385407f959c96c271087c [5ms]
2024-11-06 17:53:07.023 [info] > git show --textconv :.gitignore [6ms]
2024-11-06 17:53:47.942 [info] > git config --get commit.template [7ms]
2024-11-06 17:53:47.978 [info] > git for-each-ref --format=%(refname)%00%(upstream:short)%00%(objectname)%00%(upstream:track)%00%(upstream:remotename)%00%(upstream:remoteref) refs/heads/main refs/remotes/main [7ms]
2024-11-06 17:53:48.037 [info] > git status -z -uall [36ms]
2024-11-06 17:53:48.043 [info] > git for-each-ref --sort -committerdate --format %(refname) %(objectname) %(*objectname) [9ms]
2024-11-06 17:53:48.087 [info] > git merge-base refs/heads/main refs/remotes/origin/main [8ms]
2024-11-06 17:53:48.122 [info] > git diff --name-status -z --diff-filter=ADMR 7c2c884be5669d2ee9720eeffa8fd2d6c1d9205f...refs/remotes/origin/main [7ms]
2024-11-06 17:53:49.079 [info] > git ls-files --stage -- /home/felipersas/Documents/Problemas-Classicos-de-CC---Livro/.gitignore [4ms]
2024-11-06 17:53:49.107 [info] > git cat-file -s ba0430d26c996e7f078385407f959c96c271087c [5ms]
2024-11-06 17:53:49.138 [info] > git show --textconv :.gitignore [6ms]
2024-11-06 17:53:52.122 [info] > git config --get commit.template [37ms]
2024-11-06 17:53:52.154 [info] > git for-each-ref --format=%(refname)%00%(upstream:short)%00%(objectname)%00%(upstream:track)%00%(upstream:remotename)%00%(upstream:remoteref) refs/heads/main refs/remotes/main [6ms]
2024-11-06 17:53:52.210 [info] > git status -z -uall [29ms]
2024-11-06 17:53:52.218 [info] > git for-each-ref --sort -committerdate --format %(refname) %(objectname) %(*objectname) [9ms]
2024-11-06 17:53:52.293 [info] > git merge-base refs/heads/main refs/remotes/origin/main [17ms]
2024-11-06 17:53:52.327 [info] > git diff --name-status -z --diff-filter=ADMR b497dc00b477f1d3865023e43f37badff59112b7...refs/remotes/origin/main [5ms]
2024-11-06 18:16:59.279 [info] > git ls-files --stage -- /home/felipersas/Documents/Problemas-Classicos-de-CC---Livro/.gitignore [2ms]
2024-11-06 18:16:59.293 [info] > git cat-file -s ba0430d26c996e7f078385407f959c96c271087c [3ms]
2024-11-06 18:16:59.310 [info] > git show --textconv :.gitignore [4ms]
2024-11-06 18:19:04.385 [info] > git show --textconv :search_problems/maze.py [31ms]
2024-11-06 18:19:04.394 [info] > git ls-files --stage -- /home/felipersas/Documents/Problemas-Classicos-de-CC---Livro/search_problems/maze.py [12ms]
2024-11-06 18:19:04.428 [info] > git cat-file -s 5d19e3f333eaf934af047e9a8bdee76107441bb2 [9ms]
