2024-11-06 17:39:02.368 [info] Reading sessions from keychain...
2024-11-06 17:39:02.368 [info] Getting sessions for all scopes...
2024-11-06 17:39:02.368 [info] Getting sessions for all scopes...
2024-11-06 17:39:02.368 [info] Getting sessions for all scopes...
2024-11-06 17:39:02.368 [info] Getting sessions for user:email...
2024-11-06 17:39:02.368 [info] Getting sessions for user:email...
2024-11-06 17:39:02.368 [info] Getting sessions for user:email...
2024-11-06 17:39:02.368 [info] Got stored sessions!
2024-11-06 17:39:02.368 [info] Got 2 verified sessions.
2024-11-06 17:39:02.368 [info] Got 2 sessions for ...
2024-11-06 17:39:02.368 [info] Got 2 sessions for ...
2024-11-06 17:39:02.368 [info] Got 2 sessions for ...
2024-11-06 17:39:02.368 [info] Got 1 sessions for user:email...
2024-11-06 17:39:02.368 [info] Got 1 sessions for user:email...
2024-11-06 17:39:02.368 [info] Got 1 sessions for user:email...
2024-11-06 17:39:02.368 [info] Getting sessions for read:user,repo,user:email...
2024-11-06 17:39:02.368 [info] Got 0 sessions for read:user,repo,user:email...
2024-11-06 17:39:02.656 [info] Getting sessions for read:user,repo,user:email,workflow...
2024-11-06 17:39:02.656 [info] Got 1 sessions for read:user,repo,user:email,workflow...
2024-11-06 17:39:03.444 [info] Getting sessions for read:user,repo,user:email,workflow...
2024-11-06 17:39:03.444 [info] Got 1 sessions for read:user,repo,user:email,workflow...
2024-11-06 17:53:04.782 [info] Getting sessions for read:user,repo,user:email,workflow...
2024-11-06 17:53:04.782 [info] Got 1 sessions for read:user,repo,user:email,workflow...
2024-11-06 17:53:51.072 [info] Getting sessions for read:user,repo,user:email,workflow...
2024-11-06 17:53:51.072 [info] Got 1 sessions for read:user,repo,user:email,workflow...
