2024-11-18 16:52:37.577 [info] Started local extension host with pid 15849.
2024-11-18 16:52:40.296 [info] Settings Sync: Updating authentication providers. Authentication Providers from store: [{"id":"github","scopes":["user:email"]},{"id":"microsoft","scopes":["openid","profile","email","offline_access"]}]
2024-11-18 16:52:40.296 [info] Settings Sync: Authentication providers updated []
2024-11-18 16:52:40.365 [info] Settings Sync: Updating authentication providers. Authentication Providers from store: [{"id":"github","scopes":["user:email"]},{"id":"microsoft","scopes":["openid","profile","email","offline_access"]}]
2024-11-18 16:52:40.365 [info] Settings Sync: Authentication providers updated ["github"]
2024-11-18 16:52:40.365 [info] Settings Sync: Updating authentication providers. Authentication Providers from store: [{"id":"github","scopes":["user:email"]},{"id":"microsoft","scopes":["openid","profile","email","offline_access"]}]
2024-11-18 16:52:40.366 [info] Settings Sync: Authentication providers updated ["github"]
2024-11-18 16:52:40.366 [info] Settings Sync: Updating due to declared authentication providers changed
2024-11-18 16:52:40.366 [info] Settings Sync: Updating authentication providers. Authentication Providers from store: [{"id":"github","scopes":["user:email"]},{"id":"microsoft","scopes":["openid","profile","email","offline_access"]}]
2024-11-18 16:52:40.367 [info] Settings Sync: Authentication providers updated ["github"]
2024-11-18 16:52:40.367 [info] Settings Sync: Updating authentication providers. Authentication Providers from store: [{"id":"github","scopes":["user:email"]},{"id":"microsoft","scopes":["openid","profile","email","offline_access"]}]
2024-11-18 16:52:40.367 [info] Settings Sync: Authentication providers updated ["github","microsoft"]
2024-11-18 16:52:40.368 [info] Settings Sync: Updating authentication providers. Authentication Providers from store: [{"id":"github","scopes":["user:email"]},{"id":"microsoft","scopes":["openid","profile","email","offline_access"]}]
2024-11-18 16:52:40.368 [info] Settings Sync: Authentication providers updated ["github","microsoft"]
2024-11-18 16:52:40.368 [info] Settings Sync: Updating due to declared authentication providers changed
2024-11-18 16:52:40.368 [info] Settings Sync: Updating authentication providers. Authentication Providers from store: [{"id":"github","scopes":["user:email"]},{"id":"microsoft","scopes":["openid","profile","email","offline_access"]}]
2024-11-18 16:52:40.369 [info] Settings Sync: Authentication providers updated ["github","microsoft"]
2024-11-18 16:52:40.962 [error] [Extension Host] TypeError: Cannot read properties of undefined (reading 'packageJSON')
	at m (/home/felipersas/.vscode/extensions/jonathanharty.gruvbox-material-icon-theme-1.1.5/dist/extension.js:1:59422)
	at /home/felipersas/.vscode/extensions/jonathanharty.gruvbox-material-icon-theme-1.1.5/dist/extension.js:1:59088
	at Generator.next (<anonymous>)
	at /home/felipersas/.vscode/extensions/jonathanharty.gruvbox-material-icon-theme-1.1.5/dist/extension.js:1:58625
	at new Promise (<anonymous>)
	at a (/home/felipersas/.vscode/extensions/jonathanharty.gruvbox-material-icon-theme-1.1.5/dist/extension.js:1:58370)
	at t.checkThemeStatus (/home/felipersas/.vscode/extensions/jonathanharty.gruvbox-material-icon-theme-1.1.5/dist/extension.js:1:59018)
	at /home/felipersas/.vscode/extensions/jonathanharty.gruvbox-material-icon-theme-1.1.5/dist/extension.js:1:52529
	at Generator.next (<anonymous>)
	at a (/home/felipersas/.vscode/extensions/jonathanharty.gruvbox-material-icon-theme-1.1.5/dist/extension.js:1:52022)
2024-11-18 16:52:40.963 [error] [Extension Host] TypeError: Cannot read properties of undefined (reading 'packageJSON')
	at t.getConfigProperties (/home/felipersas/.vscode/extensions/jonathanharty.gruvbox-material-icon-theme-1.1.5/dist/extension.js:1:55948)
	at a (/home/felipersas/.vscode/extensions/jonathanharty.gruvbox-material-icon-theme-1.1.5/dist/extension.js:1:53104)
	at t.detectConfigChanges (/home/felipersas/.vscode/extensions/jonathanharty.gruvbox-material-icon-theme-1.1.5/dist/extension.js:1:52934)
	at /home/felipersas/.vscode/extensions/jonathanharty.gruvbox-material-icon-theme-1.1.5/dist/extension.js:1:52624
	at Generator.next (<anonymous>)
	at a (/home/felipersas/.vscode/extensions/jonathanharty.gruvbox-material-icon-theme-1.1.5/dist/extension.js:1:52022)
2024-11-18 16:52:41.206 [info] Settings Sync: Updating authentication providers. Authentication Providers from store: [{"id":"github","scopes":["user:email"]},{"id":"microsoft","scopes":["openid","profile","email","offline_access"]}]
2024-11-18 16:52:41.207 [info] Settings Sync: Authentication providers updated ["github","microsoft"]
2024-11-18 16:52:41.728 [info] Settings Sync: Updating authentication providers. Authentication Providers from store: [{"id":"github","scopes":["user:email"]},{"id":"microsoft","scopes":["openid","profile","email","offline_access"]}]
2024-11-18 16:52:41.728 [info] Settings Sync: Authentication providers updated ["github","microsoft"]
2024-11-18 16:52:43.588 [info] [perf] Render performance baseline is 81ms
2024-11-18 16:52:52.085 [info] Started local extension host with pid 16415.
2024-11-18 16:52:53.005 [info] Settings Sync: Updating authentication providers. Authentication Providers from store: [{"id":"github","scopes":["user:email"]},{"id":"microsoft","scopes":["openid","profile","email","offline_access"]}]
2024-11-18 16:52:53.005 [info] Settings Sync: Authentication providers updated []
2024-11-18 16:52:53.076 [error] [Extension Host] TypeError: Cannot read properties of undefined (reading 'packageJSON')
	at m (/home/felipersas/.vscode/extensions/jonathanharty.gruvbox-material-icon-theme-1.1.5/dist/extension.js:1:59422)
	at /home/felipersas/.vscode/extensions/jonathanharty.gruvbox-material-icon-theme-1.1.5/dist/extension.js:1:59088
	at Generator.next (<anonymous>)
	at /home/felipersas/.vscode/extensions/jonathanharty.gruvbox-material-icon-theme-1.1.5/dist/extension.js:1:58625
	at new Promise (<anonymous>)
	at a (/home/felipersas/.vscode/extensions/jonathanharty.gruvbox-material-icon-theme-1.1.5/dist/extension.js:1:58370)
	at t.checkThemeStatus (/home/felipersas/.vscode/extensions/jonathanharty.gruvbox-material-icon-theme-1.1.5/dist/extension.js:1:59018)
	at /home/felipersas/.vscode/extensions/jonathanharty.gruvbox-material-icon-theme-1.1.5/dist/extension.js:1:52529
	at Generator.next (<anonymous>)
	at a (/home/felipersas/.vscode/extensions/jonathanharty.gruvbox-material-icon-theme-1.1.5/dist/extension.js:1:52022)
2024-11-18 16:52:53.077 [error] [Extension Host] TypeError: Cannot read properties of undefined (reading 'packageJSON')
	at t.getConfigProperties (/home/felipersas/.vscode/extensions/jonathanharty.gruvbox-material-icon-theme-1.1.5/dist/extension.js:1:55948)
	at a (/home/felipersas/.vscode/extensions/jonathanharty.gruvbox-material-icon-theme-1.1.5/dist/extension.js:1:53104)
	at t.detectConfigChanges (/home/felipersas/.vscode/extensions/jonathanharty.gruvbox-material-icon-theme-1.1.5/dist/extension.js:1:52934)
	at /home/felipersas/.vscode/extensions/jonathanharty.gruvbox-material-icon-theme-1.1.5/dist/extension.js:1:52624
	at Generator.next (<anonymous>)
	at a (/home/felipersas/.vscode/extensions/jonathanharty.gruvbox-material-icon-theme-1.1.5/dist/extension.js:1:52022)
2024-11-18 16:52:53.089 [info] Settings Sync: Updating authentication providers. Authentication Providers from store: [{"id":"github","scopes":["user:email"]},{"id":"microsoft","scopes":["openid","profile","email","offline_access"]}]
2024-11-18 16:52:53.089 [info] Settings Sync: Authentication providers updated ["github"]
2024-11-18 16:52:53.090 [info] Settings Sync: Updating authentication providers. Authentication Providers from store: [{"id":"github","scopes":["user:email"]},{"id":"microsoft","scopes":["openid","profile","email","offline_access"]}]
2024-11-18 16:52:53.090 [info] Settings Sync: Authentication providers updated ["github"]
2024-11-18 16:52:53.090 [info] Settings Sync: Updating due to declared authentication providers changed
2024-11-18 16:52:53.091 [info] Settings Sync: Updating authentication providers. Authentication Providers from store: [{"id":"github","scopes":["user:email"]},{"id":"microsoft","scopes":["openid","profile","email","offline_access"]}]
2024-11-18 16:52:53.091 [info] Settings Sync: Authentication providers updated ["github"]
2024-11-18 16:52:53.091 [info] Settings Sync: Updating authentication providers. Authentication Providers from store: [{"id":"github","scopes":["user:email"]},{"id":"microsoft","scopes":["openid","profile","email","offline_access"]}]
2024-11-18 16:52:53.091 [info] Settings Sync: Authentication providers updated ["github","microsoft"]
2024-11-18 16:52:53.092 [info] Settings Sync: Updating authentication providers. Authentication Providers from store: [{"id":"github","scopes":["user:email"]},{"id":"microsoft","scopes":["openid","profile","email","offline_access"]}]
2024-11-18 16:52:53.092 [info] Settings Sync: Authentication providers updated ["github","microsoft"]
2024-11-18 16:52:53.092 [info] Settings Sync: Updating due to declared authentication providers changed
2024-11-18 16:52:53.093 [info] Settings Sync: Updating authentication providers. Authentication Providers from store: [{"id":"github","scopes":["user:email"]},{"id":"microsoft","scopes":["openid","profile","email","offline_access"]}]
2024-11-18 16:52:53.093 [info] Settings Sync: Authentication providers updated ["github","microsoft"]
2024-11-18 16:52:53.870 [info] Settings Sync: Updating authentication providers. Authentication Providers from store: [{"id":"github","scopes":["user:email"]},{"id":"microsoft","scopes":["openid","profile","email","offline_access"]}]
2024-11-18 16:52:53.870 [info] Settings Sync: Authentication providers updated ["github","microsoft"]
2024-11-18 16:52:54.514 [info] Settings Sync: Updating authentication providers. Authentication Providers from store: [{"id":"github","scopes":["user:email"]},{"id":"microsoft","scopes":["openid","profile","email","offline_access"]}]
2024-11-18 16:52:54.515 [info] Settings Sync: Authentication providers updated ["github","microsoft"]
2024-11-18 16:52:54.817 [info] [perf] Render performance baseline is 48ms
2024-11-18 16:54:11.446 [error] [text file model] handleSaveError(2) - exit - resulted in a save error: Error: Unable to write file '/home/felipersas/Documents/dotfiles/scripts/random_wallpaper.sh' (NoPermissions (FileSystemError): Error: EACCES: permission denied, open '/home/felipersas/Documents/dotfiles/scripts/random_wallpaper.sh') file:///home/felipersas/Documents/dotfiles/scripts/random_wallpaper.sh
2024-11-18 16:54:12.828 [error] [text file model] handleSaveError(2) - exit - resulted in a save error: Error: No polkit authentication agent found. file:///home/felipersas/Documents/dotfiles/scripts/random_wallpaper.sh
2024-11-18 16:54:14.059 [error] [text file model] handleSaveError(2) - exit - resulted in a save error: Error: No polkit authentication agent found. file:///home/felipersas/Documents/dotfiles/scripts/random_wallpaper.sh
2024-11-18 16:54:14.954 [error] [text file model] handleSaveError(2) - exit - resulted in a save error: Error: No polkit authentication agent found. file:///home/felipersas/Documents/dotfiles/scripts/random_wallpaper.sh
2024-11-18 16:54:15.687 [error] [text file model] handleSaveError(2) - exit - resulted in a save error: Error: No polkit authentication agent found. file:///home/felipersas/Documents/dotfiles/scripts/random_wallpaper.sh
2024-11-18 16:54:16.252 [error] [text file model] handleSaveError(2) - exit - resulted in a save error: Error: No polkit authentication agent found. file:///home/felipersas/Documents/dotfiles/scripts/random_wallpaper.sh
2024-11-18 16:54:16.636 [error] [text file model] handleSaveError(2) - exit - resulted in a save error: Error: No polkit authentication agent found. file:///home/felipersas/Documents/dotfiles/scripts/random_wallpaper.sh
2024-11-18 16:54:19.769 [error] [text file model] handleSaveError(2) - exit - resulted in a save error: Error: Unable to write file '/home/felipersas/Documents/dotfiles/scripts/random_wallpaper.sh' (NoPermissions (FileSystemError): Error: EACCES: permission denied, open '/home/felipersas/Documents/dotfiles/scripts/random_wallpaper.sh') file:///home/felipersas/Documents/dotfiles/scripts/random_wallpaper.sh
2024-11-18 16:54:21.144 [error] [text file model] handleSaveError(2) - exit - resulted in a save error: Error: No polkit authentication agent found. file:///home/felipersas/Documents/dotfiles/scripts/random_wallpaper.sh
