2024-11-18 16:52:37.194 [info] Added views:outline in workbench.view.explorer
2024-11-18 16:52:37.195 [info] Added views:workbench.view.search in workbench.view.search
2024-11-18 16:52:37.195 [info] Added views:workbench.scm in workbench.view.scm
2024-11-18 16:52:37.195 [info] Added views:workbench.panel.markers.view in workbench.panel.markers
2024-11-18 16:52:37.195 [info] Added views:workbench.panel.output in workbench.panel.output
2024-11-18 16:52:37.195 [info] Added views:terminal in terminal
2024-11-18 16:52:37.195 [info] Added views:timeline in workbench.view.explorer
2024-11-18 16:52:37.195 [info] Added views:workbench.explorer.fileView in workbench.view.explorer
2024-11-18 16:52:37.550 [info] Added views:workbench.debug.welcome in workbench.view.debug
2024-11-18 16:52:38.935 [info] Added views:workbench.panel.repl.view in workbench.panel.repl
2024-11-18 16:52:39.996 [info] Added views:workbench.view.testing in workbench.view.extension.test
2024-11-18 16:52:40.294 [info] Added views:~remote.forwardedPorts in ~remote.forwardedPortsContainer
2024-11-18 16:52:41.874 [info] Added views:workbench.scm.history in workbench.view.scm
2024-11-18 16:52:51.483 [info] Removed views:workbench.scm.history from workbench.view.scm
2024-11-18 16:52:51.486 [info] Removed views:workbench.view.testing from workbench.view.extension.test
2024-11-18 16:52:52.020 [info] Added views:outline in workbench.view.explorer
2024-11-18 16:52:52.020 [info] Added views:workbench.view.search in workbench.view.search
2024-11-18 16:52:52.020 [info] Added views:workbench.scm in workbench.view.scm
2024-11-18 16:52:52.020 [info] Added views:workbench.panel.markers.view in workbench.panel.markers
2024-11-18 16:52:52.020 [info] Added views:workbench.panel.output in workbench.panel.output
2024-11-18 16:52:52.020 [info] Added views:terminal in terminal
2024-11-18 16:52:52.020 [info] Added views:timeline in workbench.view.explorer
2024-11-18 16:52:52.020 [info] Added views:workbench.explorer.fileView in workbench.view.explorer
2024-11-18 16:52:52.737 [info] Added views:workbench.debug.variablesView,workbench.debug.watchExpressionsView,workbench.debug.callStackView,workbench.debug.breakPointsView in workbench.view.debug
2024-11-18 16:52:52.987 [info] Added views:workbench.panel.repl.view in workbench.panel.repl
2024-11-18 16:52:52.990 [info] Removed views:workbench.debug.breakPointsView,workbench.debug.callStackView,workbench.debug.watchExpressionsView,workbench.debug.variablesView from workbench.view.debug
2024-11-18 16:52:52.991 [info] Added views:workbench.debug.welcome in workbench.view.debug
2024-11-18 16:52:53.004 [info] Added views:~remote.forwardedPorts in ~remote.forwardedPortsContainer
