2024-11-04 10:10:42.033 [info] Active editor: file:///home/felipersas/Documents/Problemas-Classicos-de-CC---Livro/search_problems/dna_search.py
2024-11-04 10:10:55.000 [info] /home/felipersas/Documents/Problemas-Classicos-de-CC---Livro/search_problems/dna_search.py closed
2024-11-04 10:10:55.032 [info] Active editor: file:///home/felipersas/Documents/Problemas-Classicos-de-CC---Livro/search_problems/generic_search.py
2024-11-04 10:10:55.054 [info] /home/felipersas/Documents/Problemas-Classicos-de-CC---Livro/search_problems/dna_search.py.git closed
2024-11-04 10:11:04.694 [info] /home/felipersas/Documents/Problemas-Classicos-de-CC---Livro/search_problems/generic_search.py closed
2024-11-04 10:11:04.719 [info] Active editor: file:///home/felipersas/Documents/Problemas-Classicos-de-CC---Livro/search_problems/dna_search.py
2024-11-04 10:11:04.734 [info] /home/felipersas/Documents/Problemas-Classicos-de-CC---Livro/search_problems/generic_search.py.git closed
2024-11-04 10:11:07.842 [info] /home/felipersas/Documents/Problemas-Classicos-de-CC---Livro/search_problems/dna_search.py closed
2024-11-04 10:11:07.865 [info] Active editor: file:///home/felipersas/Documents/Problemas-Classicos-de-CC---Livro/search_problems/maze/maze.py
2024-11-04 10:11:07.877 [info] /home/felipersas/Documents/Problemas-Classicos-de-CC---Livro/search_problems/dna_search.py.git closed
2024-11-04 11:04:28.905 [info] Active editor: file:///home/felipersas/Documents/Problemas-Classicos-de-CC---Livro/search_problems/generic_search.py
2024-11-04 11:04:28.919 [info] /home/felipersas/Documents/Problemas-Classicos-de-CC---Livro/search_problems/maze/maze.py.git closed
2024-11-04 11:18:34.551 [info] Active editor: file:///home/felipersas/Documents/Problemas-Classicos-de-CC---Livro/search_problems/maze/maze.py
2024-11-04 11:18:34.570 [info] /home/felipersas/Documents/Problemas-Classicos-de-CC---Livro/search_problems/generic_search.py.git closed
2024-11-04 11:20:05.397 [info] /home/felipersas/.vscode/extensions/ms-python.vscode-pylance-2024.10.1/dist/typeshed-fallback/stdlib/builtins.pyi closed
2024-11-04 11:20:07.039 [info] /home/felipersas/.vscode/extensions/ms-python.vscode-pylance-2024.10.1/dist/typeshed-fallback/stdlib/builtins.pyi closed
2024-11-04 11:20:16.946 [info] /home/felipersas/Documents/Problemas-Classicos-de-CC---Livro/search_problems/maze/maze.py.git closed
2024-11-04 11:20:21.035 [info] /home/felipersas/.config/Code/User/settings.json closed
2024-11-04 11:20:21.138 [info] Configuration changed
2024-11-04 11:20:21.327 [info] Active editor: file:///home/felipersas/Documents/Problemas-Classicos-de-CC---Livro/search_problems/maze/maze.py
2024-11-04 11:20:30.434 [info] /home/felipersas/Documents/Problemas-Classicos-de-CC---Livro/search_problems/maze/maze.py.git closed
2024-11-04 11:20:32.766 [info] /home/felipersas/.config/Code/User/settings.json closed
2024-11-04 11:20:32.882 [info] Configuration changed
2024-11-04 11:20:33.365 [info] Active editor: file:///home/felipersas/Documents/Problemas-Classicos-de-CC---Livro/search_problems/maze/maze.py
2024-11-04 11:20:35.462 [info] /home/felipersas/Documents/Problemas-Classicos-de-CC---Livro/search_problems/maze/maze.py.git closed
2024-11-04 11:20:37.617 [info] /home/felipersas/.config/Code/User/settings.json closed
2024-11-04 11:20:37.759 [info] Configuration changed
2024-11-04 11:20:37.884 [info] Active editor: file:///home/felipersas/Documents/Problemas-Classicos-de-CC---Livro/search_problems/maze/maze.py
2024-11-04 11:20:38.990 [info] /home/felipersas/Documents/Problemas-Classicos-de-CC---Livro/search_problems/maze/maze.py.git closed
2024-11-04 11:20:40.250 [info] Active editor: file:///home/felipersas/Documents/Problemas-Classicos-de-CC---Livro/search_problems/maze/maze.py
2024-11-04 11:27:09.180 [info] Executing :w
2024-11-04 11:50:37.055 [info] /home/felipersas/Documents/Problemas-Classicos-de-CC---Livro/search_problems/maze/maze.py.git closed
2024-11-04 11:50:40.820 [info] /home/felipersas/.config/Code/User/settings.json closed
2024-11-04 11:50:40.852 [info] Configuration changed
2024-11-04 11:50:43.138 [info] /home/felipersas/.config/Code/User/settings.json closed
2024-11-04 11:50:43.171 [info] Configuration changed
2024-11-04 11:50:45.156 [info] /home/felipersas/.config/Code/User/settings.json closed
2024-11-04 11:50:45.189 [info] Configuration changed
2024-11-04 11:50:48.145 [info] /home/felipersas/.config/Code/User/settings.json closed
2024-11-04 11:50:48.192 [info] Configuration changed
2024-11-04 11:50:48.670 [info] Active editor: file:///home/felipersas/Documents/Problemas-Classicos-de-CC---Livro/search_problems/maze/maze.py
2024-11-04 11:51:31.675 [info] Active editor: output:extension-output-formulahendry.code-runner-%231-Code
2024-11-04 11:51:40.446 [info] Active editor: file:///home/felipersas/Documents/Problemas-Classicos-de-CC---Livro/search_problems/maze/maze.py
2024-11-04 11:51:47.382 [info] Active editor: output:extension-output-formulahendry.code-runner-%231-Code
2024-11-04 12:02:05.024 [info] Active editor: file:///home/felipersas/Documents/Problemas-Classicos-de-CC---Livro/search_problems/maze/maze.py
2024-11-04 12:04:53.089 [info] Active editor: output:extension-output-formulahendry.code-runner-%231-Code
2024-11-04 13:38:29.055 [info] Active editor: file:///home/felipersas/Documents/Problemas-Classicos-de-CC---Livro/search_problems/maze/maze.py
