2024-11-05 05:05:33.327 [info] [main] Log level: Info
2024-11-05 05:05:33.327 [info] [main] Validating found git in: "git"
2024-11-05 05:05:33.327 [info] [main] Using git "2.47.0" from "git"
2024-11-05 05:05:33.327 [info] [Model][doInitialScan] Initial repository scan started
2024-11-05 05:05:33.327 [info] > git rev-parse --show-toplevel [34ms]
2024-11-05 05:05:33.327 [info] > git rev-parse --git-dir --git-common-dir [87ms]
2024-11-05 05:05:33.327 [info] [Model][openRepository] Opened repository: /home/felipersas/Documents/Problemas-Classicos-de-CC---Livro
2024-11-05 05:05:33.404 [info] > git config --get commit.template [68ms]
2024-11-05 05:05:33.421 [info] > git rev-parse --show-toplevel [76ms]
2024-11-05 05:05:33.479 [info] > git rev-parse --show-toplevel [12ms]
2024-11-05 05:05:33.479 [info] > git for-each-ref --format=%(refname)%00%(upstream:short)%00%(objectname)%00%(upstream:track)%00%(upstream:remotename)%00%(upstream:remoteref) refs/heads/main refs/remotes/main [29ms]
2024-11-05 05:05:33.507 [warning] [Git][revParse] Unable to read file: ENOENT: no such file or directory, open '/home/felipersas/Documents/Problemas-Classicos-de-CC---Livro/.git/refs/remotes/origin/main'
2024-11-05 05:05:33.518 [info] > git rev-parse refs/remotes/origin/main [11ms]
2024-11-05 05:05:33.540 [info] > git rev-parse --show-toplevel [42ms]
2024-11-05 05:05:33.623 [info] > git status -z -uall [94ms]
2024-11-05 05:05:33.636 [info] > git for-each-ref --sort -committerdate --format %(refname) %(objectname) %(*objectname) [96ms]
2024-11-05 05:05:33.680 [info] > git for-each-ref --format=%(refname)%00%(upstream:short)%00%(objectname)%00%(upstream:track)%00%(upstream:remotename)%00%(upstream:remoteref) refs/heads/main refs/remotes/main [27ms]
2024-11-05 05:05:33.691 [info] > git rev-parse --show-toplevel [75ms]
2024-11-05 05:05:33.778 [info] > git config --local branch.main.vscode-merge-base [87ms]
2024-11-05 05:05:33.791 [info] > git config --get commit.template [111ms]
2024-11-05 05:05:33.848 [info] > git for-each-ref --format=%(refname)%00%(upstream:short)%00%(objectname)%00%(upstream:track)%00%(upstream:remotename)%00%(upstream:remoteref) refs/heads/origin/main refs/remotes/origin/main [58ms]
2024-11-05 05:05:33.863 [info] > git rev-parse --show-toplevel [88ms]
2024-11-05 05:05:33.893 [info] > git merge-base refs/heads/main refs/remotes/origin/main [32ms]
2024-11-05 05:05:33.929 [info] > git diff --name-status -z --diff-filter=ADMR 9a6679219c2ebdd1756826e2bcf44b30965fbda1...refs/remotes/origin/main [25ms]
2024-11-05 05:05:33.930 [info] > git rev-parse --show-toplevel [39ms]
2024-11-05 05:05:33.930 [info] > git for-each-ref --format=%(refname)%00%(upstream:short)%00%(objectname)%00%(upstream:track)%00%(upstream:remotename)%00%(upstream:remoteref) refs/heads/main refs/remotes/main [48ms]
2024-11-05 05:05:33.948 [warning] [Git][revParse] Unable to read file: ENOENT: no such file or directory, open '/home/felipersas/Documents/Problemas-Classicos-de-CC---Livro/.git/refs/remotes/origin/main'
2024-11-05 05:05:33.949 [info] > git rev-parse --show-toplevel [9ms]
2024-11-05 05:05:33.960 [info] > git rev-parse refs/remotes/origin/main [12ms]
2024-11-05 05:05:33.983 [info] > git status -z -uall [12ms]
2024-11-05 05:05:33.984 [info] > git rev-parse --show-toplevel [25ms]
2024-11-05 05:05:33.987 [info] [Model][doInitialScan] Initial repository scan completed - repositories (1), closed repositories (0), parent repositories (0), unsafe repositories (0)
2024-11-05 05:05:34.036 [info] > git for-each-ref --sort -committerdate --format %(refname) %(objectname) %(*objectname) [55ms]
2024-11-05 05:05:34.129 [info] > git show --textconv :search_problems/maze/maze.py [11ms]
2024-11-05 05:05:34.150 [info] > git ls-files --stage -- /home/felipersas/Documents/Problemas-Classicos-de-CC---Livro/search_problems/maze/maze.py [22ms]
2024-11-05 05:05:34.164 [info] > git cat-file -s 39a060c2c8d9a416a0f7a9b3165a69f5386f7032 [4ms]
2024-11-05 05:05:34.301 [info] > git check-ignore -v -z --stdin [39ms]
2024-11-05 05:05:40.776 [info] > git config --get commit.template [11ms]
2024-11-05 05:05:40.778 [info] > git for-each-ref --format=%(refname)%00%(upstream:short)%00%(objectname)%00%(upstream:track)%00%(upstream:remotename)%00%(upstream:remoteref) refs/heads/main refs/remotes/main [3ms]
2024-11-05 05:05:40.786 [warning] [Git][revParse] Unable to read file: ENOENT: no such file or directory, open '/home/felipersas/Documents/Problemas-Classicos-de-CC---Livro/.git/refs/remotes/origin/main'
2024-11-05 05:05:40.788 [info] > git rev-parse refs/remotes/origin/main [2ms]
2024-11-05 05:05:40.809 [info] > git status -z -uall [11ms]
2024-11-05 05:05:40.810 [info] > git for-each-ref --sort -committerdate --format %(refname) %(objectname) %(*objectname) [2ms]
2024-11-05 05:05:40.868 [info] > git ls-files --stage -- /home/felipersas/Documents/Problemas-Classicos-de-CC---Livro/search_problems/maze/maze.py [2ms]
2024-11-05 05:05:40.878 [info] > git cat-file -s 39a060c2c8d9a416a0f7a9b3165a69f5386f7032 [2ms]
2024-11-05 05:05:40.892 [info] > git show --textconv :search_problems/maze/maze.py [3ms]
2024-11-05 05:05:46.146 [info] > git show --textconv :search_problems/generic_search.py [11ms]
2024-11-05 05:05:46.148 [info] > git ls-files --stage -- /home/felipersas/Documents/Problemas-Classicos-de-CC---Livro/search_problems/generic_search.py [2ms]
2024-11-05 05:05:46.163 [info] > git cat-file -s ec8b5c83dcaecfdfbce612bd16efcb7b529d1ae8 [4ms]
2024-11-05 05:05:58.170 [info] > git for-each-ref --format=%(refname)%00%(upstream:short)%00%(objectname)%00%(upstream:track)%00%(upstream:remotename)%00%(upstream:remoteref) refs/heads/main refs/remotes/main [9ms]
2024-11-05 05:05:58.170 [info] > git config --get commit.template [34ms]
2024-11-05 05:05:58.192 [warning] [Git][revParse] Unable to read file: ENOENT: no such file or directory, open '/home/felipersas/Documents/Problemas-Classicos-de-CC---Livro/.git/refs/remotes/origin/main'
2024-11-05 05:05:58.198 [info] > git rev-parse refs/remotes/origin/main [7ms]
2024-11-05 05:05:58.255 [info] > git status -z -uall [35ms]
2024-11-05 05:05:58.260 [info] > git for-each-ref --sort -committerdate --format %(refname) %(objectname) %(*objectname) [11ms]
2024-11-05 05:05:59.288 [info] > git ls-files --stage -- /home/felipersas/Documents/Problemas-Classicos-de-CC---Livro/search_problems/generic_search.py [4ms]
2024-11-05 05:05:59.309 [info] > git cat-file -s 3307b5ed4b487828163d2adce5c02ae542ff8a7d [5ms]
2024-11-05 05:05:59.335 [info] > git show --textconv :search_problems/generic_search.py [5ms]
2024-11-05 05:06:26.690 [info] > git config --get commit.template [31ms]
2024-11-05 05:06:26.692 [info] > git for-each-ref --format=%(refname)%00%(upstream:short)%00%(objectname)%00%(upstream:track)%00%(upstream:remotename)%00%(upstream:remoteref) refs/heads/main refs/remotes/main [6ms]
2024-11-05 05:06:26.716 [warning] [Git][revParse] Unable to read file: ENOENT: no such file or directory, open '/home/felipersas/Documents/Problemas-Classicos-de-CC---Livro/.git/refs/remotes/origin/main'
2024-11-05 05:06:26.720 [info] > git rev-parse refs/remotes/origin/main [5ms]
2024-11-05 05:06:26.771 [info] > git status -z -uall [29ms]
2024-11-05 05:06:26.775 [info] > git for-each-ref --sort -committerdate --format %(refname) %(objectname) %(*objectname) [6ms]
2024-11-05 05:06:26.820 [info] > git ls-files --stage -- /home/felipersas/Documents/Problemas-Classicos-de-CC---Livro/search_problems/generic_search.py [7ms]
2024-11-05 05:06:26.849 [info] > git cat-file -s 3307b5ed4b487828163d2adce5c02ae542ff8a7d [5ms]
2024-11-05 05:06:26.884 [info] > git show --textconv :search_problems/generic_search.py [8ms]
2024-11-05 05:07:24.320 [info] > git config --get commit.template [33ms]
2024-11-05 05:07:24.355 [info] > git for-each-ref --format=%(refname)%00%(upstream:short)%00%(objectname)%00%(upstream:track)%00%(upstream:remotename)%00%(upstream:remoteref) refs/heads/main refs/remotes/main [8ms]
2024-11-05 05:07:24.378 [warning] [Git][revParse] Unable to read file: ENOENT: no such file or directory, open '/home/felipersas/Documents/Problemas-Classicos-de-CC---Livro/.git/refs/remotes/origin/main'
2024-11-05 05:07:24.384 [info] > git rev-parse refs/remotes/origin/main [6ms]
2024-11-05 05:07:24.433 [info] > git status -z -uall [28ms]
2024-11-05 05:07:24.435 [info] > git for-each-ref --sort -committerdate --format %(refname) %(objectname) %(*objectname) [8ms]
2024-11-05 05:07:24.476 [info] > git merge-base refs/heads/main refs/remotes/origin/main [6ms]
2024-11-05 05:07:24.505 [info] > git diff --name-status -z --diff-filter=ADMR 9a6679219c2ebdd1756826e2bcf44b30965fbda1...refs/remotes/origin/main [6ms]
2024-11-05 05:07:25.458 [info] > git ls-files --stage -- /home/felipersas/Documents/Problemas-Classicos-de-CC---Livro/search_problems/generic_search.py [5ms]
2024-11-05 05:07:25.485 [info] > git cat-file -s 3307b5ed4b487828163d2adce5c02ae542ff8a7d [5ms]
2024-11-05 05:07:25.516 [info] > git show --textconv :search_problems/generic_search.py [6ms]
2024-11-05 05:07:43.777 [info] > git for-each-ref --format=%(refname)%00%(upstream:short)%00%(objectname)%00%(upstream:track)%00%(upstream:remotename)%00%(upstream:remoteref) refs/heads/main refs/remotes/main [34ms]
2024-11-05 05:07:43.778 [info] > git config --get commit.template [63ms]
2024-11-05 05:07:43.838 [info] > git status -z -uall [31ms]
2024-11-05 05:07:43.843 [info] > git for-each-ref --sort -committerdate --format %(refname) %(objectname) %(*objectname) [6ms]
2024-11-05 05:07:43.903 [info] > git merge-base refs/heads/main refs/remotes/origin/main [15ms]
2024-11-05 05:07:43.963 [info] > git diff --name-status -z --diff-filter=ADMR b0614997b7c746895ae3f3ccfcc152105d11c6d8...refs/remotes/origin/main [21ms]
