2024-11-16 17:25:10.040 [info] [main] Log level: Info
2024-11-16 17:25:10.040 [info] [main] Validating found git in: "git"
2024-11-16 17:25:10.040 [info] [main] Using git "2.47.0" from "git"
2024-11-16 17:25:10.040 [info] [Model][doInitialScan] Initial repository scan started
2024-11-16 17:25:10.040 [info] > git rev-parse --show-toplevel [14ms]
2024-11-16 17:25:10.040 [info] fatal: not a git repository (or any parent up to mount point /)
Stopping at filesystem boundary (GIT_DISCOVERY_ACROSS_FILESYSTEM not set).
2024-11-16 17:25:10.040 [info] > git rev-parse --show-toplevel [57ms]
2024-11-16 17:25:10.040 [info] fatal: not a git repository (or any parent up to mount point /)
Stopping at filesystem boundary (GIT_DISCOVERY_ACROSS_FILESYSTEM not set).
2024-11-16 17:25:10.040 [info] > git rev-parse --show-toplevel [5ms]
2024-11-16 17:25:10.040 [info] fatal: not a git repository (or any parent up to mount point /)
Stopping at filesystem boundary (GIT_DISCOVERY_ACROSS_FILESYSTEM not set).
2024-11-16 17:25:10.040 [info] [Model][doInitialScan] Initial repository scan completed - repositories (0), closed repositories (0), parent repositories (0), unsafe repositories (0)
2024-11-16 17:25:10.041 [info] > git rev-parse --show-toplevel [70ms]
2024-11-16 17:25:10.041 [info] fatal: not a git repository (or any parent up to mount point /)
Stopping at filesystem boundary (GIT_DISCOVERY_ACROSS_FILESYSTEM not set).
2024-11-16 17:25:10.181 [info] > git rev-parse --show-toplevel [13ms]
2024-11-16 17:25:10.181 [info] fatal: not a git repository (or any parent up to mount point /)
Stopping at filesystem boundary (GIT_DISCOVERY_ACROSS_FILESYSTEM not set).
2024-11-16 17:25:10.198 [info] > git rev-parse --show-toplevel [2ms]
2024-11-16 17:25:10.198 [info] fatal: not a git repository (or any parent up to mount point /)
Stopping at filesystem boundary (GIT_DISCOVERY_ACROSS_FILESYSTEM not set).
2024-11-16 17:25:10.395 [info] > git rev-parse --show-toplevel [13ms]
2024-11-16 17:25:10.395 [info] fatal: not a git repository (or any parent up to mount point /)
Stopping at filesystem boundary (GIT_DISCOVERY_ACROSS_FILESYSTEM not set).
2024-11-16 17:25:28.577 [info] [main] Log level: Info
2024-11-16 17:25:28.577 [info] [main] Validating found git in: "git"
2024-11-16 17:25:28.577 [info] [main] Using git "2.47.0" from "git"
2024-11-16 17:25:28.577 [info] [Model][doInitialScan] Initial repository scan started
2024-11-16 17:25:28.577 [info] > git rev-parse --show-toplevel [73ms]
2024-11-16 17:25:28.591 [info] > git rev-parse --git-dir --git-common-dir [7ms]
2024-11-16 17:25:28.605 [info] [Model][openRepository] Opened repository: /home/felipersas/Codes/Problemas-Classicos-de-CC---Livro
2024-11-16 17:25:28.622 [info] > git config --get commit.template [6ms]
2024-11-16 17:25:28.675 [info] > git rev-parse --show-toplevel [44ms]
2024-11-16 17:25:28.697 [info] > git for-each-ref --format=%(refname)%00%(upstream:short)%00%(objectname)%00%(upstream:track)%00%(upstream:remotename)%00%(upstream:remoteref) refs/heads/main refs/remotes/main [30ms]
2024-11-16 17:25:28.704 [warning] [Git][revParse] Unable to read file: ENOENT: no such file or directory, open '/home/felipersas/Codes/Problemas-Classicos-de-CC---Livro/.git/refs/remotes/origin/main'
2024-11-16 17:25:28.704 [info] > git rev-parse --show-toplevel [8ms]
2024-11-16 17:25:28.711 [info] > git rev-parse refs/remotes/origin/main [8ms]
2024-11-16 17:25:28.727 [info] > git status -z -uall [8ms]
2024-11-16 17:25:28.729 [info] > git rev-parse --show-toplevel [18ms]
2024-11-16 17:25:28.737 [info] > git for-each-ref --sort -committerdate --format %(refname) %(objectname) %(*objectname) [12ms]
2024-11-16 17:25:28.760 [info] > git for-each-ref --format=%(refname)%00%(upstream:short)%00%(objectname)%00%(upstream:track)%00%(upstream:remotename)%00%(upstream:remoteref) refs/heads/main refs/remotes/main [10ms]
2024-11-16 17:25:28.769 [info] > git rev-parse --show-toplevel [32ms]
2024-11-16 17:25:28.776 [info] > git config --local branch.main.vscode-merge-base [7ms]
2024-11-16 17:25:28.776 [warning] [Git][config] git config failed: Failed to execute git
2024-11-16 17:25:28.782 [info] > git config --get commit.template [23ms]
2024-11-16 17:25:28.783 [info] > git rev-parse --show-toplevel [9ms]
2024-11-16 17:25:28.796 [info] > git for-each-ref --format=%(refname)%00%(upstream:short)%00%(objectname)%00%(upstream:track)%00%(upstream:remotename)%00%(upstream:remoteref) refs/heads/main refs/remotes/main [7ms]
2024-11-16 17:25:28.796 [info] > git reflog main --grep-reflog=branch: Created from *. [15ms]
2024-11-16 17:25:28.805 [warning] [Git][revParse] Unable to read file: ENOENT: no such file or directory, open '/home/felipersas/Codes/Problemas-Classicos-de-CC---Livro/.git/refs/remotes/origin/main'
2024-11-16 17:25:28.805 [info] > git rev-parse --show-toplevel [10ms]
2024-11-16 17:25:28.810 [info] [Model][doInitialScan] Initial repository scan completed - repositories (1), closed repositories (0), parent repositories (0), unsafe repositories (0)
2024-11-16 17:25:28.811 [info] > git rev-parse refs/remotes/origin/main [6ms]
2024-11-16 17:25:28.827 [info] > git symbolic-ref --short refs/remotes/origin/HEAD [26ms]
2024-11-16 17:25:28.848 [info] > git status -z -uall [31ms]
2024-11-16 17:25:28.849 [info] > git for-each-ref --sort -committerdate --format %(refname) %(objectname) %(*objectname) [22ms]
2024-11-16 17:25:28.862 [info] > git for-each-ref --format=%(refname)%00%(upstream:short)%00%(objectname)%00%(upstream:track)%00%(upstream:remotename)%00%(upstream:remoteref) refs/heads/main refs/remotes/main [3ms]
2024-11-16 17:25:28.867 [info] > git for-each-ref --format=%(refname)%00%(upstream:short)%00%(objectname)%00%(upstream:track)%00%(upstream:remotename)%00%(upstream:remoteref) refs/heads/origin/main refs/remotes/origin/main [34ms]
2024-11-16 17:25:28.880 [info] > git config --local branch.main.vscode-merge-base origin/main [7ms]
2024-11-16 17:25:28.881 [info] > git config --local branch.main.vscode-merge-base [14ms]
2024-11-16 17:25:28.881 [warning] [Git][config] git config failed: Failed to execute git
2024-11-16 17:25:28.901 [info] > git config --get commit.template [5ms]
2024-11-16 17:25:28.902 [info] > git reflog main --grep-reflog=branch: Created from *. [13ms]
2024-11-16 17:25:28.911 [info] > git symbolic-ref --short refs/remotes/origin/HEAD [2ms]
2024-11-16 17:25:28.927 [info] > git for-each-ref --format=%(refname)%00%(upstream:short)%00%(objectname)%00%(upstream:track)%00%(upstream:remotename)%00%(upstream:remoteref) refs/heads/origin/main refs/remotes/origin/main [9ms]
2024-11-16 17:25:28.935 [info] > git for-each-ref --format=%(refname)%00%(upstream:short)%00%(objectname)%00%(upstream:track)%00%(upstream:remotename)%00%(upstream:remoteref) refs/heads/main refs/remotes/main [9ms]
2024-11-16 17:25:28.940 [warning] [Git][revParse] Unable to read file: ENOENT: no such file or directory, open '/home/felipersas/Codes/Problemas-Classicos-de-CC---Livro/.git/refs/remotes/origin/main'
2024-11-16 17:25:28.941 [info] > git config --local branch.main.vscode-merge-base origin/main [7ms]
2024-11-16 17:25:28.948 [info] > git rev-parse refs/remotes/origin/main [8ms]
2024-11-16 17:25:28.979 [info] > git merge-base refs/heads/main refs/remotes/origin/main [15ms]
2024-11-16 17:25:28.985 [info] > git for-each-ref --format=%(refname)%00%(upstream:short)%00%(objectname)%00%(upstream:track)%00%(upstream:remotename)%00%(upstream:remoteref) refs/heads/main refs/remotes/main [29ms]
2024-11-16 17:25:28.990 [info] > git config --get commit.template [43ms]
2024-11-16 17:25:28.993 [info] > git config --local branch.main.vscode-merge-base [3ms]
2024-11-16 17:25:28.998 [info] > git diff --name-status -z --diff-filter=ADMR 4e9136fae4fddf9b90f5a9b570d7fc457b6bfb52...refs/remotes/origin/main [13ms]
2024-11-16 17:25:29.004 [info] > git for-each-ref --format=%(refname)%00%(upstream:short)%00%(objectname)%00%(upstream:track)%00%(upstream:remotename)%00%(upstream:remoteref) refs/heads/origin/main refs/remotes/origin/main [6ms]
2024-11-16 17:25:29.005 [info] > git for-each-ref --format=%(refname)%00%(upstream:short)%00%(objectname)%00%(upstream:track)%00%(upstream:remotename)%00%(upstream:remoteref) refs/heads/main refs/remotes/main [1ms]
2024-11-16 17:25:29.011 [warning] [Git][revParse] Unable to read file: ENOENT: no such file or directory, open '/home/felipersas/Codes/Problemas-Classicos-de-CC---Livro/.git/refs/remotes/origin/main'
2024-11-16 17:25:29.013 [info] > git rev-parse refs/remotes/origin/main [2ms]
2024-11-16 17:25:29.025 [info] > git status -z -uall [6ms]
2024-11-16 17:25:29.026 [info] > git for-each-ref --sort -committerdate --format %(refname) %(objectname) %(*objectname) [2ms]
2024-11-16 17:25:29.421 [info] > git check-ignore -v -z --stdin [2ms]
2024-11-16 17:25:30.081 [info] > git config --get commit.template [5ms]
2024-11-16 17:25:30.092 [info] > git for-each-ref --format=%(refname)%00%(upstream:short)%00%(objectname)%00%(upstream:track)%00%(upstream:remotename)%00%(upstream:remoteref) refs/heads/main refs/remotes/main [3ms]
2024-11-16 17:25:30.100 [warning] [Git][revParse] Unable to read file: ENOENT: no such file or directory, open '/home/felipersas/Codes/Problemas-Classicos-de-CC---Livro/.git/refs/remotes/origin/main'
2024-11-16 17:25:30.102 [info] > git rev-parse refs/remotes/origin/main [2ms]
2024-11-16 17:25:30.121 [info] > git status -z -uall [12ms]
2024-11-16 17:25:30.122 [info] > git for-each-ref --sort -committerdate --format %(refname) %(objectname) %(*objectname) [2ms]
2024-11-16 17:25:30.704 [info] > git show --textconv :search_problems/generic_search.py [29ms]
2024-11-16 17:25:30.707 [info] > git ls-files --stage -- /home/felipersas/Codes/Problemas-Classicos-de-CC---Livro/search_problems/generic_search.py [13ms]
2024-11-16 17:25:30.729 [info] > git cat-file -s dfe5aa40b39ec41d243447bccda7a19a69e972ab [7ms]
2024-11-16 17:25:32.016 [info] > git show --textconv :search_problems/maze.py [26ms]
2024-11-16 17:25:32.043 [info] > git ls-files --stage -- /home/felipersas/Codes/Problemas-Classicos-de-CC---Livro/search_problems/maze.py [45ms]
2024-11-16 17:25:32.059 [info] > git cat-file -s 86585c6d1972bde3128eeeb8a2f9268354e07e43 [4ms]
2024-11-16 17:31:53.324 [info] > git check-ignore -v -z --stdin [1ms]
2024-11-16 17:33:35.154 [info] > git show --textconv :search_problems/maze.py [22ms]
2024-11-16 17:33:35.155 [info] > git ls-files --stage -- /home/felipersas/Codes/Problemas-Classicos-de-CC---Livro/search_problems/maze.py [4ms]
2024-11-16 17:33:35.174 [info] > git cat-file -s 86585c6d1972bde3128eeeb8a2f9268354e07e43 [5ms]
2024-11-16 17:33:39.733 [info] > git check-ignore -v -z --stdin [5ms]
2024-11-16 17:36:34.133 [info] > git show --textconv :search_problems/maze.py [27ms]
2024-11-16 17:36:34.135 [info] > git ls-files --stage -- /home/felipersas/Codes/Problemas-Classicos-de-CC---Livro/search_problems/maze.py [3ms]
2024-11-16 17:36:34.159 [info] > git cat-file -s 86585c6d1972bde3128eeeb8a2f9268354e07e43 [6ms]
2024-11-16 17:36:43.060 [info] > git show --textconv :search_problems/generic_search.py [12ms]
2024-11-16 17:36:43.062 [info] > git ls-files --stage -- /home/felipersas/Codes/Problemas-Classicos-de-CC---Livro/search_problems/generic_search.py [3ms]
2024-11-16 17:36:43.074 [info] > git cat-file -s dfe5aa40b39ec41d243447bccda7a19a69e972ab [2ms]
