2024-11-16 12:47:01.355 [warning] Creation of workbench contribution 'workbench.contrib.preferencesActions' took 25ms.
2024-11-16 12:47:01.496 [warning] Creation of workbench contribution 'workbench.contrib.updateExperimentalSettingsDefaults' took 26ms.
2024-11-16 12:47:03.181 [info] Started local extension host with pid 43081.
2024-11-16 12:47:07.421 [error] [Extension Host] TypeError: Cannot read properties of undefined (reading 'packageJSON')
	at m (/home/felipersas/.vscode/extensions/jonathanharty.gruvbox-material-icon-theme-1.1.5/dist/extension.js:1:59422)
	at /home/felipersas/.vscode/extensions/jonathanharty.gruvbox-material-icon-theme-1.1.5/dist/extension.js:1:59088
	at Generator.next (<anonymous>)
	at /home/felipersas/.vscode/extensions/jonathanharty.gruvbox-material-icon-theme-1.1.5/dist/extension.js:1:58625
	at new Promise (<anonymous>)
	at a (/home/felipersas/.vscode/extensions/jonathanharty.gruvbox-material-icon-theme-1.1.5/dist/extension.js:1:58370)
	at t.checkThemeStatus (/home/felipersas/.vscode/extensions/jonathanharty.gruvbox-material-icon-theme-1.1.5/dist/extension.js:1:59018)
	at /home/felipersas/.vscode/extensions/jonathanharty.gruvbox-material-icon-theme-1.1.5/dist/extension.js:1:52529
	at Generator.next (<anonymous>)
	at a (/home/felipersas/.vscode/extensions/jonathanharty.gruvbox-material-icon-theme-1.1.5/dist/extension.js:1:52022)
2024-11-16 12:47:07.423 [error] [Extension Host] TypeError: Cannot read properties of undefined (reading 'packageJSON')
	at t.getConfigProperties (/home/felipersas/.vscode/extensions/jonathanharty.gruvbox-material-icon-theme-1.1.5/dist/extension.js:1:55948)
	at a (/home/felipersas/.vscode/extensions/jonathanharty.gruvbox-material-icon-theme-1.1.5/dist/extension.js:1:53104)
	at t.detectConfigChanges (/home/felipersas/.vscode/extensions/jonathanharty.gruvbox-material-icon-theme-1.1.5/dist/extension.js:1:52934)
	at /home/felipersas/.vscode/extensions/jonathanharty.gruvbox-material-icon-theme-1.1.5/dist/extension.js:1:52624
	at Generator.next (<anonymous>)
	at a (/home/felipersas/.vscode/extensions/jonathanharty.gruvbox-material-icon-theme-1.1.5/dist/extension.js:1:52022)
2024-11-16 12:47:08.605 [info] Settings Sync: Updating authentication providers. Authentication Providers from store: [{"id":"github","scopes":["user:email"]},{"id":"microsoft","scopes":["openid","profile","email","offline_access"]}]
2024-11-16 12:47:08.606 [info] Settings Sync: Authentication providers updated []
2024-11-16 12:47:08.934 [info] Settings Sync: Updating authentication providers. Authentication Providers from store: [{"id":"github","scopes":["user:email"]},{"id":"microsoft","scopes":["openid","profile","email","offline_access"]}]
2024-11-16 12:47:08.935 [info] Settings Sync: Authentication providers updated ["github"]
2024-11-16 12:47:08.936 [info] Settings Sync: Updating authentication providers. Authentication Providers from store: [{"id":"github","scopes":["user:email"]},{"id":"microsoft","scopes":["openid","profile","email","offline_access"]}]
2024-11-16 12:47:08.936 [info] Settings Sync: Authentication providers updated ["github"]
2024-11-16 12:47:08.937 [info] Settings Sync: Updating due to declared authentication providers changed
2024-11-16 12:47:08.938 [info] Settings Sync: Updating authentication providers. Authentication Providers from store: [{"id":"github","scopes":["user:email"]},{"id":"microsoft","scopes":["openid","profile","email","offline_access"]}]
2024-11-16 12:47:08.939 [info] Settings Sync: Authentication providers updated ["github"]
2024-11-16 12:47:08.939 [info] Settings Sync: Updating authentication providers. Authentication Providers from store: [{"id":"github","scopes":["user:email"]},{"id":"microsoft","scopes":["openid","profile","email","offline_access"]}]
2024-11-16 12:47:08.940 [info] Settings Sync: Authentication providers updated ["github","microsoft"]
2024-11-16 12:47:08.941 [info] Settings Sync: Updating authentication providers. Authentication Providers from store: [{"id":"github","scopes":["user:email"]},{"id":"microsoft","scopes":["openid","profile","email","offline_access"]}]
2024-11-16 12:47:08.942 [info] Settings Sync: Authentication providers updated ["github","microsoft"]
2024-11-16 12:47:08.942 [info] Settings Sync: Updating due to declared authentication providers changed
2024-11-16 12:47:08.944 [info] Settings Sync: Updating authentication providers. Authentication Providers from store: [{"id":"github","scopes":["user:email"]},{"id":"microsoft","scopes":["openid","profile","email","offline_access"]}]
2024-11-16 12:47:08.944 [info] Settings Sync: Authentication providers updated ["github","microsoft"]
2024-11-16 12:47:09.118 [info] Settings Sync: Updating authentication providers. Authentication Providers from store: [{"id":"github","scopes":["user:email"]},{"id":"microsoft","scopes":["openid","profile","email","offline_access"]}]
2024-11-16 12:47:09.120 [info] Settings Sync: Authentication providers updated ["github","microsoft"]
2024-11-16 12:47:10.449 [info] Settings Sync: Updating authentication providers. Authentication Providers from store: [{"id":"github","scopes":["user:email"]},{"id":"microsoft","scopes":["openid","profile","email","offline_access"]}]
2024-11-16 12:47:10.450 [info] Settings Sync: Authentication providers updated ["github","microsoft"]
2024-11-16 12:47:10.681 [info] [perf] Render performance baseline is 169ms
