2024-11-05 05:05:28.630 [info] Using settings sync service https://vscode-sync.trafficmanager.net/
2024-11-05 05:05:28.630 [info] Auto Sync is enabled.
2024-11-05 05:05:28.630 [info] Auto Sync: Suspended until auth token is available.
2024-11-05 05:05:34.211 [info] Auto Sync: Triggered by Interval
2024-11-05 05:05:34.212 [info] Sync started.
2024-11-05 05:05:35.208 [info] Settings: No changes found during synchronizing settings.
2024-11-05 05:05:35.215 [info] Keybindings: No changes found during synchronizing keybindings.
2024-11-05 05:05:35.221 [info] Snippets: No changes found during synchronizing snippets.
2024-11-05 05:05:35.225 [info] Tasks: No changes found during synchronizing tasks.
2024-11-05 05:05:35.589 [info] GlobalState: Updated remote ui state. Updated: workbench.activityBar.location,nps/lastSessionDate,nps/sessionCount,cpp.1.lastSessionDate,cpp.1.sessionCount,java.2.lastSessionDate,java.2.sessionCount,javascript.1.lastSessionDate,javascript.1.sessionCount,typescript.1.lastSessionDate,typescript.1.sessionCount,csharp.1.lastSessionDate,csharp.1.sessionCount.
2024-11-05 05:05:35.594 [info] GlobalState: Updated last synchronized ui state
2024-11-05 05:05:35.705 [info] Extensions: No changes found during synchronizing extensions.
2024-11-05 05:05:35.709 [info] Profiles: No changes found during synchronizing profiles.
2024-11-05 05:05:35.712 [info] Sync done. Took 1502ms
2024-11-05 05:07:32.138 [info] Auto Sync: Triggered by Activity
2024-11-05 05:07:32.139 [info] Sync started.
2024-11-05 05:07:32.369 [info] Settings: No changes found during synchronizing settings.
2024-11-05 05:07:32.374 [info] Keybindings: No changes found during synchronizing keybindings.
2024-11-05 05:07:32.380 [info] Snippets: No changes found during synchronizing snippets.
2024-11-05 05:07:32.384 [info] Tasks: No changes found during synchronizing tasks.
2024-11-05 05:07:32.389 [info] GlobalState: No changes found during synchronizing ui state.
2024-11-05 05:07:32.541 [info] Extensions: No changes found during synchronizing extensions.
2024-11-05 05:07:32.545 [info] Profiles: No changes found during synchronizing profiles.
2024-11-05 05:07:32.549 [info] Sync done. Took 410ms
