2024-11-18 16:52:38.297 [info] Using settings sync service https://vscode-sync.trafficmanager.net/
2024-11-18 16:52:38.297 [info] Auto Sync is enabled.
2024-11-18 16:52:38.297 [info] Auto Sync: Suspended until auth token is available.
2024-11-18 16:52:41.347 [info] Auto Sync: Triggered by Interval
2024-11-18 16:52:41.347 [info] Sync started.
2024-11-18 16:52:42.608 [info] Settings: No changes found during synchronizing settings.
2024-11-18 16:52:42.800 [info] Keybindings: No changes found during synchronizing keybindings.
2024-11-18 16:52:42.810 [info] Snippets: No changes found during synchronizing snippets.
2024-11-18 16:52:42.823 [info] Tasks: No changes found during synchronizing tasks.
2024-11-18 16:52:43.345 [info] GlobalState: Updated remote ui state. Updated: cpp.1.lastSessionDate,cpp.1.sessionCount,java.2.lastSessionDate,java.2.sessionCount,javascript.1.lastSessionDate,javascript.1.sessionCount,typescript.1.lastSessionDate,typescript.1.sessionCount,csharp.1.lastSessionDate,csharp.1.sessionCount.
2024-11-18 16:52:43.351 [info] GlobalState: Updated last synchronized ui state
2024-11-18 16:52:43.441 [info] Extensions: No changes found during synchronizing extensions.
2024-11-18 16:52:43.444 [info] Profiles: No changes found during synchronizing profiles.
2024-11-18 16:52:43.457 [info] Sync done. Took 2109ms
2024-11-18 16:52:53.017 [info] Auto Sync: Suspended until auth token is available.
2024-11-18 16:52:53.017 [info] Auto Sync: Stopped
2024-11-18 16:52:54.093 [info] Auto Sync: Triggered by Interval
2024-11-18 16:52:54.093 [info] Sync started.
2024-11-18 16:52:54.233 [info] Settings: No changes found during synchronizing settings.
2024-11-18 16:52:54.237 [info] Keybindings: No changes found during synchronizing keybindings.
2024-11-18 16:52:54.240 [info] Snippets: No changes found during synchronizing snippets.
2024-11-18 16:52:54.244 [info] Tasks: No changes found during synchronizing tasks.
2024-11-18 16:52:54.251 [info] GlobalState: No changes found during synchronizing ui state.
2024-11-18 16:52:54.327 [info] Extensions: No changes found during synchronizing extensions.
2024-11-18 16:52:54.329 [info] Profiles: No changes found during synchronizing profiles.
2024-11-18 16:52:54.330 [info] Sync done. Took 238ms
2024-11-18 16:53:40.564 [info] Auto Sync: Triggered by Activity
2024-11-18 16:53:40.564 [info] Sync started.
2024-11-18 16:53:40.710 [info] Settings: No changes found during synchronizing settings.
2024-11-18 16:53:40.712 [info] Keybindings: No changes found during synchronizing keybindings.
2024-11-18 16:53:40.714 [info] Snippets: No changes found during synchronizing snippets.
2024-11-18 16:53:40.716 [info] Tasks: No changes found during synchronizing tasks.
2024-11-18 16:53:40.720 [info] GlobalState: No changes found during synchronizing ui state.
2024-11-18 16:53:40.767 [info] Extensions: No changes found during synchronizing extensions.
2024-11-18 16:53:40.768 [info] Profiles: No changes found during synchronizing profiles.
2024-11-18 16:53:40.770 [info] Sync done. Took 208ms
2024-11-18 16:53:54.287 [info] Auto Sync: Triggered by Activity
2024-11-18 16:53:54.288 [info] Sync started.
2024-11-18 16:53:54.452 [info] Settings: No changes found during synchronizing settings.
2024-11-18 16:53:54.456 [info] Keybindings: No changes found during synchronizing keybindings.
2024-11-18 16:53:54.460 [info] Snippets: No changes found during synchronizing snippets.
2024-11-18 16:53:54.464 [info] Tasks: No changes found during synchronizing tasks.
2024-11-18 16:53:54.471 [info] GlobalState: No changes found during synchronizing ui state.
2024-11-18 16:53:54.520 [info] Extensions: No changes found during synchronizing extensions.
2024-11-18 16:53:54.524 [info] Profiles: No changes found during synchronizing profiles.
2024-11-18 16:53:54.525 [info] Sync done. Took 243ms
2024-11-18 16:54:22.753 [info] Auto Sync: Triggered by Activity
2024-11-18 16:54:22.754 [info] Sync started.
2024-11-18 16:54:22.940 [info] Settings: No changes found during synchronizing settings.
2024-11-18 16:54:22.949 [info] Keybindings: No changes found during synchronizing keybindings.
2024-11-18 16:54:22.958 [info] Snippets: No changes found during synchronizing snippets.
2024-11-18 16:54:22.968 [info] Tasks: No changes found during synchronizing tasks.
2024-11-18 16:54:22.977 [info] GlobalState: No changes found during synchronizing ui state.
2024-11-18 16:54:23.028 [info] Extensions: No changes found during synchronizing extensions.
2024-11-18 16:54:23.029 [info] Profiles: No changes found during synchronizing profiles.
2024-11-18 16:54:23.030 [info] Sync done. Took 280ms
