2024-11-06 16:15:01.836 [info] Reading sessions from keychain...
2024-11-06 16:15:01.836 [info] Getting sessions for all scopes...
2024-11-06 16:15:01.836 [info] Getting sessions for all scopes...
2024-11-06 16:15:01.836 [info] Getting sessions for all scopes...
2024-11-06 16:15:01.836 [info] Getting sessions for user:email...
2024-11-06 16:15:01.836 [info] Got stored sessions!
2024-11-06 16:15:01.836 [info] Got 2 verified sessions.
2024-11-06 16:15:01.836 [info] Got 2 sessions for ...
2024-11-06 16:15:01.836 [info] Got 2 sessions for ...
2024-11-06 16:15:01.836 [info] Got 2 sessions for ...
2024-11-06 16:15:01.836 [info] Got 1 sessions for user:email...
2024-11-06 16:15:01.836 [info] Getting sessions for user:email...
2024-11-06 16:15:01.836 [info] Got 1 sessions for user:email...
2024-11-06 16:15:01.836 [info] Getting sessions for user:email...
2024-11-06 16:15:01.836 [info] Got 1 sessions for user:email...
2024-11-06 16:15:01.836 [info] Getting sessions for read:user,repo,user:email...
2024-11-06 16:15:01.836 [info] Got 0 sessions for read:user,repo,user:email...
2024-11-06 16:15:01.947 [info] Getting sessions for read:user,repo,user:email,workflow...
2024-11-06 16:15:01.947 [info] Got 1 sessions for read:user,repo,user:email,workflow...
2024-11-06 16:15:02.400 [info] Getting sessions for read:user,repo,user:email,workflow...
2024-11-06 16:15:02.401 [info] Got 1 sessions for read:user,repo,user:email,workflow...
