2024-11-18 16:52:41.864 [info] Reading sessions from keychain...
2024-11-18 16:52:41.864 [info] Getting sessions for all scopes...
2024-11-18 16:52:41.864 [info] Getting sessions for all scopes...
2024-11-18 16:52:41.864 [info] Getting sessions for all scopes...
2024-11-18 16:52:41.864 [info] Getting sessions for user:email...
2024-11-18 16:52:41.864 [info] Got stored sessions!
2024-11-18 16:52:41.864 [info] Got 2 verified sessions.
2024-11-18 16:52:41.864 [info] Got 2 sessions for ...
2024-11-18 16:52:41.864 [info] Got 2 sessions for ...
2024-11-18 16:52:41.864 [info] Got 2 sessions for ...
2024-11-18 16:52:41.864 [info] Got 1 sessions for user:email...
2024-11-18 16:52:41.864 [info] Getting sessions for user:email...
2024-11-18 16:52:41.864 [info] Got 1 sessions for user:email...
2024-11-18 16:52:41.864 [info] Getting sessions for user:email...
2024-11-18 16:52:41.864 [info] Got 1 sessions for user:email...
2024-11-18 16:52:41.864 [info] Getting sessions for user:email...
2024-11-18 16:52:41.864 [info] Got 1 sessions for user:email...
2024-11-18 16:52:41.930 [info] Getting sessions for user:email...
2024-11-18 16:52:41.930 [info] Got 1 sessions for user:email...
2024-11-18 16:52:42.140 [info] Getting sessions for read:user,repo,user:email,workflow...
2024-11-18 16:52:42.140 [info] Got 1 sessions for read:user,repo,user:email,workflow...
2024-11-18 16:52:43.020 [info] Getting sessions for read:user,repo,user:email,workflow...
2024-11-18 16:52:43.020 [info] Got 1 sessions for read:user,repo,user:email,workflow...
2024-11-18 16:52:54.258 [info] Reading sessions from keychain...
2024-11-18 16:52:54.259 [info] Getting sessions for all scopes...
2024-11-18 16:52:54.259 [info] Getting sessions for all scopes...
2024-11-18 16:52:54.259 [info] Getting sessions for all scopes...
2024-11-18 16:52:54.259 [info] Getting sessions for user:email...
2024-11-18 16:52:54.259 [info] Getting sessions for user:email...
2024-11-18 16:52:54.259 [info] Getting sessions for user:email...
2024-11-18 16:52:54.259 [info] Got stored sessions!
2024-11-18 16:52:54.259 [info] Got 2 verified sessions.
2024-11-18 16:52:54.259 [info] Got 2 sessions for ...
2024-11-18 16:52:54.259 [info] Got 2 sessions for ...
2024-11-18 16:52:54.259 [info] Got 2 sessions for ...
2024-11-18 16:52:54.259 [info] Got 1 sessions for user:email...
2024-11-18 16:52:54.259 [info] Got 1 sessions for user:email...
2024-11-18 16:52:54.259 [info] Got 1 sessions for user:email...
2024-11-18 16:52:54.515 [info] Getting sessions for user:email...
2024-11-18 16:52:54.515 [info] Got 1 sessions for user:email...
2024-11-18 16:52:54.518 [info] Getting sessions for user:email...
2024-11-18 16:52:54.518 [info] Got 1 sessions for user:email...
2024-11-18 16:52:54.649 [info] Getting sessions for all scopes...
2024-11-18 16:52:54.649 [info] Got 2 sessions for ...
