2024-11-06 16:14:56.047 [info] Using settings sync service https://vscode-sync.trafficmanager.net/
2024-11-06 16:14:56.047 [info] Auto Sync is enabled.
2024-11-06 16:14:56.047 [info] Auto Sync: Suspended until auth token is available.
2024-11-06 16:15:01.673 [info] Auto Sync: Triggered by Interval
2024-11-06 16:15:01.673 [info] Sync started.
2024-11-06 16:15:02.944 [info] Settings: Updated local settings
2024-11-06 16:15:02.953 [info] Settings: Updated last synchronized settings
2024-11-06 16:15:02.967 [info] Keybindings: No changes found during synchronizing keybindings.
2024-11-06 16:15:02.975 [info] Snippets: No changes found during synchronizing snippets.
2024-11-06 16:15:02.982 [info] Tasks: No changes found during synchronizing tasks.
2024-11-06 16:15:03.439 [info] GlobalState: Updated global state ["workbench.activityBar.location","workbench.statusbar.hidden","workbench.welcomePage.walkthroughMetadata"]
2024-11-06 16:15:03.439 [info] GlobalState: Updated local ui state
2024-11-06 16:15:03.910 [info] GlobalState: Updated remote ui state. Updated: nps/lastSessionDate,nps/sessionCount,cpp.1.lastSessionDate,cpp.1.sessionCount,java.2.lastSessionDate,java.2.sessionCount,javascript.1.lastSessionDate,javascript.1.sessionCount,typescript.1.lastSessionDate,typescript.1.sessionCount,csharp.1.lastSessionDate,csharp.1.sessionCount.
2024-11-06 16:15:03.911 [info] GlobalState: Updated last synchronized ui state
2024-11-06 16:15:04.624 [info] Extensions: Disabled extension katsute.code-background 3.0.2
2024-11-06 16:15:04.996 [info] Extensions: Updated remote extensions. Updated: ["katsute.code-background"].
2024-11-06 16:15:05.005 [info] Extensions: Updated last synchronized extensions. Skipped: ["undefined_publisher.wallbash"].
2024-11-06 16:15:05.011 [info] Profiles: No changes found during synchronizing profiles.
2024-11-06 16:15:05.018 [info] Sync done. Took 3346ms
2024-11-06 16:15:08.875 [info] Auto Sync: Triggered by Activity
2024-11-06 16:15:08.876 [info] Sync started.
2024-11-06 16:15:09.250 [info] Settings: No changes found during synchronizing settings.
2024-11-06 16:15:09.259 [info] Keybindings: No changes found during synchronizing keybindings.
2024-11-06 16:15:09.268 [info] Snippets: No changes found during synchronizing snippets.
2024-11-06 16:15:09.275 [info] Tasks: No changes found during synchronizing tasks.
2024-11-06 16:15:09.286 [info] GlobalState: No changes found during synchronizing ui state.
2024-11-06 16:15:09.796 [info] Extensions: Updated remote extensions. Updated: ["eamodio.gitlens"].
2024-11-06 16:15:09.804 [info] Extensions: Updated last synchronized extensions. Skipped: ["undefined_publisher.wallbash"].
2024-11-06 16:15:09.810 [info] Profiles: No changes found during synchronizing profiles.
2024-11-06 16:15:09.814 [info] Sync done. Took 941ms
2024-11-06 16:19:47.937 [info] Auto Sync: Triggered by Activity
2024-11-06 16:19:47.938 [info] Sync started.
2024-11-06 16:19:48.722 [info] Settings: No changes found during synchronizing settings.
2024-11-06 16:19:48.732 [info] Keybindings: No changes found during synchronizing keybindings.
2024-11-06 16:19:48.743 [info] Snippets: No changes found during synchronizing snippets.
2024-11-06 16:19:48.751 [info] Tasks: No changes found during synchronizing tasks.
2024-11-06 16:19:48.764 [info] GlobalState: No changes found during synchronizing ui state.
2024-11-06 16:19:48.930 [info] Extensions: No changes found during synchronizing extensions.
2024-11-06 16:19:48.932 [info] Profiles: No changes found during synchronizing profiles.
2024-11-06 16:19:48.934 [info] Sync done. Took 1000ms
2024-11-06 16:23:31.448 [info] Auto Sync: Triggered by Activity
2024-11-06 16:23:31.448 [info] Sync started.
2024-11-06 16:23:32.073 [info] Settings: No changes found during synchronizing settings.
2024-11-06 16:23:32.086 [info] Keybindings: No changes found during synchronizing keybindings.
2024-11-06 16:23:32.095 [info] Snippets: No changes found during synchronizing snippets.
2024-11-06 16:23:32.104 [info] Tasks: No changes found during synchronizing tasks.
2024-11-06 16:23:32.112 [info] GlobalState: No changes found during synchronizing ui state.
2024-11-06 16:23:32.181 [info] Extensions: No changes found during synchronizing extensions.
2024-11-06 16:23:32.182 [info] Profiles: No changes found during synchronizing profiles.
2024-11-06 16:23:32.184 [info] Sync done. Took 737ms
2024-11-06 16:24:05.824 [info] Auto Sync: Triggered by Activity
2024-11-06 16:24:05.825 [info] Sync started.
2024-11-06 16:24:05.983 [info] Settings: No changes found during synchronizing settings.
2024-11-06 16:24:05.992 [info] Keybindings: No changes found during synchronizing keybindings.
2024-11-06 16:24:06.002 [info] Snippets: No changes found during synchronizing snippets.
2024-11-06 16:24:06.010 [info] Tasks: No changes found during synchronizing tasks.
2024-11-06 16:24:06.020 [info] GlobalState: No changes found during synchronizing ui state.
2024-11-06 16:24:06.081 [info] Extensions: No changes found during synchronizing extensions.
2024-11-06 16:24:06.082 [info] Profiles: No changes found during synchronizing profiles.
2024-11-06 16:24:06.083 [info] Sync done. Took 263ms
2024-11-06 16:25:15.463 [info] Auto Sync: Triggered by Activity
2024-11-06 16:25:15.464 [info] Sync started.
2024-11-06 16:25:15.623 [info] Settings: No changes found during synchronizing settings.
2024-11-06 16:25:15.631 [info] Keybindings: No changes found during synchronizing keybindings.
2024-11-06 16:25:15.641 [info] Snippets: No changes found during synchronizing snippets.
2024-11-06 16:25:15.649 [info] Tasks: No changes found during synchronizing tasks.
2024-11-06 16:25:15.658 [info] GlobalState: No changes found during synchronizing ui state.
2024-11-06 16:25:15.722 [info] Extensions: No changes found during synchronizing extensions.
2024-11-06 16:25:15.725 [info] Profiles: No changes found during synchronizing profiles.
2024-11-06 16:25:15.727 [info] Sync done. Took 266ms
2024-11-06 16:30:15.743 [info] Auto Sync: Triggered by Interval
2024-11-06 16:30:15.744 [info] Sync started.
2024-11-06 16:30:16.338 [info] Settings: No changes found during synchronizing settings.
2024-11-06 16:30:16.341 [info] Keybindings: No changes found during synchronizing keybindings.
2024-11-06 16:30:16.343 [info] Snippets: No changes found during synchronizing snippets.
2024-11-06 16:30:16.345 [info] Tasks: No changes found during synchronizing tasks.
2024-11-06 16:30:16.349 [info] GlobalState: No changes found during synchronizing ui state.
2024-11-06 16:30:16.425 [info] Extensions: No changes found during synchronizing extensions.
2024-11-06 16:30:16.429 [info] Profiles: No changes found during synchronizing profiles.
2024-11-06 16:30:16.430 [info] Sync done. Took 691ms
2024-11-06 16:33:43.209 [info] Auto Sync: Triggered by Activity
2024-11-06 16:33:43.210 [info] Sync started.
2024-11-06 16:33:43.805 [info] Settings: No changes found during synchronizing settings.
2024-11-06 16:33:43.812 [info] Keybindings: No changes found during synchronizing keybindings.
2024-11-06 16:33:43.815 [info] Snippets: No changes found during synchronizing snippets.
2024-11-06 16:33:43.818 [info] Tasks: No changes found during synchronizing tasks.
2024-11-06 16:33:43.822 [info] GlobalState: No changes found during synchronizing ui state.
2024-11-06 16:33:43.898 [info] Extensions: No changes found during synchronizing extensions.
2024-11-06 16:33:43.900 [info] Profiles: No changes found during synchronizing profiles.
2024-11-06 16:33:43.901 [info] Sync done. Took 694ms
2024-11-06 16:36:07.789 [info] Auto Sync: Triggered by Activity
2024-11-06 16:36:07.790 [info] Sync started.
2024-11-06 16:36:08.402 [info] Settings: No changes found during synchronizing settings.
2024-11-06 16:36:08.414 [info] Keybindings: No changes found during synchronizing keybindings.
2024-11-06 16:36:08.420 [info] Snippets: No changes found during synchronizing snippets.
2024-11-06 16:36:08.424 [info] Tasks: No changes found during synchronizing tasks.
2024-11-06 16:36:08.428 [info] GlobalState: No changes found during synchronizing ui state.
2024-11-06 16:36:08.526 [info] Extensions: No changes found during synchronizing extensions.
2024-11-06 16:36:08.527 [info] Profiles: No changes found during synchronizing profiles.
2024-11-06 16:36:08.528 [info] Sync done. Took 742ms
2024-11-06 16:38:39.076 [info] Auto Sync: Triggered by Activity
2024-11-06 16:38:39.077 [info] Sync started.
2024-11-06 16:38:39.715 [info] Settings: No changes found during synchronizing settings.
2024-11-06 16:38:39.720 [info] Keybindings: No changes found during synchronizing keybindings.
2024-11-06 16:38:39.723 [info] Snippets: No changes found during synchronizing snippets.
2024-11-06 16:38:39.726 [info] Tasks: No changes found during synchronizing tasks.
2024-11-06 16:38:39.730 [info] GlobalState: No changes found during synchronizing ui state.
2024-11-06 16:38:39.803 [info] Extensions: No changes found during synchronizing extensions.
2024-11-06 16:38:39.804 [info] Profiles: No changes found during synchronizing profiles.
2024-11-06 16:38:39.805 [info] Sync done. Took 732ms
2024-11-06 16:41:00.599 [info] Auto Sync: Triggered by Activity
2024-11-06 16:41:00.600 [info] Sync started.
2024-11-06 16:41:01.225 [info] Settings: No changes found during synchronizing settings.
2024-11-06 16:41:01.234 [info] Keybindings: No changes found during synchronizing keybindings.
2024-11-06 16:41:01.244 [info] Snippets: No changes found during synchronizing snippets.
2024-11-06 16:41:01.249 [info] Tasks: No changes found during synchronizing tasks.
2024-11-06 16:41:01.255 [info] GlobalState: No changes found during synchronizing ui state.
2024-11-06 16:41:01.323 [info] Extensions: No changes found during synchronizing extensions.
2024-11-06 16:41:01.324 [info] Profiles: No changes found during synchronizing profiles.
2024-11-06 16:41:01.325 [info] Sync done. Took 729ms
2024-11-06 16:42:46.592 [info] Auto Sync: Triggered by Activity
2024-11-06 16:42:46.593 [info] Sync started.
2024-11-06 16:42:46.757 [info] Settings: No changes found during synchronizing settings.
2024-11-06 16:42:46.766 [info] Keybindings: No changes found during synchronizing keybindings.
2024-11-06 16:42:46.775 [info] Snippets: No changes found during synchronizing snippets.
2024-11-06 16:42:46.779 [info] Tasks: No changes found during synchronizing tasks.
2024-11-06 16:42:46.784 [info] GlobalState: No changes found during synchronizing ui state.
2024-11-06 16:42:46.843 [info] Extensions: No changes found during synchronizing extensions.
2024-11-06 16:42:46.844 [info] Profiles: No changes found during synchronizing profiles.
2024-11-06 16:42:46.845 [info] Sync done. Took 255ms
2024-11-06 16:45:37.355 [info] Auto Sync: Triggered by Activity
2024-11-06 16:45:37.356 [info] Sync started.
2024-11-06 16:45:37.962 [info] Settings: No changes found during synchronizing settings.
2024-11-06 16:45:37.971 [info] Keybindings: No changes found during synchronizing keybindings.
2024-11-06 16:45:37.982 [info] Snippets: No changes found during synchronizing snippets.
2024-11-06 16:45:37.989 [info] Tasks: No changes found during synchronizing tasks.
2024-11-06 16:45:37.997 [info] GlobalState: No changes found during synchronizing ui state.
2024-11-06 16:45:38.061 [info] Extensions: No changes found during synchronizing extensions.
2024-11-06 16:45:38.064 [info] Profiles: No changes found during synchronizing profiles.
2024-11-06 16:45:38.065 [info] Sync done. Took 713ms
2024-11-06 16:45:52.746 [info] Auto Sync: Triggered by Activity
2024-11-06 16:45:52.747 [info] Sync started.
2024-11-06 16:45:53.517 [info] Settings: No changes found during synchronizing settings.
2024-11-06 16:45:53.520 [info] Keybindings: No changes found during synchronizing keybindings.
2024-11-06 16:45:53.522 [info] Snippets: No changes found during synchronizing snippets.
2024-11-06 16:45:53.524 [info] Tasks: No changes found during synchronizing tasks.
2024-11-06 16:45:53.527 [info] GlobalState: No changes found during synchronizing ui state.
2024-11-06 16:45:53.594 [info] Extensions: No changes found during synchronizing extensions.
2024-11-06 16:45:53.594 [info] Profiles: No changes found during synchronizing profiles.
2024-11-06 16:45:53.595 [info] Sync done. Took 852ms
2024-11-06 16:50:53.600 [info] Auto Sync: Triggered by Interval
2024-11-06 16:50:53.601 [info] Sync started.
2024-11-06 16:50:54.208 [info] Settings: No changes found during synchronizing settings.
2024-11-06 16:50:54.218 [info] Keybindings: No changes found during synchronizing keybindings.
2024-11-06 16:50:54.227 [info] Snippets: No changes found during synchronizing snippets.
2024-11-06 16:50:54.234 [info] Tasks: No changes found during synchronizing tasks.
2024-11-06 16:50:54.243 [info] GlobalState: No changes found during synchronizing ui state.
2024-11-06 16:50:54.314 [info] Extensions: No changes found during synchronizing extensions.
2024-11-06 16:50:54.315 [info] Profiles: No changes found during synchronizing profiles.
2024-11-06 16:50:54.316 [info] Sync done. Took 719ms
2024-11-06 16:51:45.765 [info] Auto Sync: Triggered by Activity
2024-11-06 16:51:45.766 [info] Sync started.
2024-11-06 16:51:45.926 [info] Settings: No changes found during synchronizing settings.
2024-11-06 16:51:45.935 [info] Keybindings: No changes found during synchronizing keybindings.
2024-11-06 16:51:45.944 [info] Snippets: No changes found during synchronizing snippets.
2024-11-06 16:51:45.951 [info] Tasks: No changes found during synchronizing tasks.
2024-11-06 16:51:45.961 [info] GlobalState: No changes found during synchronizing ui state.
2024-11-06 16:51:46.030 [info] Extensions: No changes found during synchronizing extensions.
2024-11-06 16:51:46.031 [info] Profiles: No changes found during synchronizing profiles.
2024-11-06 16:51:46.032 [info] Sync done. Took 269ms
2024-11-06 16:56:46.079 [info] Auto Sync: Triggered by Interval
2024-11-06 16:56:46.080 [info] Sync started.
2024-11-06 16:56:46.932 [info] Settings: No changes found during synchronizing settings.
2024-11-06 16:56:46.942 [info] Keybindings: No changes found during synchronizing keybindings.
2024-11-06 16:56:46.950 [info] Snippets: No changes found during synchronizing snippets.
2024-11-06 16:56:46.956 [info] Tasks: No changes found during synchronizing tasks.
2024-11-06 16:56:46.966 [info] GlobalState: No changes found during synchronizing ui state.
2024-11-06 16:56:47.153 [info] Extensions: No changes found during synchronizing extensions.
2024-11-06 16:56:47.155 [info] Profiles: No changes found during synchronizing profiles.
2024-11-06 16:56:47.157 [info] Sync done. Took 1080ms
2024-11-06 16:57:01.393 [info] Auto Sync: Triggered by Activity
2024-11-06 16:57:01.396 [info] Sync started.
2024-11-06 16:57:01.612 [info] Settings: No changes found during synchronizing settings.
2024-11-06 16:57:01.621 [info] Keybindings: No changes found during synchronizing keybindings.
2024-11-06 16:57:01.630 [info] Snippets: No changes found during synchronizing snippets.
2024-11-06 16:57:01.636 [info] Tasks: No changes found during synchronizing tasks.
2024-11-06 16:57:01.646 [info] GlobalState: No changes found during synchronizing ui state.
2024-11-06 16:57:01.780 [info] Extensions: No changes found during synchronizing extensions.
2024-11-06 16:57:01.781 [info] Profiles: No changes found during synchronizing profiles.
2024-11-06 16:57:01.782 [info] Sync done. Took 391ms
2024-11-06 17:02:01.789 [info] Auto Sync: Triggered by Interval
2024-11-06 17:02:01.790 [info] Sync started.
2024-11-06 17:02:02.570 [info] Settings: No changes found during synchronizing settings.
2024-11-06 17:02:02.580 [info] Keybindings: No changes found during synchronizing keybindings.
2024-11-06 17:02:02.591 [info] Snippets: No changes found during synchronizing snippets.
2024-11-06 17:02:02.597 [info] Tasks: No changes found during synchronizing tasks.
2024-11-06 17:02:02.608 [info] GlobalState: No changes found during synchronizing ui state.
2024-11-06 17:02:02.925 [info] Extensions: No changes found during synchronizing extensions.
2024-11-06 17:02:02.929 [info] Profiles: No changes found during synchronizing profiles.
2024-11-06 17:02:02.934 [info] Sync done. Took 1144ms
2024-11-06 17:07:02.939 [info] Auto Sync: Triggered by Interval
2024-11-06 17:07:02.941 [info] Sync started.
2024-11-06 17:07:03.734 [info] Settings: No changes found during synchronizing settings.
2024-11-06 17:07:03.744 [info] Keybindings: No changes found during synchronizing keybindings.
2024-11-06 17:07:03.752 [info] Snippets: No changes found during synchronizing snippets.
2024-11-06 17:07:03.765 [info] Tasks: No changes found during synchronizing tasks.
2024-11-06 17:07:03.775 [info] GlobalState: No changes found during synchronizing ui state.
2024-11-06 17:07:03.929 [info] Extensions: No changes found during synchronizing extensions.
2024-11-06 17:07:03.932 [info] Profiles: No changes found during synchronizing profiles.
2024-11-06 17:07:03.934 [info] Sync done. Took 998ms
2024-11-06 17:07:40.956 [info] Auto Sync: Triggered by Activity
2024-11-06 17:07:40.957 [info] Sync started.
2024-11-06 17:07:41.143 [info] Settings: No changes found during synchronizing settings.
2024-11-06 17:07:41.151 [info] Keybindings: No changes found during synchronizing keybindings.
2024-11-06 17:07:41.160 [info] Snippets: No changes found during synchronizing snippets.
2024-11-06 17:07:41.167 [info] Tasks: No changes found during synchronizing tasks.
2024-11-06 17:07:41.176 [info] GlobalState: No changes found during synchronizing ui state.
2024-11-06 17:07:41.544 [info] Extensions: No changes found during synchronizing extensions.
2024-11-06 17:07:41.545 [info] Profiles: No changes found during synchronizing profiles.
2024-11-06 17:07:41.547 [info] Sync done. Took 593ms
2024-11-06 17:12:41.552 [info] Auto Sync: Triggered by Interval
2024-11-06 17:12:41.553 [info] Sync started.
2024-11-06 17:12:42.483 [info] Settings: No changes found during synchronizing settings.
2024-11-06 17:12:42.494 [info] Keybindings: No changes found during synchronizing keybindings.
2024-11-06 17:12:42.503 [info] Snippets: No changes found during synchronizing snippets.
2024-11-06 17:12:42.509 [info] Tasks: No changes found during synchronizing tasks.
2024-11-06 17:12:42.518 [info] GlobalState: No changes found during synchronizing ui state.
2024-11-06 17:12:42.802 [info] Extensions: No changes found during synchronizing extensions.
2024-11-06 17:12:42.806 [info] Profiles: No changes found during synchronizing profiles.
2024-11-06 17:12:42.811 [info] Sync done. Took 1261ms
2024-11-06 17:17:42.814 [info] Auto Sync: Triggered by Interval
2024-11-06 17:17:42.814 [info] Sync started.
2024-11-06 17:17:43.644 [info] Settings: No changes found during synchronizing settings.
2024-11-06 17:17:43.654 [info] Keybindings: No changes found during synchronizing keybindings.
2024-11-06 17:17:43.662 [info] Snippets: No changes found during synchronizing snippets.
2024-11-06 17:17:43.669 [info] Tasks: No changes found during synchronizing tasks.
2024-11-06 17:17:43.679 [info] GlobalState: No changes found during synchronizing ui state.
2024-11-06 17:17:43.845 [info] Extensions: No changes found during synchronizing extensions.
2024-11-06 17:17:43.846 [info] Profiles: No changes found during synchronizing profiles.
2024-11-06 17:17:43.847 [info] Sync done. Took 1036ms
2024-11-06 17:22:02.352 [info] Auto Sync: Triggered by Activity
2024-11-06 17:22:02.352 [info] Sync started.
2024-11-06 17:22:03.204 [info] Settings: No changes found during synchronizing settings.
2024-11-06 17:22:03.208 [info] Keybindings: No changes found during synchronizing keybindings.
2024-11-06 17:22:03.211 [info] Snippets: No changes found during synchronizing snippets.
2024-11-06 17:22:03.215 [info] Tasks: No changes found during synchronizing tasks.
2024-11-06 17:22:03.219 [info] GlobalState: No changes found during synchronizing ui state.
2024-11-06 17:22:03.345 [info] Extensions: No changes found during synchronizing extensions.
2024-11-06 17:22:03.347 [info] Profiles: No changes found during synchronizing profiles.
2024-11-06 17:22:03.349 [info] Sync done. Took 999ms
2024-11-06 17:24:08.028 [info] Auto Sync: Triggered by Activity
2024-11-06 17:24:08.029 [info] Sync started.
2024-11-06 17:24:08.246 [info] Settings: No changes found during synchronizing settings.
2024-11-06 17:24:08.255 [info] Keybindings: No changes found during synchronizing keybindings.
2024-11-06 17:24:08.264 [info] Snippets: No changes found during synchronizing snippets.
2024-11-06 17:24:08.271 [info] Tasks: No changes found during synchronizing tasks.
2024-11-06 17:24:08.284 [info] GlobalState: No changes found during synchronizing ui state.
2024-11-06 17:24:08.554 [info] Extensions: No changes found during synchronizing extensions.
2024-11-06 17:24:08.556 [info] Profiles: No changes found during synchronizing profiles.
2024-11-06 17:24:08.557 [info] Sync done. Took 525ms
2024-11-06 17:24:43.506 [info] Auto Sync: Triggered by Activity
2024-11-06 17:24:43.507 [info] Sync started.
2024-11-06 17:24:43.693 [info] Settings: No changes found during synchronizing settings.
2024-11-06 17:24:43.698 [info] Keybindings: No changes found during synchronizing keybindings.
2024-11-06 17:24:43.701 [info] Snippets: No changes found during synchronizing snippets.
2024-11-06 17:24:43.704 [info] Tasks: No changes found during synchronizing tasks.
2024-11-06 17:24:43.708 [info] GlobalState: No changes found during synchronizing ui state.
2024-11-06 17:24:43.797 [info] Extensions: No changes found during synchronizing extensions.
2024-11-06 17:24:43.799 [info] Profiles: No changes found during synchronizing profiles.
2024-11-06 17:24:43.801 [info] Sync done. Took 295ms
2024-11-06 17:29:43.834 [info] Auto Sync: Triggered by Interval
2024-11-06 17:29:43.835 [info] Sync started.
2024-11-06 17:29:44.527 [info] Settings: No changes found during synchronizing settings.
2024-11-06 17:29:44.536 [info] Keybindings: No changes found during synchronizing keybindings.
2024-11-06 17:29:44.544 [info] Snippets: No changes found during synchronizing snippets.
2024-11-06 17:29:44.550 [info] Tasks: No changes found during synchronizing tasks.
2024-11-06 17:29:44.558 [info] GlobalState: No changes found during synchronizing ui state.
2024-11-06 17:29:44.726 [info] Extensions: No changes found during synchronizing extensions.
2024-11-06 17:29:44.727 [info] Profiles: No changes found during synchronizing profiles.
2024-11-06 17:29:44.729 [info] Sync done. Took 896ms
2024-11-06 17:30:25.746 [info] Auto Sync: Triggered by Activity
2024-11-06 17:30:25.746 [info] Sync started.
2024-11-06 17:30:25.926 [info] Settings: No changes found during synchronizing settings.
2024-11-06 17:30:25.934 [info] Keybindings: No changes found during synchronizing keybindings.
2024-11-06 17:30:25.942 [info] Snippets: No changes found during synchronizing snippets.
2024-11-06 17:30:25.948 [info] Tasks: No changes found during synchronizing tasks.
2024-11-06 17:30:25.966 [info] GlobalState: No changes found during synchronizing ui state.
2024-11-06 17:30:26.169 [info] Extensions: No changes found during synchronizing extensions.
2024-11-06 17:30:26.171 [info] Profiles: No changes found during synchronizing profiles.
2024-11-06 17:30:26.173 [info] Sync done. Took 430ms
2024-11-06 17:30:57.542 [info] Auto Sync: Triggered by Activity
2024-11-06 17:30:57.543 [info] Sync started.
2024-11-06 17:30:57.716 [info] Settings: No changes found during synchronizing settings.
2024-11-06 17:30:57.740 [info] Keybindings: No changes found during synchronizing keybindings.
2024-11-06 17:30:57.749 [info] Snippets: No changes found during synchronizing snippets.
2024-11-06 17:30:57.756 [info] Tasks: No changes found during synchronizing tasks.
2024-11-06 17:30:57.770 [info] GlobalState: No changes found during synchronizing ui state.
2024-11-06 17:30:57.936 [info] Extensions: No changes found during synchronizing extensions.
2024-11-06 17:30:57.943 [info] Profiles: No changes found during synchronizing profiles.
2024-11-06 17:30:57.944 [info] Sync done. Took 405ms
2024-11-06 17:31:36.683 [info] Auto Sync: Triggered by Activity
2024-11-06 17:31:36.686 [info] Sync started.
2024-11-06 17:31:36.891 [info] Settings: No changes found during synchronizing settings.
2024-11-06 17:31:36.904 [info] Keybindings: No changes found during synchronizing keybindings.
2024-11-06 17:31:36.914 [info] Snippets: No changes found during synchronizing snippets.
2024-11-06 17:31:36.922 [info] Tasks: No changes found during synchronizing tasks.
2024-11-06 17:31:36.933 [info] GlobalState: No changes found during synchronizing ui state.
2024-11-06 17:31:37.184 [info] Extensions: No changes found during synchronizing extensions.
2024-11-06 17:31:37.190 [info] Profiles: No changes found during synchronizing profiles.
2024-11-06 17:31:37.195 [info] Sync done. Took 513ms
2024-11-06 17:31:51.239 [info] Auto Sync: Triggered by Activity
2024-11-06 17:31:51.240 [info] Sync started.
2024-11-06 17:31:51.402 [info] Settings: No changes found during synchronizing settings.
2024-11-06 17:31:51.410 [info] Keybindings: No changes found during synchronizing keybindings.
2024-11-06 17:31:51.418 [info] Snippets: No changes found during synchronizing snippets.
2024-11-06 17:31:51.426 [info] Tasks: No changes found during synchronizing tasks.
2024-11-06 17:31:51.437 [info] GlobalState: No changes found during synchronizing ui state.
2024-11-06 17:31:51.603 [info] Extensions: No changes found during synchronizing extensions.
2024-11-06 17:31:51.604 [info] Profiles: No changes found during synchronizing profiles.
2024-11-06 17:31:51.606 [info] Sync done. Took 369ms
2024-11-06 17:32:56.027 [info] Auto Sync: Triggered by Activity
2024-11-06 17:32:56.028 [info] Sync started.
2024-11-06 17:32:56.190 [info] Settings: No changes found during synchronizing settings.
2024-11-06 17:32:56.199 [info] Keybindings: No changes found during synchronizing keybindings.
2024-11-06 17:32:56.209 [info] Snippets: No changes found during synchronizing snippets.
2024-11-06 17:32:56.216 [info] Tasks: No changes found during synchronizing tasks.
2024-11-06 17:32:56.226 [info] GlobalState: No changes found during synchronizing ui state.
2024-11-06 17:32:56.382 [info] Extensions: No changes found during synchronizing extensions.
2024-11-06 17:32:56.384 [info] Profiles: No changes found during synchronizing profiles.
2024-11-06 17:32:56.386 [info] Sync done. Took 361ms
2024-11-06 17:34:01.864 [info] Auto Sync: Triggered by Activity
2024-11-06 17:34:01.864 [info] Sync started.
2024-11-06 17:34:02.092 [info] Settings: No changes found during synchronizing settings.
2024-11-06 17:34:02.096 [info] Keybindings: No changes found during synchronizing keybindings.
2024-11-06 17:34:02.099 [info] Snippets: No changes found during synchronizing snippets.
2024-11-06 17:34:02.102 [info] Tasks: No changes found during synchronizing tasks.
2024-11-06 17:34:02.106 [info] GlobalState: No changes found during synchronizing ui state.
2024-11-06 17:34:02.218 [info] Extensions: No changes found during synchronizing extensions.
2024-11-06 17:34:02.224 [info] Profiles: No changes found during synchronizing profiles.
2024-11-06 17:34:02.226 [info] Sync done. Took 363ms
2024-11-06 17:34:04.381 [info] Auto Sync: Triggered by Activity
2024-11-06 17:34:04.381 [info] Sync started.
2024-11-06 17:34:04.653 [info] Settings: No changes found during synchronizing settings.
2024-11-06 17:34:04.657 [info] Keybindings: No changes found during synchronizing keybindings.
2024-11-06 17:34:04.662 [info] Snippets: No changes found during synchronizing snippets.
2024-11-06 17:34:04.666 [info] Tasks: No changes found during synchronizing tasks.
2024-11-06 17:34:05.165 [info] GlobalState: Updated remote ui state. Added: tabs-list-width-horizontal.
2024-11-06 17:34:05.214 [info] GlobalState: Updated last synchronized ui state
2024-11-06 17:34:05.465 [info] Extensions: No changes found during synchronizing extensions.
2024-11-06 17:34:05.468 [info] Profiles: No changes found during synchronizing profiles.
2024-11-06 17:34:05.470 [info] Sync done. Took 1090ms
2024-11-06 17:34:08.213 [info] Auto Sync: Triggered by Activity
2024-11-06 17:34:08.214 [info] Sync started.
2024-11-06 17:34:08.478 [info] Settings: No changes found during synchronizing settings.
2024-11-06 17:34:08.481 [info] Keybindings: No changes found during synchronizing keybindings.
2024-11-06 17:34:08.484 [info] Snippets: No changes found during synchronizing snippets.
2024-11-06 17:34:08.487 [info] Tasks: No changes found during synchronizing tasks.
2024-11-06 17:34:08.842 [info] GlobalState: Updated remote ui state. Updated: tabs-list-width-horizontal.
2024-11-06 17:34:08.847 [info] GlobalState: Updated last synchronized ui state
2024-11-06 17:34:08.908 [info] Extensions: No changes found during synchronizing extensions.
2024-11-06 17:34:08.911 [info] Profiles: No changes found during synchronizing profiles.
2024-11-06 17:34:08.912 [info] Sync done. Took 699ms
2024-11-06 17:34:56.876 [info] Auto Sync: Triggered by Activity
2024-11-06 17:34:56.876 [info] Sync started.
2024-11-06 17:34:57.092 [info] Settings: No changes found during synchronizing settings.
2024-11-06 17:34:57.101 [info] Keybindings: No changes found during synchronizing keybindings.
2024-11-06 17:34:57.110 [info] Snippets: No changes found during synchronizing snippets.
2024-11-06 17:34:57.117 [info] Tasks: No changes found during synchronizing tasks.
2024-11-06 17:34:57.128 [info] GlobalState: No changes found during synchronizing ui state.
2024-11-06 17:34:57.275 [info] Extensions: No changes found during synchronizing extensions.
2024-11-06 17:34:57.276 [info] Profiles: No changes found during synchronizing profiles.
2024-11-06 17:34:57.277 [info] Sync done. Took 405ms
2024-11-06 17:36:14.013 [info] Auto Sync: Triggered by Activity
2024-11-06 17:36:14.014 [info] Sync started.
2024-11-06 17:36:14.210 [info] Settings: No changes found during synchronizing settings.
2024-11-06 17:36:14.220 [info] Keybindings: No changes found during synchronizing keybindings.
2024-11-06 17:36:14.229 [info] Snippets: No changes found during synchronizing snippets.
2024-11-06 17:36:14.237 [info] Tasks: No changes found during synchronizing tasks.
2024-11-06 17:36:14.249 [info] GlobalState: No changes found during synchronizing ui state.
2024-11-06 17:36:14.445 [info] Extensions: No changes found during synchronizing extensions.
2024-11-06 17:36:14.452 [info] Profiles: No changes found during synchronizing profiles.
2024-11-06 17:36:14.454 [info] Sync done. Took 444ms
2024-11-06 17:36:44.126 [info] Auto Sync: Triggered by Activity
2024-11-06 17:36:44.126 [info] Sync started.
2024-11-06 17:36:44.288 [info] Settings: No changes found during synchronizing settings.
2024-11-06 17:36:44.297 [info] Keybindings: No changes found during synchronizing keybindings.
2024-11-06 17:36:44.306 [info] Snippets: No changes found during synchronizing snippets.
2024-11-06 17:36:44.313 [info] Tasks: No changes found during synchronizing tasks.
2024-11-06 17:36:44.323 [info] GlobalState: No changes found during synchronizing ui state.
2024-11-06 17:36:44.473 [info] Extensions: No changes found during synchronizing extensions.
2024-11-06 17:36:44.474 [info] Profiles: No changes found during synchronizing profiles.
2024-11-06 17:36:44.476 [info] Sync done. Took 352ms
