2024-11-16 17:25:07.555 [info] Added views:outline in workbench.view.explorer
2024-11-16 17:25:07.556 [info] Added views:workbench.view.search in workbench.view.search
2024-11-16 17:25:07.556 [info] Added views:workbench.scm in workbench.view.scm
2024-11-16 17:25:07.556 [info] Added views:workbench.panel.markers.view in workbench.panel.markers
2024-11-16 17:25:07.556 [info] Added views:workbench.panel.output in workbench.panel.output
2024-11-16 17:25:07.556 [info] Added views:terminal in terminal
2024-11-16 17:25:07.556 [info] Added views:timeline in workbench.view.explorer
2024-11-16 17:25:07.556 [info] Added views:workbench.explorer.fileView in workbench.view.explorer
2024-11-16 17:25:07.874 [info] Added views:workbench.debug.welcome in workbench.view.debug
2024-11-16 17:25:09.080 [info] Added views:workbench.panel.repl.view in workbench.panel.repl
2024-11-16 17:25:09.761 [info] Added views:~remote.forwardedPorts in ~remote.forwardedPortsContainer
2024-11-16 17:25:26.624 [info] Added views:outline in workbench.view.explorer
2024-11-16 17:25:26.624 [info] Added views:workbench.view.search in workbench.view.search
2024-11-16 17:25:26.624 [info] Added views:workbench.scm in workbench.view.scm
2024-11-16 17:25:26.624 [info] Added views:workbench.panel.markers.view in workbench.panel.markers
2024-11-16 17:25:26.624 [info] Added views:workbench.panel.output in workbench.panel.output
2024-11-16 17:25:26.624 [info] Added views:terminal in terminal
2024-11-16 17:25:26.624 [info] Added views:timeline in workbench.view.explorer
2024-11-16 17:25:26.624 [info] Added views:workbench.explorer.fileView in workbench.view.explorer
2024-11-16 17:25:26.829 [info] Added views:workbench.debug.variablesView,workbench.debug.watchExpressionsView,workbench.debug.callStackView,workbench.debug.breakPointsView in workbench.view.debug
2024-11-16 17:25:27.575 [info] Added views:~remote.forwardedPorts in ~remote.forwardedPortsContainer
2024-11-16 17:25:27.761 [info] Added views:workbench.panel.repl.view in workbench.panel.repl
2024-11-16 17:25:27.764 [info] Removed views:workbench.debug.breakPointsView,workbench.debug.callStackView,workbench.debug.watchExpressionsView,workbench.debug.variablesView from workbench.view.debug
2024-11-16 17:25:27.765 [info] Added views:workbench.debug.welcome in workbench.view.debug
2024-11-16 17:25:28.600 [info] Added views:workbench.scm.history in workbench.view.scm
2024-11-16 17:25:30.842 [info] Added views:workbench.view.testing in workbench.view.extension.test
2024-11-16 17:31:54.132 [info] Added views:workbench.views.extensions.installed,workbench.views.extensions.popular,extensions.recommendedList in workbench.view.extensions
2024-11-16 17:31:54.141 [info] Removed views:workbench.views.extensions.popular from workbench.view.extensions
2024-11-16 17:31:56.613 [info] Removed views:extensions.recommendedList,workbench.views.extensions.installed from workbench.view.extensions
2024-11-16 17:31:56.628 [info] Added views:workbench.views.extensions.marketplace in workbench.view.extensions
2024-11-16 17:32:24.822 [info] Removed views:workbench.views.extensions.marketplace from workbench.view.extensions
2024-11-16 17:32:24.849 [info] Added views:workbench.views.extensions.installed,extensions.recommendedList in workbench.view.extensions
2024-11-16 17:32:26.331 [info] Removed views:extensions.recommendedList,workbench.views.extensions.installed from workbench.view.extensions
2024-11-16 17:32:26.347 [info] Added views:workbench.views.extensions.marketplace in workbench.view.extensions
2024-11-16 17:36:27.274 [info] Removed views:workbench.views.extensions.marketplace from workbench.view.extensions
2024-11-16 17:36:27.292 [info] Added views:workbench.views.extensions.installed,extensions.recommendedList in workbench.view.extensions
2024-11-16 17:36:29.155 [info] Removed views:extensions.recommendedList,workbench.views.extensions.installed from workbench.view.extensions
2024-11-16 17:36:29.166 [info] Added views:workbench.views.extensions.marketplace in workbench.view.extensions
2024-11-16 17:36:38.277 [info] Removed views:workbench.views.extensions.marketplace from workbench.view.extensions
2024-11-16 17:36:38.292 [info] Added views:workbench.views.extensions.installed,extensions.recommendedList in workbench.view.extensions
