[Running] python -u "/home/felipersas/Documents/Problemas-Classicos-de-CC---Livro/search_problems/maze/maze.py"
S  X  X  X   X
 X     X   
X         
         
  X X    X  
        X X
    X     
X X        
      X  X X
X       X  G


[Done] exited with code=0 in 0.148 seconds

[Running] python -u "/home/felipersas/Documents/Problemas-Classicos-de-CC---Livro/search_problems/maze/maze.py"
Traceback (most recent call last):
  File "/home/felipersas/Documents/Problemas-Classicos-de-CC---Livro/search_problems/maze/maze.py", line 6, in <module>
    from generic_search import Node, dfs, node_to_path
ModuleNotFoundError: No module named 'generic_search'

[Done] exited with code=1 in 0.163 seconds

[Running] python -u "/home/felipersas/Documents/Problemas-Classicos-de-CC---Livro/search_problems/maze/maze.py"
Traceback (most recent call last):
  File "/home/felipersas/Documents/Problemas-Classicos-de-CC---Livro/search_problems/maze/maze.py", line 6, in <module>
    from ..generic_search import Node, dfs, node_to_path
ImportError: attempted relative import with no known parent package

[Done] exited with code=1 in 0.157 seconds

[Running] python -u "/home/felipersas/Documents/Problemas-Classicos-de-CC---Livro/search_problems/maze.py"
S  X      X 
   X X     
 X X     X  X
     X X   
    X   X  X
        X 
       X  X
         
 X        X
      X   G

S  X      X 
*   X X     
* X X     X  X
* * * *  X X   
   * X   X  X
* * * *     X 
*       X  X
* * * * * * * * * 
 X       * X
      X  * G


[Done] exited with code=0 in 0.203 seconds

[Running] python -u "/home/felipersas/Documents/Problemas-Classicos-de-CC---Livro/search_problems/maze.py"
S  X  X   X X 
X         
 X        
         
      X   
   X X   X  X
     X X   
    X   X  
    X X    X
         G

S * X  X   X X 
X * * * * * * * * *
 X        *
* * * * * * * * * *
*      X   
* * * X X   X  X
  * *  X X   
   * X   X  
   * X X    X
   * * * * * * G


[Done] exited with code=0 in 0.181 seconds

[Running] python -u "/home/felipersas/Documents/Problemas-Classicos-de-CC---Livro/search_problems/maze.py"
S         
 X        
  X       
X  X     X  
         X
      X X  
     X  X  
X   X     X 
  X  X     
 X   X X    G

S * * * * * * * * *
 X        *
  X * * * * * * *
X  X *    X  
* * * *  * * * * X
*    * * X X * *
* * * * * X  X  *
X   X     X *
  X  X     *
 X   X X    G


[Done] exited with code=0 in 0.168 seconds

[Running] python -u "/home/felipersas/Documents/Problemas-Classicos-de-CC---Livro/search_problems/maze.py"
S   X X     
X X   X     X
  X X X     X
     X X   X
  X      X 
X   X    X X X
X         X
  X       
X X        
 X        G

No solution found using depth-first search!

[Done] exited with code=0 in 0.146 seconds

[Running] python -u "/home/felipersas/Documents/Problemas-Classicos-de-CC---Livro/search_problems/maze.py"
S    X X  X  X
    X     
    X     
  X  X     
X  X  X X  X  
     X   X 
     X    
       X  
  X   X X   
         G

S * * * X X  X  X
   * X     
 * * * X     
 * X  X     
X * X  X X  X  
* *    X   X 
*     X * * * *
* * * * * * * X  *
  X   X X   *
         G


[Done] exited with code=0 in 0.169 seconds

[Running] python -u "/home/felipersas/Documents/Problemas-Classicos-de-CC---Livro/search_problems/maze.py"
S X        
X      X   
 X    X X   
       X  X
     X  X X 
  X       
   X  X   X 
         
         
X     X    G

No solution found using depth-first search!

[Done] exited with code=0 in 0.153 seconds

[Running] python -u "/home/felipersas/Documents/Problemas-Classicos-de-CC---Livro/search_problems/maze.py"
S X   X  X X  X
        X 
      X  X 
  X X    X  
  X  X     
         
         
 X X    X  X 
  X      X 
X   X  X  X  G

S X   X  X X  X
* * * * * *   X 
     * X  X 
  X X  * * X  
  X  X  * * * *
         *
         *
 X X    X  X *
  X      X *
X   X  X  X  G


[Done] exited with code=0 in 0.173 seconds

[Running] python -u "/home/felipersas/Documents/Problemas-Classicos-de-CC---Livro/search_problems/maze.py"
S   X      
  X X   X   
 X        
   X      
   X      
   X      
         
         
       X  
X         G

S   X      
O  X X   X   
O X O O O O O O O O
O O O X      O
   X O O O O O O
   X O     
O O O O O     
O      O O O O
O O O O O O O X  O
X         G


[Done] exited with code=0 in 0.165 seconds

[Running] python -u "/home/felipersas/Documents/Problemas-Classicos-de-CC---Livro/search_problems/maze.py"
S   X      
   X      X
 X        
         
  X      X 
X     X    
X     X    
    X     
         
    X   X  G

S O O X      
  O X      X
 X O O O O O O O O
         O
  X O O O O  X O
X O O O  X O O O O
X O    X    
O O   X     
O   O O O O O O O
O O O O X   X  G


[Done] exited with code=0 in 0.176 seconds

[Running] python -u "/home/felipersas/Documents/Problemas-Classicos-de-CC---Livro/search_problems/maze.py"
SX
XX
XX
XXXXX
XX
X
XX
XX
X
XG

S*******X
X*X
X*X
XXX*XX
XX**
X******
**XX
*XX****
*******X*
XG


[Done] exited with code=0 in 0.157 seconds

[Running] python -u "/home/felipersas/Documents/Problemas-Classicos-de-CC---Livro/search_problems/maze.py"
SXX
XXX
X
XX
X
X
X
XXX
XX
XXG

S**XX
X*XX
***X
*XX
*X********
***X*
X*
XXX*
XX*
XXG


[Done] exited with code=0 in 0.184 seconds

[Running] python -u "/home/felipersas/Documents/Problemas-Classicos-de-CC---Livro/search_problems/maze.py"
S_X______X_X_
________X_X
_X_______X_X
_X________X
_____X__X__X
_X________
__X_X_X_____X
X_X____X____
_____X____
X_________G

S_X______X_X_
*_*_*_*_*_*_*_*_X_X
_X______*_X_X
_X_*_*_*_*_*_*__X
__*___X__X__X
_X_*_*_*_*_*_*_*_
__X_X_X____*_X
X_X____X_*_*_*_
_____X_*___
X______*_*_*_G


[Done] exited with code=0 in 0.167 seconds

[Running] python -u "/home/felipersas/Documents/Problemas-Classicos-de-CC---Livro/search_problems/maze.py"
SXXX
XXXX
XXX
XX
XX
X
XX

XX
XXXXG

S****XXX
XXX***X
X*XX
*******XX
*XX
****X*****
X***X*
***
X*X
XXXX**G


[Done] exited with code=0 in 0.258 seconds

[Running] python -u "/home/felipersas/Documents/Problemas-Classicos-de-CC---Livro/search_problems/maze.py"
S
XXXX
X
XXX
XX
XXX
XX
XXXX

XG

S******
X*XXX
X**
XX*X
X***X
XX*X
X******X
XX*XX
********
XG


[Done] exited with code=0 in 0.169 seconds

