2024-11-04 10:04:21.344 [info] Reading sessions from keychain...
2024-11-04 10:04:21.344 [info] Getting sessions for all scopes...
2024-11-04 10:04:21.344 [info] Getting sessions for all scopes...
2024-11-04 10:04:21.344 [info] Getting sessions for all scopes...
2024-11-04 10:04:21.344 [info] Got 0 sessions for ...
2024-11-04 10:04:21.344 [info] Got 0 sessions for ...
2024-11-04 10:04:21.344 [info] Got 0 sessions for ...
2024-11-04 10:04:21.344 [info] Getting sessions for read:user,repo,user:email,workflow...
2024-11-04 10:04:21.344 [info] Got 0 sessions for read:user,repo,user:email,workflow...
2024-11-04 10:09:02.891 [info] Getting sessions for user:email...
2024-11-04 10:09:02.891 [info] Got 0 sessions for user:email...
2024-11-04 10:09:07.557 [info] Logging in with 'any' account...
2024-11-04 10:09:07.557 [info] Logging in for the following scopes: user:email
2024-11-04 10:09:07.574 [info] Trying without local server... (user:email)
2024-11-04 10:09:08.549 [info] Logging in with 'any' account...
2024-11-04 10:09:08.549 [info] Logging in for the following scopes: user:email
2024-11-04 10:09:08.553 [info] Trying without local server... (user:email)
2024-11-04 10:09:08.820 [info] Logging in with 'any' account...
2024-11-04 10:09:08.820 [info] Logging in for the following scopes: user:email
2024-11-04 10:09:08.875 [info] Trying without local server... (user:email)
2024-11-04 10:09:17.295 [info] Exchanging code for token...
2024-11-04 10:09:17.296 [info] Exchanging code for token...
2024-11-04 10:09:17.297 [info] Exchanging code for token...
2024-11-04 10:09:17.610 [info] Token exchange success!
2024-11-04 10:09:17.613 [info] Getting user info...
2024-11-04 10:09:17.614 [info] Token exchange success!
2024-11-04 10:09:17.615 [info] Getting user info...
2024-11-04 10:09:17.738 [info] Token exchange success!
2024-11-04 10:09:17.739 [info] Getting user info...
2024-11-04 10:09:17.879 [error] Getting account info failed: Bad credentials
2024-11-04 10:09:17.890 [error] Error: Bad credentials
	at a.GitHubServer.getUserInfo (/opt/visual-studio-code/resources/app/extensions/github-authentication/dist/extension.js:1:235939)
	at process.processTicksAndRejections (node:internal/process/task_queues:95:5)
	at async a.GitHubAuthenticationProvider.tokenToSession (/opt/visual-studio-code/resources/app/extensions/github-authentication/dist/extension.js:1:229458)
	at async a.GitHubAuthenticationProvider.createSession (/opt/visual-studio-code/resources/app/extensions/github-authentication/dist/extension.js:1:228799)
	at async tw.$createSession (file:///opt/visual-studio-code/resources/app/out/vs/workbench/api/node/extensionHostProcess.js:116:3467)
2024-11-04 10:09:17.993 [info] Got account info!
2024-11-04 10:09:17.995 [info] Storing 1 sessions...
2024-11-04 10:09:17.997 [error] Getting account info failed: Bad credentials
2024-11-04 10:09:17.999 [error] Error: Bad credentials
	at a.GitHubServer.getUserInfo (/opt/visual-studio-code/resources/app/extensions/github-authentication/dist/extension.js:1:235939)
	at process.processTicksAndRejections (node:internal/process/task_queues:95:5)
	at async a.GitHubAuthenticationProvider.tokenToSession (/opt/visual-studio-code/resources/app/extensions/github-authentication/dist/extension.js:1:229458)
	at async a.GitHubAuthenticationProvider.createSession (/opt/visual-studio-code/resources/app/extensions/github-authentication/dist/extension.js:1:228799)
	at async tw.$createSession (file:///opt/visual-studio-code/resources/app/out/vs/workbench/api/node/extensionHostProcess.js:116:3467)
2024-11-04 10:09:32.797 [error] Setting token failed: Canceled: Canceled
2024-11-04 10:09:32.797 [info] Stored 1 sessions!
2024-11-04 10:09:32.798 [info] Login success!
